[INFO]--2022-03-25 15:00:29,116-logger.py->__console->logger line:46: find__ 点击"关闭广告弹框",定位方法: id-->com.mmc.fengshui.pass:id/vDialogLeftClose line31
[INFO]--2022-03-25 15:00:29,733-logger.py->__console->logger line:46: find__ 点击"关闭抽签广告",定位方法: id-->com.mmc.fengshui.pass:id/vDialogRightClose line31
[INFO]--2022-03-25 15:00:30,830-logger.py->__console->logger line:46: find__ 点击"关闭家居风水广告",定位方法: id-->com.mmc.fengshui.pass:id/vDialogClose line31
[INFO]--2022-03-25 15:00:34,019-logger.py->__console->logger line:46: find__ 点击"点击课程tab",定位方法: id-->com.mmc.fengshui.pass:id/vBCNavigationTab5 line31
[INFO]--2022-03-25 15:00:37,097-logger.py->__console->logger line:46: find__ 点击"点击头像",定位方法: id-->com.mmc.fengshui.pass:id/ivUserAvatar line31
[INFO]--2022-03-25 15:00:40,323-logger.py->__console->logger line:46: find__ 点击"点击本机号码登录",定位方法: text-->本机号码一键登录 line31
[INFO]--2022-03-25 15:00:43,763-logger.py->__console->logger line:46: find__ 点击"点击服务协议",定位方法: text-->《服务协议》 line31
[INFO]--2022-03-25 15:00:51,458-logger.py->__console->logger line:46: find__ 点击"点击隐私政策",定位方法: text-->《隐私政策》 line31
[INFO]--2022-03-25 15:00:57,775-logger.py->__console->logger line:46: find__ 点击"点击其他方式登录",定位方法: text-->其他方式登录 line31
[INFO]--2022-03-25 15:00:59,892-logger.py->__console->logger line:46: find__ 点击"点击注册",定位方法: text-->注册 line31
[INFO]--2022-03-25 15:01:02,047-logger.py->__console->logger line:46: find__ 点击"点击地区",定位方法: id-->com.mmc.fengshui.pass:id/linghit_login_phone_number_area_btn line31
[INFO]--2022-03-25 15:01:03,128-logger.py->__console->logger line:46: find__ 点击"点击选择中国大陆",定位方法: text-->中国大陆 +86 line31
[INFO]--2022-03-25 15:01:06,797-logger.py->__console->logger line:46: find__ 点击"点击确认注册",定位方法: id-->com.mmc.fengshui.pass:id/linghit_login_confirm_btn line31
[INFO]--2022-03-25 15:01:09,882-logger.py->__console->logger line:46: find__ 点击"点击勾选用户协议",定位方法: id-->com.mmc.fengshui.pass:id/linghit_login_accept_ck line31
[INFO]--2022-03-25 15:01:10,933-logger.py->__console->logger line:46: find__ 点击"点击确认注册",定位方法: id-->com.mmc.fengshui.pass:id/linghit_login_confirm_btn line31
[INFO]--2022-03-25 15:01:14,018-logger.py->__console->logger line:46: find__ 点击"输入手机号",定位方法: id-->com.mmc.fengshui.pass:id/linghit_login_phone_number_et line31
[INFO]--2022-03-25 15:01:15,569-logger.py->__console->logger line:46: find__ 点击"点击确认注册",定位方法: id-->com.mmc.fengshui.pass:id/linghit_login_confirm_btn line31
[INFO]--2022-03-25 15:01:17,653-logger.py->__console->logger line:46: find__ 点击"输入手机号",定位方法: id-->com.mmc.fengshui.pass:id/linghit_login_phone_number_et line31
[INFO]--2022-03-25 15:01:20,266-logger.py->__console->logger line:46: find__ 点击"输入手机号",定位方法: id-->com.mmc.fengshui.pass:id/linghit_login_phone_number_et line31
[INFO]--2022-03-25 15:01:21,832-logger.py->__console->logger line:46: find__ 点击"点击确认注册",定位方法: id-->com.mmc.fengshui.pass:id/linghit_login_confirm_btn line31
[INFO]--2022-03-25 15:01:23,917-logger.py->__console->logger line:46: find__ 点击"输入手机号",定位方法: id-->com.mmc.fengshui.pass:id/linghit_login_phone_number_et line31
[INFO]--2022-03-25 15:01:26,572-logger.py->__console->logger line:46: find__ 点击"输入手机号",定位方法: id-->com.mmc.fengshui.pass:id/linghit_login_phone_number_et line31
[INFO]--2022-03-25 15:01:28,207-logger.py->__console->logger line:46: find__ 点击"输入验证码",定位方法: id-->com.mmc.fengshui.pass:id/linghit_login_virfy_number_et line31
[INFO]--2022-03-25 15:01:28,766-logger.py->__console->logger line:46: find__ 点击"点击确认注册",定位方法: id-->com.mmc.fengshui.pass:id/linghit_login_confirm_btn line31
[INFO]--2022-03-25 15:01:31,325-logger.py->__console->logger line:46: find__ 点击"输入手机号",定位方法: id-->com.mmc.fengshui.pass:id/linghit_login_phone_number_et line31
[INFO]--2022-03-25 15:01:31,877-logger.py->__console->logger line:46: find__ 点击"输入验证码",定位方法: id-->com.mmc.fengshui.pass:id/linghit_login_virfy_number_et line31
[INFO]--2022-03-25 15:01:34,776-logger.py->__console->logger line:46: find__ 点击"输入手机号",定位方法: id-->com.mmc.fengshui.pass:id/linghit_login_phone_number_et line31
[INFO]--2022-03-25 15:01:36,319-logger.py->__console->logger line:46: find__ 点击"输入验证码",定位方法: id-->com.mmc.fengshui.pass:id/linghit_login_virfy_number_et line31
[INFO]--2022-03-25 15:01:37,882-logger.py->__console->logger line:46: find__ 点击"输入密码",定位方法: id-->com.mmc.fengshui.pass:id/linghit_login_password_et line31
[INFO]--2022-03-25 15:01:39,437-logger.py->__console->logger line:46: find__ 点击"点击确认注册",定位方法: id-->com.mmc.fengshui.pass:id/linghit_login_confirm_btn line31
[INFO]--2022-03-25 15:02:21,418-logger.py->__console->logger line:46: find__ 点击"输入手机号",定位方法: id-->com.mmc.fengshui.pass:id/linghit_login_phone_number_et line31
[INFO]--2022-03-25 15:02:21,879-logger.py->__console->logger line:46: find__ 点击"输入验证码",定位方法: id-->com.mmc.fengshui.pass:id/linghit_login_virfy_number_et line31
[INFO]--2022-03-25 15:02:22,807-logger.py->__console->logger line:46: find__ 点击"输入密码",定位方法: id-->com.mmc.fengshui.pass:id/linghit_login_password_et line31
[INFO]--2022-03-25 15:02:25,953-logger.py->__console->logger line:46: find__ 点击"输入手机号",定位方法: id-->com.mmc.fengshui.pass:id/linghit_login_phone_number_et line31
[INFO]--2022-03-25 15:02:27,508-logger.py->__console->logger line:46: find__ 点击"输入验证码",定位方法: id-->com.mmc.fengshui.pass:id/linghit_login_virfy_number_et line31
[INFO]--2022-03-25 15:02:29,083-logger.py->__console->logger line:46: find__ 点击"输入密码",定位方法: id-->com.mmc.fengshui.pass:id/linghit_login_password_et line31
[INFO]--2022-03-25 15:02:30,664-logger.py->__console->logger line:46: find__ 点击"点击确认注册",定位方法: id-->com.mmc.fengshui.pass:id/linghit_login_confirm_btn line31
[INFO]--2022-03-25 15:03:13,068-logger.py->__console->logger line:46: find__ 点击"输入手机号",定位方法: id-->com.mmc.fengshui.pass:id/linghit_login_phone_number_et line31
[INFO]--2022-03-25 15:03:13,527-logger.py->__console->logger line:46: find__ 点击"输入验证码",定位方法: id-->com.mmc.fengshui.pass:id/linghit_login_virfy_number_et line31
[INFO]--2022-03-25 15:03:14,478-logger.py->__console->logger line:46: find__ 点击"输入密码",定位方法: id-->com.mmc.fengshui.pass:id/linghit_login_password_et line31
[INFO]--2022-03-25 15:03:18,989-logger.py->__console->logger line:46: find__ 点击"点击忘记密码?",定位方法: text-->忘记密码? line31
[INFO]--2022-03-25 15:03:21,041-logger.py->__console->logger line:46: find__ 点击"点击手机号找回密码",定位方法: text-->手机号找回密码 line31
[INFO]--2022-03-25 15:03:24,159-logger.py->__console->logger line:46: find__ 点击"点击地区",定位方法: id-->com.mmc.fengshui.pass:id/linghit_login_phone_number_area_btn line31
[INFO]--2022-03-25 15:03:25,205-logger.py->__console->logger line:46: find__ 点击"点击选择中国大陆",定位方法: text-->中国大陆 +86 line31
[INFO]--2022-03-25 15:03:28,865-logger.py->__console->logger line:46: find__ 点击"点击保存",定位方法: id-->com.mmc.fengshui.pass:id/linghit_login_confirm_btn line31
[INFO]--2022-03-25 15:03:31,935-logger.py->__console->logger line:46: find__ 点击"输入手机号",定位方法: id-->com.mmc.fengshui.pass:id/linghit_login_phone_number_et line31
[INFO]--2022-03-25 15:03:33,489-logger.py->__console->logger line:46: find__ 点击"点击保存",定位方法: id-->com.mmc.fengshui.pass:id/linghit_login_confirm_btn line31
[INFO]--2022-03-25 15:03:35,555-logger.py->__console->logger line:46: find__ 点击"输入手机号",定位方法: id-->com.mmc.fengshui.pass:id/linghit_login_phone_number_et line31
[INFO]--2022-03-25 15:03:37,973-logger.py->__console->logger line:46: find__ 点击"输入手机号",定位方法: id-->com.mmc.fengshui.pass:id/linghit_login_phone_number_et line31
[INFO]--2022-03-25 15:03:39,701-logger.py->__console->logger line:46: find__ 点击"点击保存",定位方法: id-->com.mmc.fengshui.pass:id/linghit_login_confirm_btn line31
[INFO]--2022-03-25 15:03:41,790-logger.py->__console->logger line:46: find__ 点击"输入手机号",定位方法: id-->com.mmc.fengshui.pass:id/linghit_login_phone_number_et line31
[INFO]--2022-03-25 15:03:44,209-logger.py->__console->logger line:46: find__ 点击"输入手机号",定位方法: id-->com.mmc.fengshui.pass:id/linghit_login_phone_number_et line31
[INFO]--2022-03-25 15:03:45,765-logger.py->__console->logger line:46: find__ 点击"输入验证码",定位方法: id-->com.mmc.fengshui.pass:id/linghit_login_virfy_number_et line31
[INFO]--2022-03-25 15:03:46,315-logger.py->__console->logger line:46: find__ 点击"点击保存",定位方法: id-->com.mmc.fengshui.pass:id/linghit_login_confirm_btn line31
[INFO]--2022-03-25 15:03:48,869-logger.py->__console->logger line:46: find__ 点击"输入手机号",定位方法: id-->com.mmc.fengshui.pass:id/linghit_login_phone_number_et line31
[INFO]--2022-03-25 15:03:49,317-logger.py->__console->logger line:46: find__ 点击"输入验证码",定位方法: id-->com.mmc.fengshui.pass:id/linghit_login_virfy_number_et line31
[INFO]--2022-03-25 15:03:52,172-logger.py->__console->logger line:46: find__ 点击"输入手机号",定位方法: id-->com.mmc.fengshui.pass:id/linghit_login_phone_number_et line31
[INFO]--2022-03-25 15:03:53,718-logger.py->__console->logger line:46: find__ 点击"输入验证码",定位方法: id-->com.mmc.fengshui.pass:id/linghit_login_virfy_number_et line31
[INFO]--2022-03-25 15:03:55,270-logger.py->__console->logger line:46: find__ 点击"输入新密码",定位方法: text-->新密码(6–18位字母或者数字) line31
[INFO]--2022-03-25 15:03:56,819-logger.py->__console->logger line:46: find__ 点击"点击保存",定位方法: id-->com.mmc.fengshui.pass:id/linghit_login_confirm_btn line31
[INFO]--2022-03-25 15:04:38,787-logger.py->__console->logger line:46: find__ 点击"输入手机号",定位方法: id-->com.mmc.fengshui.pass:id/linghit_login_phone_number_et line31
[INFO]--2022-03-25 15:04:39,229-logger.py->__console->logger line:46: find__ 点击"输入验证码",定位方法: id-->com.mmc.fengshui.pass:id/linghit_login_virfy_number_et line31
[INFO]--2022-03-25 15:04:40,160-logger.py->__console->logger line:46: find__ 点击"清空输入密码",定位方法: id-->com.mmc.fengshui.pass:id/linghit_login_password_et line31
[INFO]--2022-03-25 15:04:43,127-logger.py->__console->logger line:46: find__ 点击"输入手机号",定位方法: id-->com.mmc.fengshui.pass:id/linghit_login_phone_number_et line31
[INFO]--2022-03-25 15:04:44,674-logger.py->__console->logger line:46: find__ 点击"输入验证码",定位方法: id-->com.mmc.fengshui.pass:id/linghit_login_virfy_number_et line31
[INFO]--2022-03-25 15:04:46,232-logger.py->__console->logger line:46: find__ 点击"输入新密码",定位方法: text-->新密码(6–18位字母或者数字) line31
[INFO]--2022-03-25 15:04:47,814-logger.py->__console->logger line:46: find__ 点击"点击保存",定位方法: id-->com.mmc.fengshui.pass:id/linghit_login_confirm_btn line31
[INFO]--2022-03-25 15:04:49,889-logger.py->__console->logger line:46: find__ 点击"输入手机号",定位方法: id-->com.mmc.fengshui.pass:id/linghit_login_phone_number_et line31
[INFO]--2022-03-25 15:04:50,518-logger.py->__console->logger line:46: find__ 点击"输入验证码",定位方法: id-->com.mmc.fengshui.pass:id/linghit_login_virfy_number_et line31
[INFO]--2022-03-25 15:04:51,363-logger.py->__console->logger line:46: find__ 点击"清空输入密码",定位方法: id-->com.mmc.fengshui.pass:id/linghit_login_password_et line31
[INFO]--2022-03-25 15:04:54,328-logger.py->__console->logger line:46: find__ 点击"输入手机号",定位方法: id-->com.mmc.fengshui.pass:id/linghit_login_phone_number_et line31
[INFO]--2022-03-25 15:04:55,881-logger.py->__console->logger line:46: find__ 点击"输入验证码",定位方法: id-->com.mmc.fengshui.pass:id/linghit_login_virfy_number_et line31
[INFO]--2022-03-25 15:04:57,432-logger.py->__console->logger line:46: find__ 点击"输入新密码",定位方法: text-->新密码(6–18位字母或者数字) line31
[INFO]--2022-03-25 15:04:59,023-logger.py->__console->logger line:46: find__ 点击"再次输入密码",定位方法: text-->请再次输入新密码 line31
[INFO]--2022-03-25 15:04:59,570-logger.py->__console->logger line:46: find__ 点击"点击保存",定位方法: id-->com.mmc.fengshui.pass:id/linghit_login_confirm_btn line31
[INFO]--2022-03-25 15:05:05,142-logger.py->__console->logger line:46: find__ 点击"点击忘记密码?",定位方法: text-->忘记密码? line31
[INFO]--2022-03-25 15:05:07,186-logger.py->__console->logger line:46: find__ 点击"点击手机号找回密码",定位方法: text-->手机号找回密码 line31
[INFO]--2022-03-25 15:05:10,289-logger.py->__console->logger line:46: find__ 点击"输入手机号",定位方法: id-->com.mmc.fengshui.pass:id/linghit_login_phone_number_et line31
[INFO]--2022-03-25 15:05:11,842-logger.py->__console->logger line:46: find__ 点击"输入验证码",定位方法: id-->com.mmc.fengshui.pass:id/linghit_login_virfy_number_et line31
[INFO]--2022-03-25 15:05:13,408-logger.py->__console->logger line:46: find__ 点击"输入新密码",定位方法: text-->新密码(6–18位字母或者数字) line31
[INFO]--2022-03-25 15:05:14,969-logger.py->__console->logger line:46: find__ 点击"再次输入密码",定位方法: text-->请再次输入新密码 line31
[INFO]--2022-03-25 15:05:15,527-logger.py->__console->logger line:46: find__ 点击"点击保存",定位方法: id-->com.mmc.fengshui.pass:id/linghit_login_confirm_btn line31
[INFO]--2022-03-25 15:05:21,120-logger.py->__console->logger line:46: find__ 点击"点击忘记密码?",定位方法: text-->忘记密码? line31
[INFO]--2022-03-25 15:05:23,167-logger.py->__console->logger line:46: find__ 点击"点击手机号找回密码",定位方法: text-->手机号找回密码 line31
[INFO]--2022-03-25 15:05:26,186-logger.py->__console->logger line:46: find__ 点击"输入手机号",定位方法: id-->com.mmc.fengshui.pass:id/linghit_login_phone_number_et line31
[INFO]--2022-03-25 15:05:27,729-logger.py->__console->logger line:46: find__ 点击"输入验证码",定位方法: id-->com.mmc.fengshui.pass:id/linghit_login_virfy_number_et line31
[INFO]--2022-03-25 15:05:29,285-logger.py->__console->logger line:46: find__ 点击"输入新密码",定位方法: text-->新密码(6–18位字母或者数字) line31
[INFO]--2022-03-25 15:05:30,852-logger.py->__console->logger line:46: find__ 点击"再次输入密码",定位方法: text-->请再次输入新密码 line31
[INFO]--2022-03-25 15:05:31,405-logger.py->__console->logger line:46: find__ 点击"点击保存",定位方法: id-->com.mmc.fengshui.pass:id/linghit_login_confirm_btn line31
[INFO]--2022-03-25 15:05:33,997-logger.py->__console->logger line:46: find__ 点击"输入手机号",定位方法: id-->com.mmc.fengshui.pass:id/linghit_login_phone_number_et line31
[INFO]--2022-03-25 15:05:34,528-logger.py->__console->logger line:46: find__ 点击"输入验证码",定位方法: id-->com.mmc.fengshui.pass:id/linghit_login_virfy_number_et line31
[INFO]--2022-03-25 15:05:35,096-logger.py->__console->logger line:46: find__ 点击"清空输入密码",定位方法: id-->com.mmc.fengshui.pass:id/linghit_login_password_et line31
[INFO]--2022-03-25 15:09:25,440-logger.py->__console->logger line:46: find__ 点击"关闭广告弹框",定位方法: id-->com.mmc.fengshui.pass:id/vDialogLeftClose line31
[INFO]--2022-03-25 15:09:26,094-logger.py->__console->logger line:46: find__ 点击"关闭抽签广告",定位方法: id-->com.mmc.fengshui.pass:id/vDialogRightClose line31
[INFO]--2022-03-25 15:09:27,241-logger.py->__console->logger line:46: find__ 点击"关闭家居风水广告",定位方法: id-->com.mmc.fengshui.pass:id/vDialogClose line31
[INFO]--2022-03-25 15:09:30,383-logger.py->__console->logger line:46: find__ 点击"点击课程tab",定位方法: id-->com.mmc.fengshui.pass:id/vBCNavigationTab5 line31
[INFO]--2022-03-25 15:09:33,452-logger.py->__console->logger line:46: find__ 点击"点击头像",定位方法: id-->com.mmc.fengshui.pass:id/ivUserAvatar line31
[INFO]--2022-03-25 15:09:36,672-logger.py->__console->logger line:46: find__ 点击"点击本机号码登录",定位方法: text-->本机号码一键登录 line31
[INFO]--2022-03-25 15:09:39,820-logger.py->__console->logger line:46: find__ 点击"点击服务协议",定位方法: text-->《服务协议》 line31
[INFO]--2022-03-25 15:09:46,258-logger.py->__console->logger line:46: find__ 点击"点击隐私政策",定位方法: text-->《隐私政策》 line31
[INFO]--2022-03-25 15:09:53,402-logger.py->__console->logger line:46: find__ 点击"点击其他方式登录",定位方法: text-->其他方式登录 line31
[INFO]--2022-03-25 15:09:55,461-logger.py->__console->logger line:46: find__ 点击"点击注册",定位方法: text-->注册 line31
[INFO]--2022-03-25 15:09:57,581-logger.py->__console->logger line:46: find__ 点击"点击地区",定位方法: id-->com.mmc.fengshui.pass:id/linghit_login_phone_number_area_btn line31
[INFO]--2022-03-25 15:09:58,656-logger.py->__console->logger line:46: find__ 点击"点击选择中国大陆",定位方法: text-->中国大陆 +86 line31
[INFO]--2022-03-25 15:10:02,317-logger.py->__console->logger line:46: find__ 点击"点击确认注册",定位方法: id-->com.mmc.fengshui.pass:id/linghit_login_confirm_btn line31
[INFO]--2022-03-25 15:10:05,392-logger.py->__console->logger line:46: find__ 点击"点击勾选用户协议",定位方法: id-->com.mmc.fengshui.pass:id/linghit_login_accept_ck line31
[INFO]--2022-03-25 15:10:06,444-logger.py->__console->logger line:46: find__ 点击"点击确认注册",定位方法: id-->com.mmc.fengshui.pass:id/linghit_login_confirm_btn line31
[INFO]--2022-03-25 15:10:09,533-logger.py->__console->logger line:46: find__ 点击"输入手机号",定位方法: id-->com.mmc.fengshui.pass:id/linghit_login_phone_number_et line31
[INFO]--2022-03-25 15:10:11,143-logger.py->__console->logger line:46: find__ 点击"点击确认注册",定位方法: id-->com.mmc.fengshui.pass:id/linghit_login_confirm_btn line31
[INFO]--2022-03-25 15:10:13,254-logger.py->__console->logger line:46: find__ 点击"输入手机号",定位方法: id-->com.mmc.fengshui.pass:id/linghit_login_phone_number_et line31
[INFO]--2022-03-25 15:10:16,937-logger.py->__console->logger line:46: find__ 点击"输入手机号",定位方法: id-->com.mmc.fengshui.pass:id/linghit_login_phone_number_et line31
[INFO]--2022-03-25 15:10:18,505-logger.py->__console->logger line:46: find__ 点击"点击确认注册",定位方法: id-->com.mmc.fengshui.pass:id/linghit_login_confirm_btn line31
[INFO]--2022-03-25 15:10:20,580-logger.py->__console->logger line:46: find__ 点击"输入手机号",定位方法: id-->com.mmc.fengshui.pass:id/linghit_login_phone_number_et line31
[INFO]--2022-03-25 15:10:23,094-logger.py->__console->logger line:46: find__ 点击"输入手机号",定位方法: id-->com.mmc.fengshui.pass:id/linghit_login_phone_number_et line31
[INFO]--2022-03-25 15:10:24,692-logger.py->__console->logger line:46: find__ 点击"输入验证码",定位方法: id-->com.mmc.fengshui.pass:id/linghit_login_virfy_number_et line31
[INFO]--2022-03-25 15:10:25,259-logger.py->__console->logger line:46: find__ 点击"点击确认注册",定位方法: id-->com.mmc.fengshui.pass:id/linghit_login_confirm_btn line31
[INFO]--2022-03-25 15:10:27,834-logger.py->__console->logger line:46: find__ 点击"输入手机号",定位方法: id-->com.mmc.fengshui.pass:id/linghit_login_phone_number_et line31
[INFO]--2022-03-25 15:10:28,370-logger.py->__console->logger line:46: find__ 点击"输入验证码",定位方法: id-->com.mmc.fengshui.pass:id/linghit_login_virfy_number_et line31
[INFO]--2022-03-25 15:10:31,254-logger.py->__console->logger line:46: find__ 点击"输入手机号",定位方法: id-->com.mmc.fengshui.pass:id/linghit_login_phone_number_et line31
[INFO]--2022-03-25 15:10:32,812-logger.py->__console->logger line:46: find__ 点击"输入验证码",定位方法: id-->com.mmc.fengshui.pass:id/linghit_login_virfy_number_et line31
[INFO]--2022-03-25 15:10:34,390-logger.py->__console->logger line:46: find__ 点击"输入密码",定位方法: id-->com.mmc.fengshui.pass:id/linghit_login_password_et line31
[INFO]--2022-03-25 15:10:35,964-logger.py->__console->logger line:46: find__ 点击"点击确认注册",定位方法: id-->com.mmc.fengshui.pass:id/linghit_login_confirm_btn line31
[INFO]--2022-03-25 15:11:18,443-logger.py->__console->logger line:46: find__ 点击"输入手机号",定位方法: id-->com.mmc.fengshui.pass:id/linghit_login_phone_number_et line31
[INFO]--2022-03-25 15:11:18,899-logger.py->__console->logger line:46: find__ 点击"输入验证码",定位方法: id-->com.mmc.fengshui.pass:id/linghit_login_virfy_number_et line31
[INFO]--2022-03-25 15:11:19,830-logger.py->__console->logger line:46: find__ 点击"输入密码",定位方法: id-->com.mmc.fengshui.pass:id/linghit_login_password_et line31
[INFO]--2022-03-25 15:11:22,800-logger.py->__console->logger line:46: find__ 点击"输入手机号",定位方法: id-->com.mmc.fengshui.pass:id/linghit_login_phone_number_et line31
[INFO]--2022-03-25 15:11:24,358-logger.py->__console->logger line:46: find__ 点击"输入验证码",定位方法: id-->com.mmc.fengshui.pass:id/linghit_login_virfy_number_et line31
[INFO]--2022-03-25 15:11:25,909-logger.py->__console->logger line:46: find__ 点击"输入密码",定位方法: id-->com.mmc.fengshui.pass:id/linghit_login_password_et line31
[INFO]--2022-03-25 15:11:27,484-logger.py->__console->logger line:46: find__ 点击"点击确认注册",定位方法: id-->com.mmc.fengshui.pass:id/linghit_login_confirm_btn line31
[INFO]--2022-03-25 15:12:09,815-logger.py->__console->logger line:46: find__ 点击"输入手机号",定位方法: id-->com.mmc.fengshui.pass:id/linghit_login_phone_number_et line31
[INFO]--2022-03-25 15:12:10,307-logger.py->__console->logger line:46: find__ 点击"输入验证码",定位方法: id-->com.mmc.fengshui.pass:id/linghit_login_virfy_number_et line31
[INFO]--2022-03-25 15:12:11,201-logger.py->__console->logger line:46: find__ 点击"输入密码",定位方法: id-->com.mmc.fengshui.pass:id/linghit_login_password_et line31
[INFO]--2022-03-25 15:12:15,727-logger.py->__console->logger line:46: find__ 点击"点击忘记密码?",定位方法: text-->忘记密码? line31
[INFO]--2022-03-25 15:12:17,808-logger.py->__console->logger line:46: find__ 点击"点击手机号找回密码",定位方法: text-->手机号找回密码 line31
[INFO]--2022-03-25 15:12:20,949-logger.py->__console->logger line:46: find__ 点击"点击地区",定位方法: id-->com.mmc.fengshui.pass:id/linghit_login_phone_number_area_btn line31
[INFO]--2022-03-25 15:12:22,026-logger.py->__console->logger line:46: find__ 点击"点击选择中国大陆",定位方法: text-->中国大陆 +86 line31
[INFO]--2022-03-25 15:12:25,673-logger.py->__console->logger line:46: find__ 点击"点击保存",定位方法: id-->com.mmc.fengshui.pass:id/linghit_login_confirm_btn line31
[INFO]--2022-03-25 15:12:28,784-logger.py->__console->logger line:46: find__ 点击"输入手机号",定位方法: id-->com.mmc.fengshui.pass:id/linghit_login_phone_number_et line31
[INFO]--2022-03-25 15:12:30,336-logger.py->__console->logger line:46: find__ 点击"点击保存",定位方法: id-->com.mmc.fengshui.pass:id/linghit_login_confirm_btn line31
[INFO]--2022-03-25 15:12:32,448-logger.py->__console->logger line:46: find__ 点击"输入手机号",定位方法: id-->com.mmc.fengshui.pass:id/linghit_login_phone_number_et line31
[INFO]--2022-03-25 15:12:34,892-logger.py->__console->logger line:46: find__ 点击"输入手机号",定位方法: id-->com.mmc.fengshui.pass:id/linghit_login_phone_number_et line31
[INFO]--2022-03-25 15:12:36,480-logger.py->__console->logger line:46: find__ 点击"点击保存",定位方法: id-->com.mmc.fengshui.pass:id/linghit_login_confirm_btn line31
[INFO]--2022-03-25 15:12:38,572-logger.py->__console->logger line:46: find__ 点击"输入手机号",定位方法: id-->com.mmc.fengshui.pass:id/linghit_login_phone_number_et line31
[INFO]--2022-03-25 15:12:41,064-logger.py->__console->logger line:46: find__ 点击"输入手机号",定位方法: id-->com.mmc.fengshui.pass:id/linghit_login_phone_number_et line31
[INFO]--2022-03-25 15:12:42,636-logger.py->__console->logger line:46: find__ 点击"输入验证码",定位方法: id-->com.mmc.fengshui.pass:id/linghit_login_virfy_number_et line31
[INFO]--2022-03-25 15:12:43,179-logger.py->__console->logger line:46: find__ 点击"点击保存",定位方法: id-->com.mmc.fengshui.pass:id/linghit_login_confirm_btn line31
[INFO]--2022-03-25 15:12:45,742-logger.py->__console->logger line:46: find__ 点击"输入手机号",定位方法: id-->com.mmc.fengshui.pass:id/linghit_login_phone_number_et line31
[INFO]--2022-03-25 15:12:46,243-logger.py->__console->logger line:46: find__ 点击"输入验证码",定位方法: id-->com.mmc.fengshui.pass:id/linghit_login_virfy_number_et line31
[INFO]--2022-03-25 15:12:49,281-logger.py->__console->logger line:46: find__ 点击"输入手机号",定位方法: id-->com.mmc.fengshui.pass:id/linghit_login_phone_number_et line31
[INFO]--2022-03-25 15:12:50,836-logger.py->__console->logger line:46: find__ 点击"输入验证码",定位方法: id-->com.mmc.fengshui.pass:id/linghit_login_virfy_number_et line31
[INFO]--2022-03-25 15:12:52,540-logger.py->__console->logger line:46: find__ 点击"输入新密码",定位方法: text-->新密码(6–18位字母或者数字) line31
[INFO]--2022-03-25 15:12:54,091-logger.py->__console->logger line:46: find__ 点击"点击保存",定位方法: id-->com.mmc.fengshui.pass:id/linghit_login_confirm_btn line31
[INFO]--2022-03-25 15:13:37,534-logger.py->__console->logger line:46: find__ 点击"输入手机号",定位方法: id-->com.mmc.fengshui.pass:id/linghit_login_phone_number_et line31
[INFO]--2022-03-25 15:13:37,983-logger.py->__console->logger line:46: find__ 点击"输入验证码",定位方法: id-->com.mmc.fengshui.pass:id/linghit_login_virfy_number_et line31
[INFO]--2022-03-25 15:13:38,919-logger.py->__console->logger line:46: find__ 点击"清空输入密码",定位方法: id-->com.mmc.fengshui.pass:id/linghit_login_password_et line31
[INFO]--2022-03-25 15:13:41,881-logger.py->__console->logger line:46: find__ 点击"输入手机号",定位方法: id-->com.mmc.fengshui.pass:id/linghit_login_phone_number_et line31
[INFO]--2022-03-25 15:13:43,441-logger.py->__console->logger line:46: find__ 点击"输入验证码",定位方法: id-->com.mmc.fengshui.pass:id/linghit_login_virfy_number_et line31
[INFO]--2022-03-25 15:13:45,000-logger.py->__console->logger line:46: find__ 点击"输入新密码",定位方法: text-->新密码(6–18位字母或者数字) line31
[INFO]--2022-03-25 15:13:46,555-logger.py->__console->logger line:46: find__ 点击"点击保存",定位方法: id-->com.mmc.fengshui.pass:id/linghit_login_confirm_btn line31
[INFO]--2022-03-25 15:13:48,639-logger.py->__console->logger line:46: find__ 点击"输入手机号",定位方法: id-->com.mmc.fengshui.pass:id/linghit_login_phone_number_et line31
[INFO]--2022-03-25 15:13:49,286-logger.py->__console->logger line:46: find__ 点击"输入验证码",定位方法: id-->com.mmc.fengshui.pass:id/linghit_login_virfy_number_et line31
[INFO]--2022-03-25 15:13:49,988-logger.py->__console->logger line:46: find__ 点击"清空输入密码",定位方法: id-->com.mmc.fengshui.pass:id/linghit_login_password_et line31
[INFO]--2022-03-25 15:13:53,150-logger.py->__console->logger line:46: find__ 点击"输入手机号",定位方法: id-->com.mmc.fengshui.pass:id/linghit_login_phone_number_et line31
[INFO]--2022-03-25 15:13:54,715-logger.py->__console->logger line:46: find__ 点击"输入验证码",定位方法: id-->com.mmc.fengshui.pass:id/linghit_login_virfy_number_et line31
[INFO]--2022-03-25 15:13:56,276-logger.py->__console->logger line:46: find__ 点击"输入新密码",定位方法: text-->新密码(6–18位字母或者数字) line31
[INFO]--2022-03-25 15:13:57,858-logger.py->__console->logger line:46: find__ 点击"再次输入密码",定位方法: text-->请再次输入新密码 line31
[INFO]--2022-03-25 15:13:58,429-logger.py->__console->logger line:46: find__ 点击"点击保存",定位方法: id-->com.mmc.fengshui.pass:id/linghit_login_confirm_btn line31
[INFO]--2022-03-25 15:14:04,010-logger.py->__console->logger line:46: find__ 点击"点击忘记密码?",定位方法: text-->忘记密码? line31
[INFO]--2022-03-25 15:14:06,054-logger.py->__console->logger line:46: find__ 点击"点击手机号找回密码",定位方法: text-->手机号找回密码 line31
[INFO]--2022-03-25 15:14:09,166-logger.py->__console->logger line:46: find__ 点击"输入手机号",定位方法: id-->com.mmc.fengshui.pass:id/linghit_login_phone_number_et line31
[INFO]--2022-03-25 15:14:10,725-logger.py->__console->logger line:46: find__ 点击"输入验证码",定位方法: id-->com.mmc.fengshui.pass:id/linghit_login_virfy_number_et line31
[INFO]--2022-03-25 15:14:12,278-logger.py->__console->logger line:46: find__ 点击"输入新密码",定位方法: text-->新密码(6–18位字母或者数字) line31
[INFO]--2022-03-25 15:14:13,829-logger.py->__console->logger line:46: find__ 点击"再次输入密码",定位方法: text-->请再次输入新密码 line31
[INFO]--2022-03-25 15:14:14,396-logger.py->__console->logger line:46: find__ 点击"点击保存",定位方法: id-->com.mmc.fengshui.pass:id/linghit_login_confirm_btn line31
[INFO]--2022-03-25 15:14:19,992-logger.py->__console->logger line:46: find__ 点击"点击忘记密码?",定位方法: text-->忘记密码? line31
[INFO]--2022-03-25 15:14:22,037-logger.py->__console->logger line:46: find__ 点击"点击手机号找回密码",定位方法: text-->手机号找回密码 line31
[INFO]--2022-03-25 15:14:25,130-logger.py->__console->logger line:46: find__ 点击"输入手机号",定位方法: id-->com.mmc.fengshui.pass:id/linghit_login_phone_number_et line31
[INFO]--2022-03-25 15:14:26,697-logger.py->__console->logger line:46: find__ 点击"输入验证码",定位方法: id-->com.mmc.fengshui.pass:id/linghit_login_virfy_number_et line31
[INFO]--2022-03-25 15:14:28,253-logger.py->__console->logger line:46: find__ 点击"输入新密码",定位方法: text-->新密码(6–18位字母或者数字) line31
[INFO]--2022-03-25 15:14:29,800-logger.py->__console->logger line:46: find__ 点击"再次输入密码",定位方法: text-->请再次输入新密码 line31
[INFO]--2022-03-25 15:14:30,362-logger.py->__console->logger line:46: find__ 点击"点击保存",定位方法: id-->com.mmc.fengshui.pass:id/linghit_login_confirm_btn line31
[INFO]--2022-03-25 15:14:32,960-logger.py->__console->logger line:46: find__ 点击"输入手机号",定位方法: id-->com.mmc.fengshui.pass:id/linghit_login_phone_number_et line31
[INFO]--2022-03-25 15:14:33,443-logger.py->__console->logger line:46: find__ 点击"输入验证码",定位方法: id-->com.mmc.fengshui.pass:id/linghit_login_virfy_number_et line31
[INFO]--2022-03-25 15:14:34,054-logger.py->__console->logger line:46: find__ 点击"清空输入密码",定位方法: id-->com.mmc.fengshui.pass:id/linghit_login_password_et line31
[INFO]--2022-03-25 16:08:16,490-logger.py->__console->logger line:46: find__ 点击"关闭广告弹框",定位方法: id-->com.mmc.fengshui.pass:id/vDialogLeftClose line31
[INFO]--2022-03-25 16:08:17,123-logger.py->__console->logger line:46: find__ 点击"关闭抽签广告",定位方法: id-->com.mmc.fengshui.pass:id/vDialogRightClose line31
[INFO]--2022-03-25 16:08:18,291-logger.py->__console->logger line:46: find__ 点击"关闭家居风水广告",定位方法: id-->com.mmc.fengshui.pass:id/vDialogClose line31
[INFO]--2022-03-25 16:08:21,470-logger.py->__console->logger line:46: find__ 点击"点击课程tab",定位方法: id-->com.mmc.fengshui.pass:id/vBCNavigationTab5 line31
[INFO]--2022-03-25 16:08:24,582-logger.py->__console->logger line:46: find__ 点击"点击头像",定位方法: id-->com.mmc.fengshui.pass:id/ivUserAvatar line31
[INFO]--2022-03-25 16:08:27,937-logger.py->__console->logger line:46: find__ 点击"点击本机号码登录",定位方法: text-->本机号码一键登录 line31
[INFO]--2022-03-25 16:08:31,150-logger.py->__console->logger line:46: find__ 点击"点击服务协议",定位方法: text-->《服务协议》 line31
[INFO]--2022-03-25 16:08:37,512-logger.py->__console->logger line:46: find__ 点击"点击隐私政策",定位方法: text-->《隐私政策》 line31
[INFO]--2022-03-25 16:08:44,000-logger.py->__console->logger line:46: find__ 点击"点击其他方式登录",定位方法: text-->其他方式登录 line31
[INFO]--2022-03-25 16:08:46,063-logger.py->__console->logger line:46: find__ 点击"点击注册",定位方法: text-->注册 line31
[INFO]--2022-03-25 16:08:48,153-logger.py->__console->logger line:46: find__ 点击"点击地区",定位方法: id-->com.mmc.fengshui.pass:id/linghit_login_phone_number_area_btn line31
[INFO]--2022-03-25 16:08:49,214-logger.py->__console->logger line:46: find__ 点击"点击选择中国大陆",定位方法: text-->中国大陆 +86 line31
[INFO]--2022-03-25 16:08:52,840-logger.py->__console->logger line:46: find__ 点击"点击确认注册",定位方法: id-->com.mmc.fengshui.pass:id/linghit_login_confirm_btn line31
[INFO]--2022-03-25 16:08:55,945-logger.py->__console->logger line:46: find__ 点击"点击勾选用户协议",定位方法: id-->com.mmc.fengshui.pass:id/linghit_login_accept_ck line31
[INFO]--2022-03-25 16:08:56,994-logger.py->__console->logger line:46: find__ 点击"点击确认注册",定位方法: id-->com.mmc.fengshui.pass:id/linghit_login_confirm_btn line31
[INFO]--2022-03-25 16:09:00,065-logger.py->__console->logger line:46: find__ 点击"输入手机号",定位方法: id-->com.mmc.fengshui.pass:id/linghit_login_phone_number_et line31
[INFO]--2022-03-25 16:09:01,976-logger.py->__console->logger line:46: find__ 点击"点击确认注册",定位方法: id-->com.mmc.fengshui.pass:id/linghit_login_confirm_btn line31
[INFO]--2022-03-25 16:09:04,058-logger.py->__console->logger line:46: find__ 点击"输入手机号",定位方法: id-->com.mmc.fengshui.pass:id/linghit_login_phone_number_et line31
[INFO]--2022-03-25 16:09:08,639-logger.py->__console->logger line:46: find__ 点击"输入手机号",定位方法: id-->com.mmc.fengshui.pass:id/linghit_login_phone_number_et line31
[INFO]--2022-03-25 16:09:10,286-logger.py->__console->logger line:46: find__ 点击"点击确认注册",定位方法: id-->com.mmc.fengshui.pass:id/linghit_login_confirm_btn line31
[INFO]--2022-03-25 16:09:12,371-logger.py->__console->logger line:46: find__ 点击"输入手机号",定位方法: id-->com.mmc.fengshui.pass:id/linghit_login_phone_number_et line31
[INFO]--2022-03-25 16:09:14,902-logger.py->__console->logger line:46: find__ 点击"输入手机号",定位方法: id-->com.mmc.fengshui.pass:id/linghit_login_phone_number_et line31
[INFO]--2022-03-25 16:09:16,480-logger.py->__console->logger line:46: find__ 点击"输入验证码",定位方法: id-->com.mmc.fengshui.pass:id/linghit_login_virfy_number_et line31
[INFO]--2022-03-25 16:09:17,034-logger.py->__console->logger line:46: find__ 点击"点击确认注册",定位方法: id-->com.mmc.fengshui.pass:id/linghit_login_confirm_btn line31
[INFO]--2022-03-25 16:09:19,596-logger.py->__console->logger line:46: find__ 点击"输入手机号",定位方法: id-->com.mmc.fengshui.pass:id/linghit_login_phone_number_et line31
[INFO]--2022-03-25 16:09:20,218-logger.py->__console->logger line:46: find__ 点击"输入验证码",定位方法: id-->com.mmc.fengshui.pass:id/linghit_login_virfy_number_et line31
[INFO]--2022-03-25 16:09:23,096-logger.py->__console->logger line:46: find__ 点击"输入手机号",定位方法: id-->com.mmc.fengshui.pass:id/linghit_login_phone_number_et line31
[INFO]--2022-03-25 16:09:24,645-logger.py->__console->logger line:46: find__ 点击"输入验证码",定位方法: id-->com.mmc.fengshui.pass:id/linghit_login_virfy_number_et line31
[INFO]--2022-03-25 16:09:26,212-logger.py->__console->logger line:46: find__ 点击"输入密码",定位方法: id-->com.mmc.fengshui.pass:id/linghit_login_password_et line31
[INFO]--2022-03-25 16:09:27,792-logger.py->__console->logger line:46: find__ 点击"点击确认注册",定位方法: id-->com.mmc.fengshui.pass:id/linghit_login_confirm_btn line31
[INFO]--2022-03-25 16:09:29,534-logger.py->__console->logger line:46: find__ 点击"输入手机号",定位方法: id-->com.mmc.fengshui.pass:id/linghit_login_phone_number_et line31
[INFO]--2022-03-25 16:09:30,050-logger.py->__console->logger line:46: find__ 点击"输入验证码",定位方法: id-->com.mmc.fengshui.pass:id/linghit_login_virfy_number_et line31
[INFO]--2022-03-25 16:09:30,893-logger.py->__console->logger line:46: find__ 点击"输入密码",定位方法: id-->com.mmc.fengshui.pass:id/linghit_login_password_et line31
[INFO]--2022-03-25 16:09:33,846-logger.py->__console->logger line:46: find__ 点击"输入手机号",定位方法: id-->com.mmc.fengshui.pass:id/linghit_login_phone_number_et line31
[INFO]--2022-03-25 16:09:35,399-logger.py->__console->logger line:46: find__ 点击"输入验证码",定位方法: id-->com.mmc.fengshui.pass:id/linghit_login_virfy_number_et line31
[INFO]--2022-03-25 16:09:36,955-logger.py->__console->logger line:46: find__ 点击"输入密码",定位方法: id-->com.mmc.fengshui.pass:id/linghit_login_password_et line31
[INFO]--2022-03-25 16:09:38,507-logger.py->__console->logger line:46: find__ 点击"点击确认注册",定位方法: id-->com.mmc.fengshui.pass:id/linghit_login_confirm_btn line31
[INFO]--2022-03-25 16:09:40,577-logger.py->__console->logger line:46: find__ 点击"输入手机号",定位方法: id-->com.mmc.fengshui.pass:id/linghit_login_phone_number_et line31
[INFO]--2022-03-25 16:09:41,084-logger.py->__console->logger line:46: find__ 点击"输入验证码",定位方法: id-->com.mmc.fengshui.pass:id/linghit_login_virfy_number_et line31
[INFO]--2022-03-25 16:09:41,954-logger.py->__console->logger line:46: find__ 点击"输入密码",定位方法: id-->com.mmc.fengshui.pass:id/linghit_login_password_et line31
[INFO]--2022-03-25 16:09:45,773-logger.py->__console->logger line:46: find__ 点击"点击忘记密码?",定位方法: text-->忘记密码? line31
[INFO]--2022-03-25 16:09:47,845-logger.py->__console->logger line:46: find__ 点击"点击手机号找回密码",定位方法: text-->手机号找回密码 line31
[INFO]--2022-03-25 16:09:50,976-logger.py->__console->logger line:46: find__ 点击"点击地区",定位方法: id-->com.mmc.fengshui.pass:id/linghit_login_phone_number_area_btn line31
[INFO]--2022-03-25 16:09:52,049-logger.py->__console->logger line:46: find__ 点击"点击选择中国大陆",定位方法: text-->中国大陆 +86 line31
[INFO]--2022-03-25 16:09:55,682-logger.py->__console->logger line:46: find__ 点击"点击保存",定位方法: id-->com.mmc.fengshui.pass:id/linghit_login_confirm_btn line31
[INFO]--2022-03-25 16:09:58,756-logger.py->__console->logger line:46: find__ 点击"输入手机号",定位方法: id-->com.mmc.fengshui.pass:id/linghit_login_phone_number_et line31
[INFO]--2022-03-25 16:10:00,312-logger.py->__console->logger line:46: find__ 点击"点击保存",定位方法: id-->com.mmc.fengshui.pass:id/linghit_login_confirm_btn line31
[INFO]--2022-03-25 16:10:03,004-logger.py->__console->logger line:46: find__ 点击"输入手机号",定位方法: id-->com.mmc.fengshui.pass:id/linghit_login_phone_number_et line31
[INFO]--2022-03-25 16:10:05,452-logger.py->__console->logger line:46: find__ 点击"输入手机号",定位方法: id-->com.mmc.fengshui.pass:id/linghit_login_phone_number_et line31
[INFO]--2022-03-25 16:10:07,034-logger.py->__console->logger line:46: find__ 点击"点击保存",定位方法: id-->com.mmc.fengshui.pass:id/linghit_login_confirm_btn line31
[INFO]--2022-03-25 16:10:09,119-logger.py->__console->logger line:46: find__ 点击"输入手机号",定位方法: id-->com.mmc.fengshui.pass:id/linghit_login_phone_number_et line31
[INFO]--2022-03-25 16:10:11,626-logger.py->__console->logger line:46: find__ 点击"输入手机号",定位方法: id-->com.mmc.fengshui.pass:id/linghit_login_phone_number_et line31
[INFO]--2022-03-25 16:10:13,183-logger.py->__console->logger line:46: find__ 点击"输入验证码",定位方法: id-->com.mmc.fengshui.pass:id/linghit_login_virfy_number_et line31
[INFO]--2022-03-25 16:10:13,731-logger.py->__console->logger line:46: find__ 点击"点击保存",定位方法: id-->com.mmc.fengshui.pass:id/linghit_login_confirm_btn line31
[INFO]--2022-03-25 16:10:16,289-logger.py->__console->logger line:46: find__ 点击"输入手机号",定位方法: id-->com.mmc.fengshui.pass:id/linghit_login_phone_number_et line31
[INFO]--2022-03-25 16:10:16,717-logger.py->__console->logger line:46: find__ 点击"输入验证码",定位方法: id-->com.mmc.fengshui.pass:id/linghit_login_virfy_number_et line31
[INFO]--2022-03-25 16:10:19,646-logger.py->__console->logger line:46: find__ 点击"输入手机号",定位方法: id-->com.mmc.fengshui.pass:id/linghit_login_phone_number_et line31
[INFO]--2022-03-25 16:10:21,195-logger.py->__console->logger line:46: find__ 点击"输入验证码",定位方法: id-->com.mmc.fengshui.pass:id/linghit_login_virfy_number_et line31
[INFO]--2022-03-25 16:10:22,761-logger.py->__console->logger line:46: find__ 点击"输入新密码",定位方法: text-->新密码(6–18位字母或者数字) line31
[INFO]--2022-03-25 16:10:24,340-logger.py->__console->logger line:46: find__ 点击"点击保存",定位方法: id-->com.mmc.fengshui.pass:id/linghit_login_confirm_btn line31
[INFO]--2022-03-25 16:10:26,936-logger.py->__console->logger line:46: find__ 点击"输入手机号",定位方法: id-->com.mmc.fengshui.pass:id/linghit_login_phone_number_et line31
[INFO]--2022-03-25 16:10:27,440-logger.py->__console->logger line:46: find__ 点击"输入验证码",定位方法: id-->com.mmc.fengshui.pass:id/linghit_login_virfy_number_et line31
[INFO]--2022-03-25 16:10:28,329-logger.py->__console->logger line:46: find__ 点击"清空输入密码",定位方法: id-->com.mmc.fengshui.pass:id/linghit_login_password_et line31
[INFO]--2022-03-25 16:10:31,365-logger.py->__console->logger line:46: find__ 点击"输入手机号",定位方法: id-->com.mmc.fengshui.pass:id/linghit_login_phone_number_et line31
[INFO]--2022-03-25 16:10:32,924-logger.py->__console->logger line:46: find__ 点击"输入验证码",定位方法: id-->com.mmc.fengshui.pass:id/linghit_login_virfy_number_et line31
[INFO]--2022-03-25 16:10:34,490-logger.py->__console->logger line:46: find__ 点击"输入新密码",定位方法: text-->新密码(6–18位字母或者数字) line31
[INFO]--2022-03-25 16:10:36,057-logger.py->__console->logger line:46: find__ 点击"点击保存",定位方法: id-->com.mmc.fengshui.pass:id/linghit_login_confirm_btn line31
[INFO]--2022-03-25 16:10:38,147-logger.py->__console->logger line:46: find__ 点击"输入手机号",定位方法: id-->com.mmc.fengshui.pass:id/linghit_login_phone_number_et line31
[INFO]--2022-03-25 16:10:38,634-logger.py->__console->logger line:46: find__ 点击"输入验证码",定位方法: id-->com.mmc.fengshui.pass:id/linghit_login_virfy_number_et line31
[INFO]--2022-03-25 16:10:39,500-logger.py->__console->logger line:46: find__ 点击"清空输入密码",定位方法: id-->com.mmc.fengshui.pass:id/linghit_login_password_et line31
[INFO]--2022-03-25 16:10:42,458-logger.py->__console->logger line:46: find__ 点击"输入手机号",定位方法: id-->com.mmc.fengshui.pass:id/linghit_login_phone_number_et line31
[INFO]--2022-03-25 16:10:44,008-logger.py->__console->logger line:46: find__ 点击"输入验证码",定位方法: id-->com.mmc.fengshui.pass:id/linghit_login_virfy_number_et line31
[INFO]--2022-03-25 16:10:45,560-logger.py->__console->logger line:46: find__ 点击"输入新密码",定位方法: text-->新密码(6–18位字母或者数字) line31
[INFO]--2022-03-25 16:10:47,141-logger.py->__console->logger line:46: find__ 点击"再次输入密码",定位方法: text-->请再次输入新密码 line31
[INFO]--2022-03-25 16:10:47,711-logger.py->__console->logger line:46: find__ 点击"点击保存",定位方法: id-->com.mmc.fengshui.pass:id/linghit_login_confirm_btn line31
[INFO]--2022-03-25 16:10:53,276-logger.py->__console->logger line:46: find__ 点击"点击忘记密码?",定位方法: text-->忘记密码? line31
[INFO]--2022-03-25 16:10:55,323-logger.py->__console->logger line:46: find__ 点击"点击手机号找回密码",定位方法: text-->手机号找回密码 line31
[INFO]--2022-03-25 16:10:58,382-logger.py->__console->logger line:46: find__ 点击"输入手机号",定位方法: id-->com.mmc.fengshui.pass:id/linghit_login_phone_number_et line31
[INFO]--2022-03-25 16:10:59,922-logger.py->__console->logger line:46: find__ 点击"输入验证码",定位方法: id-->com.mmc.fengshui.pass:id/linghit_login_virfy_number_et line31
[INFO]--2022-03-25 16:11:01,926-logger.py->__console->logger line:46: find__ 点击"输入新密码",定位方法: text-->新密码(6–18位字母或者数字) line31
[INFO]--2022-03-25 16:11:03,472-logger.py->__console->logger line:46: find__ 点击"再次输入密码",定位方法: text-->请再次输入新密码 line31
[INFO]--2022-03-25 16:11:04,016-logger.py->__console->logger line:46: find__ 点击"点击保存",定位方法: id-->com.mmc.fengshui.pass:id/linghit_login_confirm_btn line31
[INFO]--2022-03-25 16:11:09,586-logger.py->__console->logger line:46: find__ 点击"点击忘记密码?",定位方法: text-->忘记密码? line31
[INFO]--2022-03-25 16:11:11,628-logger.py->__console->logger line:46: find__ 点击"点击手机号找回密码",定位方法: text-->手机号找回密码 line31
[INFO]--2022-03-25 16:11:14,682-logger.py->__console->logger line:46: find__ 点击"输入手机号",定位方法: id-->com.mmc.fengshui.pass:id/linghit_login_phone_number_et line31
[INFO]--2022-03-25 16:11:16,221-logger.py->__console->logger line:46: find__ 点击"输入验证码",定位方法: id-->com.mmc.fengshui.pass:id/linghit_login_virfy_number_et line31
[INFO]--2022-03-25 16:11:17,759-logger.py->__console->logger line:46: find__ 点击"输入新密码",定位方法: text-->新密码(6–18位字母或者数字) line31
[INFO]--2022-03-25 16:11:19,307-logger.py->__console->logger line:46: find__ 点击"再次输入密码",定位方法: text-->请再次输入新密码 line31
[INFO]--2022-03-25 16:11:19,851-logger.py->__console->logger line:46: find__ 点击"点击保存",定位方法: id-->com.mmc.fengshui.pass:id/linghit_login_confirm_btn line31
[INFO]--2022-03-25 16:11:22,469-logger.py->__console->logger line:46: find__ 点击"输入手机号",定位方法: id-->com.mmc.fengshui.pass:id/linghit_login_phone_number_et line31
[INFO]--2022-03-25 16:11:22,947-logger.py->__console->logger line:46: find__ 点击"输入验证码",定位方法: id-->com.mmc.fengshui.pass:id/linghit_login_virfy_number_et line31
[INFO]--2022-03-25 16:11:23,734-logger.py->__console->logger line:46: find__ 点击"清空输入密码",定位方法: id-->com.mmc.fengshui.pass:id/linghit_login_password_et line31
[INFO]--2022-03-25 16:17:32,585-logger.py->__console->logger line:46: find__ 点击"关闭广告弹框",定位方法: id-->com.mmc.fengshui.pass:id/vDialogLeftClose line31
[INFO]--2022-03-25 16:17:33,220-logger.py->__console->logger line:46: find__ 点击"关闭抽签广告",定位方法: id-->com.mmc.fengshui.pass:id/vDialogRightClose line31
[INFO]--2022-03-25 16:17:34,384-logger.py->__console->logger line:46: find__ 点击"关闭家居风水广告",定位方法: id-->com.mmc.fengshui.pass:id/vDialogClose line31
[INFO]--2022-03-25 16:17:37,544-logger.py->__console->logger line:46: find__ 点击"点击课程tab",定位方法: id-->com.mmc.fengshui.pass:id/vBCNavigationTab5 line31
[INFO]--2022-03-25 16:17:40,617-logger.py->__console->logger line:46: find__ 点击"点击头像",定位方法: id-->com.mmc.fengshui.pass:id/ivUserAvatar line31
[INFO]--2022-03-25 16:17:43,776-logger.py->__console->logger line:46: find__ 点击"点击本机号码登录",定位方法: text-->本机号码一键登录 line31
[INFO]--2022-03-25 16:17:46,871-logger.py->__console->logger line:46: find__ 点击"点击服务协议",定位方法: text-->《服务协议》 line31
[INFO]--2022-03-25 16:17:54,292-logger.py->__console->logger line:46: find__ 点击"点击隐私政策",定位方法: text-->《隐私政策》 line31
[INFO]--2022-03-25 16:18:00,639-logger.py->__console->logger line:46: find__ 点击"点击其他方式登录",定位方法: text-->其他方式登录 line31
[INFO]--2022-03-25 16:18:02,983-logger.py->__console->logger line:46: find__ 点击"点击注册",定位方法: text-->注册 line31
[INFO]--2022-03-25 16:18:05,049-logger.py->__console->logger line:46: find__ 点击"点击地区",定位方法: id-->com.mmc.fengshui.pass:id/linghit_login_phone_number_area_btn line31
[INFO]--2022-03-25 16:18:06,160-logger.py->__console->logger line:46: find__ 点击"点击选择中国大陆",定位方法: text-->中国大陆 +86 line31
[INFO]--2022-03-25 16:18:09,795-logger.py->__console->logger line:46: find__ 点击"点击确认注册",定位方法: id-->com.mmc.fengshui.pass:id/linghit_login_confirm_btn line31
[INFO]--2022-03-25 16:18:12,905-logger.py->__console->logger line:46: find__ 点击"点击勾选用户协议",定位方法: id-->com.mmc.fengshui.pass:id/linghit_login_accept_ck line31
[INFO]--2022-03-25 16:18:13,957-logger.py->__console->logger line:46: find__ 点击"点击确认注册",定位方法: id-->com.mmc.fengshui.pass:id/linghit_login_confirm_btn line31
[INFO]--2022-03-25 16:18:17,053-logger.py->__console->logger line:46: find__ 点击"输入手机号",定位方法: id-->com.mmc.fengshui.pass:id/linghit_login_phone_number_et line31
[INFO]--2022-03-25 16:18:18,624-logger.py->__console->logger line:46: find__ 点击"点击确认注册",定位方法: id-->com.mmc.fengshui.pass:id/linghit_login_confirm_btn line31
[INFO]--2022-03-25 16:18:20,708-logger.py->__console->logger line:46: find__ 点击"输入手机号",定位方法: id-->com.mmc.fengshui.pass:id/linghit_login_phone_number_et line31
[INFO]--2022-03-25 16:18:23,697-logger.py->__console->logger line:46: find__ 点击"输入手机号",定位方法: id-->com.mmc.fengshui.pass:id/linghit_login_phone_number_et line31
[INFO]--2022-03-25 16:18:25,261-logger.py->__console->logger line:46: find__ 点击"点击确认注册",定位方法: id-->com.mmc.fengshui.pass:id/linghit_login_confirm_btn line31
[INFO]--2022-03-25 16:18:27,341-logger.py->__console->logger line:46: find__ 点击"输入手机号",定位方法: id-->com.mmc.fengshui.pass:id/linghit_login_phone_number_et line31
[INFO]--2022-03-25 16:18:29,799-logger.py->__console->logger line:46: find__ 点击"输入手机号",定位方法: id-->com.mmc.fengshui.pass:id/linghit_login_phone_number_et line31
[INFO]--2022-03-25 16:18:31,372-logger.py->__console->logger line:46: find__ 点击"输入验证码",定位方法: id-->com.mmc.fengshui.pass:id/linghit_login_virfy_number_et line31
[INFO]--2022-03-25 16:18:31,924-logger.py->__console->logger line:46: find__ 点击"点击确认注册",定位方法: id-->com.mmc.fengshui.pass:id/linghit_login_confirm_btn line31
[INFO]--2022-03-25 16:18:34,478-logger.py->__console->logger line:46: find__ 点击"输入手机号",定位方法: id-->com.mmc.fengshui.pass:id/linghit_login_phone_number_et line31
[INFO]--2022-03-25 16:18:35,123-logger.py->__console->logger line:46: find__ 点击"输入验证码",定位方法: id-->com.mmc.fengshui.pass:id/linghit_login_virfy_number_et line31
[INFO]--2022-03-25 16:18:38,037-logger.py->__console->logger line:46: find__ 点击"输入手机号",定位方法: id-->com.mmc.fengshui.pass:id/linghit_login_phone_number_et line31
[INFO]--2022-03-25 16:18:39,577-logger.py->__console->logger line:46: find__ 点击"输入验证码",定位方法: id-->com.mmc.fengshui.pass:id/linghit_login_virfy_number_et line31
[INFO]--2022-03-25 16:18:41,122-logger.py->__console->logger line:46: find__ 点击"输入密码",定位方法: id-->com.mmc.fengshui.pass:id/linghit_login_password_et line31
[INFO]--2022-03-25 16:18:42,661-logger.py->__console->logger line:46: find__ 点击"点击确认注册",定位方法: id-->com.mmc.fengshui.pass:id/linghit_login_confirm_btn line31
[INFO]--2022-03-25 16:18:44,334-logger.py->__console->logger line:46: find__ 点击"输入手机号",定位方法: id-->com.mmc.fengshui.pass:id/linghit_login_phone_number_et line31
[INFO]--2022-03-25 16:18:44,808-logger.py->__console->logger line:46: find__ 点击"输入验证码",定位方法: id-->com.mmc.fengshui.pass:id/linghit_login_virfy_number_et line31
[INFO]--2022-03-25 16:18:45,721-logger.py->__console->logger line:46: find__ 点击"输入密码",定位方法: id-->com.mmc.fengshui.pass:id/linghit_login_password_et line31
[INFO]--2022-03-25 16:18:48,693-logger.py->__console->logger line:46: find__ 点击"输入手机号",定位方法: id-->com.mmc.fengshui.pass:id/linghit_login_phone_number_et line31
[INFO]--2022-03-25 16:18:50,236-logger.py->__console->logger line:46: find__ 点击"输入验证码",定位方法: id-->com.mmc.fengshui.pass:id/linghit_login_virfy_number_et line31
[INFO]--2022-03-25 16:18:51,778-logger.py->__console->logger line:46: find__ 点击"输入密码",定位方法: id-->com.mmc.fengshui.pass:id/linghit_login_password_et line31
[INFO]--2022-03-25 16:18:53,342-logger.py->__console->logger line:46: find__ 点击"点击确认注册",定位方法: id-->com.mmc.fengshui.pass:id/linghit_login_confirm_btn line31
[INFO]--2022-03-25 16:18:55,426-logger.py->__console->logger line:46: find__ 点击"输入手机号",定位方法: id-->com.mmc.fengshui.pass:id/linghit_login_phone_number_et line31
[INFO]--2022-03-25 16:18:55,931-logger.py->__console->logger line:46: find__ 点击"输入验证码",定位方法: id-->com.mmc.fengshui.pass:id/linghit_login_virfy_number_et line31
[INFO]--2022-03-25 16:18:56,770-logger.py->__console->logger line:46: find__ 点击"输入密码",定位方法: id-->com.mmc.fengshui.pass:id/linghit_login_password_et line31
[INFO]--2022-03-25 16:19:01,287-logger.py->__console->logger line:46: find__ 点击"点击忘记密码?",定位方法: text-->忘记密码? line31
[INFO]--2022-03-25 16:19:03,336-logger.py->__console->logger line:46: find__ 点击"点击手机号找回密码",定位方法: text-->手机号找回密码 line31
[INFO]--2022-03-25 16:19:06,391-logger.py->__console->logger line:46: find__ 点击"点击地区",定位方法: id-->com.mmc.fengshui.pass:id/linghit_login_phone_number_area_btn line31
[INFO]--2022-03-25 16:19:07,438-logger.py->__console->logger line:46: find__ 点击"点击选择中国大陆",定位方法: text-->中国大陆 +86 line31
[INFO]--2022-03-25 16:19:10,495-logger.py->__console->logger line:46: find__ 点击"点击保存",定位方法: id-->com.mmc.fengshui.pass:id/linghit_login_confirm_btn line31
[INFO]--2022-03-25 16:19:13,590-logger.py->__console->logger line:46: find__ 点击"输入手机号",定位方法: id-->com.mmc.fengshui.pass:id/linghit_login_phone_number_et line31
[INFO]--2022-03-25 16:19:15,155-logger.py->__console->logger line:46: find__ 点击"点击保存",定位方法: id-->com.mmc.fengshui.pass:id/linghit_login_confirm_btn line31
[INFO]--2022-03-25 16:19:17,237-logger.py->__console->logger line:46: find__ 点击"输入手机号",定位方法: id-->com.mmc.fengshui.pass:id/linghit_login_phone_number_et line31
[INFO]--2022-03-25 16:19:19,678-logger.py->__console->logger line:46: find__ 点击"输入手机号",定位方法: id-->com.mmc.fengshui.pass:id/linghit_login_phone_number_et line31
[INFO]--2022-03-25 16:19:21,241-logger.py->__console->logger line:46: find__ 点击"点击保存",定位方法: id-->com.mmc.fengshui.pass:id/linghit_login_confirm_btn line31
[INFO]--2022-03-25 16:19:23,323-logger.py->__console->logger line:46: find__ 点击"输入手机号",定位方法: id-->com.mmc.fengshui.pass:id/linghit_login_phone_number_et line31
[INFO]--2022-03-25 16:19:25,779-logger.py->__console->logger line:46: find__ 点击"输入手机号",定位方法: id-->com.mmc.fengshui.pass:id/linghit_login_phone_number_et line31
[INFO]--2022-03-25 16:19:27,337-logger.py->__console->logger line:46: find__ 点击"输入验证码",定位方法: id-->com.mmc.fengshui.pass:id/linghit_login_virfy_number_et line31
[INFO]--2022-03-25 16:19:27,881-logger.py->__console->logger line:46: find__ 点击"点击保存",定位方法: id-->com.mmc.fengshui.pass:id/linghit_login_confirm_btn line31
[INFO]--2022-03-25 16:19:30,430-logger.py->__console->logger line:46: find__ 点击"输入手机号",定位方法: id-->com.mmc.fengshui.pass:id/linghit_login_phone_number_et line31
[INFO]--2022-03-25 16:19:30,927-logger.py->__console->logger line:46: find__ 点击"输入验证码",定位方法: id-->com.mmc.fengshui.pass:id/linghit_login_virfy_number_et line31
[INFO]--2022-03-25 16:19:33,768-logger.py->__console->logger line:46: find__ 点击"输入手机号",定位方法: id-->com.mmc.fengshui.pass:id/linghit_login_phone_number_et line31
[INFO]--2022-03-25 16:19:35,315-logger.py->__console->logger line:46: find__ 点击"输入验证码",定位方法: id-->com.mmc.fengshui.pass:id/linghit_login_virfy_number_et line31
[INFO]--2022-03-25 16:19:36,892-logger.py->__console->logger line:46: find__ 点击"输入新密码",定位方法: text-->新密码(6–18位字母或者数字) line31
[INFO]--2022-03-25 16:19:38,448-logger.py->__console->logger line:46: find__ 点击"点击保存",定位方法: id-->com.mmc.fengshui.pass:id/linghit_login_confirm_btn line31
[INFO]--2022-03-25 16:19:41,018-logger.py->__console->logger line:46: find__ 点击"输入手机号",定位方法: id-->com.mmc.fengshui.pass:id/linghit_login_phone_number_et line31
[INFO]--2022-03-25 16:19:41,648-logger.py->__console->logger line:46: find__ 点击"输入验证码",定位方法: id-->com.mmc.fengshui.pass:id/linghit_login_virfy_number_et line31
[INFO]--2022-03-25 16:19:42,389-logger.py->__console->logger line:46: find__ 点击"清空输入密码",定位方法: id-->com.mmc.fengshui.pass:id/linghit_login_password_et line31
[INFO]--2022-03-25 16:19:45,563-logger.py->__console->logger line:46: find__ 点击"输入手机号",定位方法: id-->com.mmc.fengshui.pass:id/linghit_login_phone_number_et line31
[INFO]--2022-03-25 16:19:47,100-logger.py->__console->logger line:46: find__ 点击"输入验证码",定位方法: id-->com.mmc.fengshui.pass:id/linghit_login_virfy_number_et line31
[INFO]--2022-03-25 16:19:48,638-logger.py->__console->logger line:46: find__ 点击"输入新密码",定位方法: text-->新密码(6–18位字母或者数字) line31
[INFO]--2022-03-25 16:19:50,207-logger.py->__console->logger line:46: find__ 点击"点击保存",定位方法: id-->com.mmc.fengshui.pass:id/linghit_login_confirm_btn line31
[INFO]--2022-03-25 16:19:52,287-logger.py->__console->logger line:46: find__ 点击"输入手机号",定位方法: id-->com.mmc.fengshui.pass:id/linghit_login_phone_number_et line31
[INFO]--2022-03-25 16:19:52,760-logger.py->__console->logger line:46: find__ 点击"输入验证码",定位方法: id-->com.mmc.fengshui.pass:id/linghit_login_virfy_number_et line31
[INFO]--2022-03-25 16:19:53,654-logger.py->__console->logger line:46: find__ 点击"清空输入密码",定位方法: id-->com.mmc.fengshui.pass:id/linghit_login_password_et line31
[INFO]--2022-03-25 16:19:56,627-logger.py->__console->logger line:46: find__ 点击"输入手机号",定位方法: id-->com.mmc.fengshui.pass:id/linghit_login_phone_number_et line31
[INFO]--2022-03-25 16:19:58,193-logger.py->__console->logger line:46: find__ 点击"输入验证码",定位方法: id-->com.mmc.fengshui.pass:id/linghit_login_virfy_number_et line31
[INFO]--2022-03-25 16:19:59,735-logger.py->__console->logger line:46: find__ 点击"输入新密码",定位方法: text-->新密码(6–18位字母或者数字) line31
[INFO]--2022-03-25 16:20:01,309-logger.py->__console->logger line:46: find__ 点击"再次输入密码",定位方法: text-->请再次输入新密码 line31
[INFO]--2022-03-25 16:20:01,863-logger.py->__console->logger line:46: find__ 点击"点击保存",定位方法: id-->com.mmc.fengshui.pass:id/linghit_login_confirm_btn line31
[INFO]--2022-03-25 16:20:07,431-logger.py->__console->logger line:46: find__ 点击"点击忘记密码?",定位方法: text-->忘记密码? line31
[INFO]--2022-03-25 16:20:09,479-logger.py->__console->logger line:46: find__ 点击"点击手机号找回密码",定位方法: text-->手机号找回密码 line31
[INFO]--2022-03-25 16:20:12,582-logger.py->__console->logger line:46: find__ 点击"输入手机号",定位方法: id-->com.mmc.fengshui.pass:id/linghit_login_phone_number_et line31
[INFO]--2022-03-25 16:20:14,120-logger.py->__console->logger line:46: find__ 点击"输入验证码",定位方法: id-->com.mmc.fengshui.pass:id/linghit_login_virfy_number_et line31
[INFO]--2022-03-25 16:20:15,661-logger.py->__console->logger line:46: find__ 点击"输入新密码",定位方法: text-->新密码(6–18位字母或者数字) line31
[INFO]--2022-03-25 16:20:17,208-logger.py->__console->logger line:46: find__ 点击"再次输入密码",定位方法: text-->请再次输入新密码 line31
[INFO]--2022-03-25 16:20:17,779-logger.py->__console->logger line:46: find__ 点击"点击保存",定位方法: id-->com.mmc.fengshui.pass:id/linghit_login_confirm_btn line31
[INFO]--2022-03-25 16:20:23,369-logger.py->__console->logger line:46: find__ 点击"点击忘记密码?",定位方法: text-->忘记密码? line31
[INFO]--2022-03-25 16:20:25,412-logger.py->__console->logger line:46: find__ 点击"点击手机号找回密码",定位方法: text-->手机号找回密码 line31
[INFO]--2022-03-25 16:20:28,517-logger.py->__console->logger line:46: find__ 点击"输入手机号",定位方法: id-->com.mmc.fengshui.pass:id/linghit_login_phone_number_et line31
[INFO]--2022-03-25 16:20:30,066-logger.py->__console->logger line:46: find__ 点击"输入验证码",定位方法: id-->com.mmc.fengshui.pass:id/linghit_login_virfy_number_et line31
[INFO]--2022-03-25 16:20:31,608-logger.py->__console->logger line:46: find__ 点击"输入新密码",定位方法: text-->新密码(6–18位字母或者数字) line31
[INFO]--2022-03-25 16:20:33,169-logger.py->__console->logger line:46: find__ 点击"再次输入密码",定位方法: text-->请再次输入新密码 line31
[INFO]--2022-03-25 16:20:33,736-logger.py->__console->logger line:46: find__ 点击"点击保存",定位方法: id-->com.mmc.fengshui.pass:id/linghit_login_confirm_btn line31
[INFO]--2022-03-25 16:20:38,368-logger.py->__console->logger line:46: find__ 点击"点击密码登录",定位方法: text-->账号密码登录 line31
[INFO]--2022-03-25 16:20:40,427-logger.py->__console->logger line:46: find__ 点击"点击登录",定位方法: text-->登录 line31
[INFO]--2022-03-25 16:20:45,016-logger.py->__console->logger line:46: find__ 点击"点击勾选用户协议",定位方法: id-->com.mmc.fengshui.pass:id/linghit_quick_checkbox line31
[INFO]--2022-03-25 16:20:47,049-logger.py->__console->logger line:46: find__ 点击"点击登录",定位方法: text-->登录 line31
[INFO]--2022-03-25 16:20:49,620-logger.py->__console->logger line:46: find__ 点击"点击勾选用户协议",定位方法: id-->com.mmc.fengshui.pass:id/linghit_quick_checkbox line31
[INFO]--2022-03-25 16:20:55,663-logger.py->__console->logger line:46: find__ 点击"点击勾选用户协议",定位方法: id-->com.mmc.fengshui.pass:id/linghit_quick_checkbox line31
[INFO]--2022-03-25 16:20:57,710-logger.py->__console->logger line:46: find__ 点击"账号输入",定位方法: id-->com.mmc.fengshui.pass:id/linghit_login_phone_number_et line31
[INFO]--2022-03-25 16:20:58,248-logger.py->__console->logger line:46: find__ 点击"点击登录",定位方法: text-->登录 line31
[INFO]--2022-03-25 16:20:59,320-logger.py->__console->logger line:46: find__ 点击"账号输入",定位方法: id-->com.mmc.fengshui.pass:id/linghit_login_phone_number_et line31
[INFO]--2022-03-25 16:21:01,797-logger.py->__console->logger line:46: find__ 点击"点击勾选用户协议",定位方法: id-->com.mmc.fengshui.pass:id/linghit_quick_checkbox line31
[INFO]--2022-03-25 16:21:07,837-logger.py->__console->logger line:46: find__ 点击"点击勾选用户协议",定位方法: id-->com.mmc.fengshui.pass:id/linghit_quick_checkbox line31
[INFO]--2022-03-25 16:21:09,875-logger.py->__console->logger line:46: find__ 点击"账号输入",定位方法: id-->com.mmc.fengshui.pass:id/linghit_login_phone_number_et line31
[INFO]--2022-03-25 16:21:10,449-logger.py->__console->logger line:46: find__ 点击"输入密码",定位方法: id-->com.mmc.fengshui.pass:id/linghit_login_password_et line31
[INFO]--2022-03-25 16:21:11,476-logger.py->__console->logger line:46: find__ 点击"点击登录",定位方法: text-->登录 line31
[INFO]--2022-03-25 16:21:13,003-logger.py->__console->logger line:46: find__ 点击"账号输入",定位方法: id-->com.mmc.fengshui.pass:id/linghit_login_phone_number_et line31
[INFO]--2022-03-25 16:21:13,454-logger.py->__console->logger line:46: find__ 点击"输入密码",定位方法: id-->com.mmc.fengshui.pass:id/linghit_login_password_et line31
[INFO]--2022-03-25 16:21:16,604-logger.py->__console->logger line:46: find__ 点击"点击勾选用户协议",定位方法: id-->com.mmc.fengshui.pass:id/linghit_quick_checkbox line31
[INFO]--2022-03-25 16:21:22,656-logger.py->__console->logger line:46: find__ 点击"点击勾选用户协议",定位方法: id-->com.mmc.fengshui.pass:id/linghit_quick_checkbox line31
[INFO]--2022-03-25 16:21:24,716-logger.py->__console->logger line:46: find__ 点击"账号输入",定位方法: id-->com.mmc.fengshui.pass:id/linghit_login_phone_number_et line31
[INFO]--2022-03-25 16:21:25,263-logger.py->__console->logger line:46: find__ 点击"输入密码",定位方法: id-->com.mmc.fengshui.pass:id/linghit_login_password_et line31
[INFO]--2022-03-25 16:21:26,345-logger.py->__console->logger line:46: find__ 点击"点击登录",定位方法: text-->登录 line31
[INFO]--2022-03-25 16:21:27,904-logger.py->__console->logger line:46: find__ 点击"账号输入",定位方法: id-->com.mmc.fengshui.pass:id/linghit_login_phone_number_et line31
[INFO]--2022-03-25 16:21:28,385-logger.py->__console->logger line:46: find__ 点击"输入密码",定位方法: id-->com.mmc.fengshui.pass:id/linghit_login_password_et line31
[INFO]--2022-03-25 16:21:31,307-logger.py->__console->logger line:46: find__ 点击"点击勾选用户协议",定位方法: id-->com.mmc.fengshui.pass:id/linghit_quick_checkbox line31
[INFO]--2022-03-25 16:21:35,348-logger.py->__console->logger line:46: find__ 点击"点击勾选用户协议",定位方法: id-->com.mmc.fengshui.pass:id/linghit_quick_checkbox line31
[INFO]--2022-03-25 16:21:39,390-logger.py->__console->logger line:46: find__ 点击"点击登录",定位方法: text-->登录 line31
[INFO]--2022-03-25 16:21:41,439-logger.py->__console->logger line:46: find__ 点击"账号输入",定位方法: id-->com.mmc.fengshui.pass:id/linghit_login_phone_number_et line31
[INFO]--2022-03-25 16:21:41,992-logger.py->__console->logger line:46: find__ 点击"输入密码",定位方法: id-->com.mmc.fengshui.pass:id/linghit_login_password_et line31
[INFO]--2022-03-25 16:21:45,026-logger.py->__console->logger line:46: find__ 点击"点击登录",定位方法: text-->登录 line31
[INFO]--2022-03-25 16:21:47,120-logger.py->__console->logger line:46: find__ 点击"签到",定位方法: text-->签到 line31
[INFO]--2022-03-25 16:21:51,726-logger.py->__console->logger line:46: find__ 点击"查看我的优惠券",定位方法: text-->查看我的优惠券 line31
[INFO]--2022-03-25 16:22:32,531-logger.py->__console->logger line:46: find__ 点击"关闭广告弹框",定位方法: id-->com.mmc.fengshui.pass:id/vDialogLeftClose line31
[INFO]--2022-03-25 16:22:33,469-logger.py->__console->logger line:46: find__ 点击"关闭抽签广告",定位方法: id-->com.mmc.fengshui.pass:id/vDialogRightClose line31
[INFO]--2022-03-25 16:22:36,702-logger.py->__console->logger line:46: find__ 点击"点击课程tab",定位方法: id-->com.mmc.fengshui.pass:id/vBCNavigationTab5 line31
[INFO]--2022-03-25 16:22:48,293-logger.py->__console->logger line:46: find__ 点击"点击优惠券",定位方法: text-->优惠券（0） line31
[INFO]--2022-03-25 16:23:42,421-logger.py->__console->logger line:46: find__ 点击"关闭广告弹框",定位方法: id-->com.mmc.fengshui.pass:id/vDialogLeftClose line31
[INFO]--2022-03-25 16:23:43,265-logger.py->__console->logger line:46: find__ 点击"关闭抽签广告",定位方法: id-->com.mmc.fengshui.pass:id/vDialogRightClose line31
[INFO]--2022-03-25 16:23:47,567-logger.py->__console->logger line:46: find__ 点击"点击课程tab",定位方法: id-->com.mmc.fengshui.pass:id/vBCNavigationTab5 line31
[INFO]--2022-03-25 16:23:58,141-logger.py->__console->logger line:46: find__ 点击"点击头像",定位方法: id-->com.mmc.fengshui.pass:id/ivUserAvatar line31
[ERROR]--2022-03-25 16:24:01,231-logger.py->__console->logger line:52: finds__ 正在点击" 我的资料",定位方法: text-->我的资料 line63
[INFO]--2022-03-25 16:24:03,326-logger.py->__console->logger line:46: find__ 点击"点击我的昵称",定位方法: text-->我的昵称 line31
[INFO]--2022-03-25 16:24:08,419-logger.py->__console->logger line:46: find__ 点击"点击修改昵称取消",定位方法: text-->取消 line31
[INFO]--2022-03-25 16:24:13,474-logger.py->__console->logger line:46: find__ 点击"点击我的生日",定位方法: text-->我的生日 line31
[INFO]--2022-03-25 16:24:16,542-logger.py->__console->logger line:46: find__ 点击" 点击出生日期弹框",定位方法: text-->确定 line31
[INFO]--2022-03-25 16:24:23,583-logger.py->__console->logger line:46: find__ 点击"点击我的需求",定位方法: text-->我的需求 line31
[INFO]--2022-03-25 16:24:25,643-logger.py->__console->logger line:46: find__ 点击" 点击关闭需求弹框",定位方法: text-->以后再选 line31
[INFO]--2022-03-25 16:24:33,697-logger.py->__console->logger line:46: find__ 点击"点击我的性别",定位方法: text-->我的性别 line31
[INFO]--2022-03-25 16:24:36,770-logger.py->__console->logger line:46: find__ 点击" 点击性别男",定位方法: text-->男 line31
[INFO]--2022-03-25 16:24:44,791-logger.py->__console->logger line:46: find__ 点击"点击工作状况",定位方法: text-->工作状况 line31
[INFO]--2022-03-25 16:24:47,843-logger.py->__console->logger line:46: find__ 点击" 点击工作状况",定位方法: text-->待业 line31
[INFO]--2022-03-25 16:24:55,719-logger.py->__console->logger line:46: find__ 点击"点击婚姻状况",定位方法: text-->婚姻状况 line31
[INFO]--2022-03-25 16:24:58,779-logger.py->__console->logger line:46: find__ 点击" 点击婚姻状况",定位方法: text-->单身 line31
[INFO]--2022-03-25 16:25:04,841-logger.py->__console->logger line:46: find__ 点击"点击手机号码",定位方法: text-->手机号码 line31
[ERROR]--2022-03-25 16:25:12,904-logger.py->__console->logger line:52: finds__ 正在点击" 点击手机号码跳转界面",定位方法: text-->风水罗盘 line63
[INFO]--2022-03-25 16:25:19,312-logger.py->__console->logger line:46: find__ 点击"点击修改密码",定位方法: text-->修改密码 line31
[INFO]--2022-03-25 16:25:29,387-logger.py->__console->logger line:46: find__ 点击" 点击退出登录",定位方法: text-->退出登录 line31
[INFO]--2022-03-25 16:35:48,437-logger.py->__console->logger line:46: find__ 点击"关闭广告弹框",定位方法: id-->com.mmc.fengshui.pass:id/vDialogLeftClose line31
[INFO]--2022-03-25 16:35:49,088-logger.py->__console->logger line:46: find__ 点击"关闭抽签广告",定位方法: id-->com.mmc.fengshui.pass:id/vDialogRightClose line31
[INFO]--2022-03-25 16:35:50,294-logger.py->__console->logger line:46: find__ 点击"关闭家居风水广告",定位方法: id-->com.mmc.fengshui.pass:id/vDialogClose line31
[INFO]--2022-03-25 16:35:53,465-logger.py->__console->logger line:46: find__ 点击"点击课程tab",定位方法: id-->com.mmc.fengshui.pass:id/vBCNavigationTab5 line31
[INFO]--2022-03-25 16:35:56,552-logger.py->__console->logger line:46: find__ 点击"点击头像",定位方法: id-->com.mmc.fengshui.pass:id/ivUserAvatar line31
[INFO]--2022-03-25 16:35:59,655-logger.py->__console->logger line:46: find__ 点击"点击本机号码登录",定位方法: text-->本机号码一键登录 line31
[INFO]--2022-03-25 16:36:02,952-logger.py->__console->logger line:46: find__ 点击"点击服务协议",定位方法: text-->《服务协议》 line31
[INFO]--2022-03-25 16:36:09,328-logger.py->__console->logger line:46: find__ 点击"点击隐私政策",定位方法: text-->《隐私政策》 line31
[INFO]--2022-03-25 16:36:15,696-logger.py->__console->logger line:46: find__ 点击"点击其他方式登录",定位方法: text-->其他方式登录 line31
[INFO]--2022-03-25 16:36:17,752-logger.py->__console->logger line:46: find__ 点击"点击注册",定位方法: text-->注册 line31
[INFO]--2022-03-25 16:36:19,809-logger.py->__console->logger line:46: find__ 点击"点击地区",定位方法: id-->com.mmc.fengshui.pass:id/linghit_login_phone_number_area_btn line31
[INFO]--2022-03-25 16:36:20,850-logger.py->__console->logger line:46: find__ 点击"点击选择中国大陆",定位方法: text-->中国大陆 +86 line31
[INFO]--2022-03-25 16:36:24,491-logger.py->__console->logger line:46: find__ 点击"点击确认注册",定位方法: id-->com.mmc.fengshui.pass:id/linghit_login_confirm_btn line31
[INFO]--2022-03-25 16:36:27,566-logger.py->__console->logger line:46: find__ 点击"点击勾选用户协议",定位方法: id-->com.mmc.fengshui.pass:id/linghit_login_accept_ck line31
[INFO]--2022-03-25 16:36:28,610-logger.py->__console->logger line:46: find__ 点击"点击确认注册",定位方法: id-->com.mmc.fengshui.pass:id/linghit_login_confirm_btn line31
[INFO]--2022-03-25 16:36:31,686-logger.py->__console->logger line:46: find__ 点击"输入手机号",定位方法: id-->com.mmc.fengshui.pass:id/linghit_login_phone_number_et line31
[INFO]--2022-03-25 16:36:33,249-logger.py->__console->logger line:46: find__ 点击"点击确认注册",定位方法: id-->com.mmc.fengshui.pass:id/linghit_login_confirm_btn line31
[INFO]--2022-03-25 16:36:35,331-logger.py->__console->logger line:46: find__ 点击"输入手机号",定位方法: id-->com.mmc.fengshui.pass:id/linghit_login_phone_number_et line31
[INFO]--2022-03-25 16:36:38,045-logger.py->__console->logger line:46: find__ 点击"输入手机号",定位方法: id-->com.mmc.fengshui.pass:id/linghit_login_phone_number_et line31
[INFO]--2022-03-25 16:36:39,633-logger.py->__console->logger line:46: find__ 点击"点击确认注册",定位方法: id-->com.mmc.fengshui.pass:id/linghit_login_confirm_btn line31
[INFO]--2022-03-25 16:36:41,727-logger.py->__console->logger line:46: find__ 点击"输入手机号",定位方法: id-->com.mmc.fengshui.pass:id/linghit_login_phone_number_et line31
[INFO]--2022-03-25 16:36:44,344-logger.py->__console->logger line:46: find__ 点击"输入手机号",定位方法: id-->com.mmc.fengshui.pass:id/linghit_login_phone_number_et line31
[INFO]--2022-03-25 16:36:45,905-logger.py->__console->logger line:46: find__ 点击"输入验证码",定位方法: id-->com.mmc.fengshui.pass:id/linghit_login_virfy_number_et line31
[INFO]--2022-03-25 16:36:46,457-logger.py->__console->logger line:46: find__ 点击"点击确认注册",定位方法: id-->com.mmc.fengshui.pass:id/linghit_login_confirm_btn line31
[INFO]--2022-03-25 16:36:49,022-logger.py->__console->logger line:46: find__ 点击"输入手机号",定位方法: id-->com.mmc.fengshui.pass:id/linghit_login_phone_number_et line31
[INFO]--2022-03-25 16:36:49,647-logger.py->__console->logger line:46: find__ 点击"输入验证码",定位方法: id-->com.mmc.fengshui.pass:id/linghit_login_virfy_number_et line31
[INFO]--2022-03-25 16:36:52,335-logger.py->__console->logger line:46: find__ 点击"输入手机号",定位方法: id-->com.mmc.fengshui.pass:id/linghit_login_phone_number_et line31
[INFO]--2022-03-25 16:36:53,891-logger.py->__console->logger line:46: find__ 点击"输入验证码",定位方法: id-->com.mmc.fengshui.pass:id/linghit_login_virfy_number_et line31
[INFO]--2022-03-25 16:36:55,449-logger.py->__console->logger line:46: find__ 点击"输入密码",定位方法: id-->com.mmc.fengshui.pass:id/linghit_login_password_et line31
[INFO]--2022-03-25 16:36:57,016-logger.py->__console->logger line:46: find__ 点击"点击确认注册",定位方法: id-->com.mmc.fengshui.pass:id/linghit_login_confirm_btn line31
[INFO]--2022-03-25 16:36:58,742-logger.py->__console->logger line:46: find__ 点击"输入手机号",定位方法: id-->com.mmc.fengshui.pass:id/linghit_login_phone_number_et line31
[INFO]--2022-03-25 16:36:59,198-logger.py->__console->logger line:46: find__ 点击"输入验证码",定位方法: id-->com.mmc.fengshui.pass:id/linghit_login_virfy_number_et line31
[INFO]--2022-03-25 16:37:00,164-logger.py->__console->logger line:46: find__ 点击"输入密码",定位方法: id-->com.mmc.fengshui.pass:id/linghit_login_password_et line31
[INFO]--2022-03-25 16:37:03,550-logger.py->__console->logger line:46: find__ 点击"输入手机号",定位方法: id-->com.mmc.fengshui.pass:id/linghit_login_phone_number_et line31
[INFO]--2022-03-25 16:37:05,110-logger.py->__console->logger line:46: find__ 点击"输入验证码",定位方法: id-->com.mmc.fengshui.pass:id/linghit_login_virfy_number_et line31
[INFO]--2022-03-25 16:37:06,669-logger.py->__console->logger line:46: find__ 点击"输入密码",定位方法: id-->com.mmc.fengshui.pass:id/linghit_login_password_et line31
[INFO]--2022-03-25 16:37:08,238-logger.py->__console->logger line:46: find__ 点击"点击确认注册",定位方法: id-->com.mmc.fengshui.pass:id/linghit_login_confirm_btn line31
[INFO]--2022-03-25 16:37:10,324-logger.py->__console->logger line:46: find__ 点击"输入手机号",定位方法: id-->com.mmc.fengshui.pass:id/linghit_login_phone_number_et line31
[INFO]--2022-03-25 16:37:10,870-logger.py->__console->logger line:46: find__ 点击"输入验证码",定位方法: id-->com.mmc.fengshui.pass:id/linghit_login_virfy_number_et line31
[INFO]--2022-03-25 16:37:11,666-logger.py->__console->logger line:46: find__ 点击"输入密码",定位方法: id-->com.mmc.fengshui.pass:id/linghit_login_password_et line31
[INFO]--2022-03-25 16:37:15,547-logger.py->__console->logger line:46: find__ 点击"点击忘记密码?",定位方法: text-->忘记密码? line31
[INFO]--2022-03-25 16:37:17,592-logger.py->__console->logger line:46: find__ 点击"点击手机号找回密码",定位方法: text-->手机号找回密码 line31
[INFO]--2022-03-25 16:37:20,700-logger.py->__console->logger line:46: find__ 点击"点击地区",定位方法: id-->com.mmc.fengshui.pass:id/linghit_login_phone_number_area_btn line31
[INFO]--2022-03-25 16:37:21,737-logger.py->__console->logger line:46: find__ 点击"点击选择中国大陆",定位方法: text-->中国大陆 +86 line31
[INFO]--2022-03-25 16:37:25,367-logger.py->__console->logger line:46: find__ 点击"点击保存",定位方法: id-->com.mmc.fengshui.pass:id/linghit_login_confirm_btn line31
[INFO]--2022-03-25 16:37:28,459-logger.py->__console->logger line:46: find__ 点击"输入手机号",定位方法: id-->com.mmc.fengshui.pass:id/linghit_login_phone_number_et line31
[INFO]--2022-03-25 16:37:30,016-logger.py->__console->logger line:46: find__ 点击"点击保存",定位方法: id-->com.mmc.fengshui.pass:id/linghit_login_confirm_btn line31
[INFO]--2022-03-25 16:37:32,230-logger.py->__console->logger line:46: find__ 点击"输入手机号",定位方法: id-->com.mmc.fengshui.pass:id/linghit_login_phone_number_et line31
[INFO]--2022-03-25 16:37:34,679-logger.py->__console->logger line:46: find__ 点击"输入手机号",定位方法: id-->com.mmc.fengshui.pass:id/linghit_login_phone_number_et line31
[INFO]--2022-03-25 16:37:36,262-logger.py->__console->logger line:46: find__ 点击"点击保存",定位方法: id-->com.mmc.fengshui.pass:id/linghit_login_confirm_btn line31
[INFO]--2022-03-25 16:37:38,377-logger.py->__console->logger line:46: find__ 点击"输入手机号",定位方法: id-->com.mmc.fengshui.pass:id/linghit_login_phone_number_et line31
[INFO]--2022-03-25 16:37:40,838-logger.py->__console->logger line:46: find__ 点击"输入手机号",定位方法: id-->com.mmc.fengshui.pass:id/linghit_login_phone_number_et line31
[INFO]--2022-03-25 16:37:42,391-logger.py->__console->logger line:46: find__ 点击"输入验证码",定位方法: id-->com.mmc.fengshui.pass:id/linghit_login_virfy_number_et line31
[INFO]--2022-03-25 16:37:42,944-logger.py->__console->logger line:46: find__ 点击"点击保存",定位方法: id-->com.mmc.fengshui.pass:id/linghit_login_confirm_btn line31
[INFO]--2022-03-25 16:37:45,554-logger.py->__console->logger line:46: find__ 点击"输入手机号",定位方法: id-->com.mmc.fengshui.pass:id/linghit_login_phone_number_et line31
[INFO]--2022-03-25 16:37:46,016-logger.py->__console->logger line:46: find__ 点击"输入验证码",定位方法: id-->com.mmc.fengshui.pass:id/linghit_login_virfy_number_et line31
[INFO]--2022-03-25 16:37:48,878-logger.py->__console->logger line:46: find__ 点击"输入手机号",定位方法: id-->com.mmc.fengshui.pass:id/linghit_login_phone_number_et line31
[INFO]--2022-03-25 16:37:50,449-logger.py->__console->logger line:46: find__ 点击"输入验证码",定位方法: id-->com.mmc.fengshui.pass:id/linghit_login_virfy_number_et line31
[INFO]--2022-03-25 16:37:52,098-logger.py->__console->logger line:46: find__ 点击"输入新密码",定位方法: text-->新密码(6–18位字母或者数字) line31
[INFO]--2022-03-25 16:37:53,657-logger.py->__console->logger line:46: find__ 点击"点击保存",定位方法: id-->com.mmc.fengshui.pass:id/linghit_login_confirm_btn line31
[INFO]--2022-03-25 16:37:56,279-logger.py->__console->logger line:46: find__ 点击"输入手机号",定位方法: id-->com.mmc.fengshui.pass:id/linghit_login_phone_number_et line31
[INFO]--2022-03-25 16:37:56,746-logger.py->__console->logger line:46: find__ 点击"输入验证码",定位方法: id-->com.mmc.fengshui.pass:id/linghit_login_virfy_number_et line31
[INFO]--2022-03-25 16:37:57,865-logger.py->__console->logger line:46: find__ 点击"清空输入密码",定位方法: id-->com.mmc.fengshui.pass:id/linghit_login_password_et line31
[INFO]--2022-03-25 16:38:00,828-logger.py->__console->logger line:46: find__ 点击"输入手机号",定位方法: id-->com.mmc.fengshui.pass:id/linghit_login_phone_number_et line31
[INFO]--2022-03-25 16:38:02,447-logger.py->__console->logger line:46: find__ 点击"输入验证码",定位方法: id-->com.mmc.fengshui.pass:id/linghit_login_virfy_number_et line31
[INFO]--2022-03-25 16:38:04,041-logger.py->__console->logger line:46: find__ 点击"输入新密码",定位方法: text-->新密码(6–18位字母或者数字) line31
[INFO]--2022-03-25 16:38:05,663-logger.py->__console->logger line:46: find__ 点击"点击保存",定位方法: id-->com.mmc.fengshui.pass:id/linghit_login_confirm_btn line31
[INFO]--2022-03-25 16:38:07,742-logger.py->__console->logger line:46: find__ 点击"输入手机号",定位方法: id-->com.mmc.fengshui.pass:id/linghit_login_phone_number_et line31
[INFO]--2022-03-25 16:38:08,196-logger.py->__console->logger line:46: find__ 点击"输入验证码",定位方法: id-->com.mmc.fengshui.pass:id/linghit_login_virfy_number_et line31
[INFO]--2022-03-25 16:38:09,298-logger.py->__console->logger line:46: find__ 点击"清空输入密码",定位方法: id-->com.mmc.fengshui.pass:id/linghit_login_password_et line31
[INFO]--2022-03-25 16:38:12,103-logger.py->__console->logger line:46: find__ 点击"输入手机号",定位方法: id-->com.mmc.fengshui.pass:id/linghit_login_phone_number_et line31
[INFO]--2022-03-25 16:38:13,656-logger.py->__console->logger line:46: find__ 点击"输入验证码",定位方法: id-->com.mmc.fengshui.pass:id/linghit_login_virfy_number_et line31
[INFO]--2022-03-25 16:38:15,211-logger.py->__console->logger line:46: find__ 点击"输入新密码",定位方法: text-->新密码(6–18位字母或者数字) line31
[INFO]--2022-03-25 16:38:16,788-logger.py->__console->logger line:46: find__ 点击"再次输入密码",定位方法: text-->请再次输入新密码 line31
[INFO]--2022-03-25 16:38:17,350-logger.py->__console->logger line:46: find__ 点击"点击保存",定位方法: id-->com.mmc.fengshui.pass:id/linghit_login_confirm_btn line31
[INFO]--2022-03-25 16:38:22,982-logger.py->__console->logger line:46: find__ 点击"点击忘记密码?",定位方法: text-->忘记密码? line31
[INFO]--2022-03-25 16:38:25,082-logger.py->__console->logger line:46: find__ 点击"点击手机号找回密码",定位方法: text-->手机号找回密码 line31
[INFO]--2022-03-25 16:38:28,204-logger.py->__console->logger line:46: find__ 点击"输入手机号",定位方法: id-->com.mmc.fengshui.pass:id/linghit_login_phone_number_et line31
[INFO]--2022-03-25 16:38:29,771-logger.py->__console->logger line:46: find__ 点击"输入验证码",定位方法: id-->com.mmc.fengshui.pass:id/linghit_login_virfy_number_et line31
[INFO]--2022-03-25 16:38:31,317-logger.py->__console->logger line:46: find__ 点击"输入新密码",定位方法: text-->新密码(6–18位字母或者数字) line31
[INFO]--2022-03-25 16:38:32,867-logger.py->__console->logger line:46: find__ 点击"再次输入密码",定位方法: text-->请再次输入新密码 line31
[INFO]--2022-03-25 16:38:33,423-logger.py->__console->logger line:46: find__ 点击"点击保存",定位方法: id-->com.mmc.fengshui.pass:id/linghit_login_confirm_btn line31
[INFO]--2022-03-25 16:38:39,032-logger.py->__console->logger line:46: find__ 点击"点击忘记密码?",定位方法: text-->忘记密码? line31
[INFO]--2022-03-25 16:38:41,095-logger.py->__console->logger line:46: find__ 点击"点击手机号找回密码",定位方法: text-->手机号找回密码 line31
[INFO]--2022-03-25 16:38:44,299-logger.py->__console->logger line:46: find__ 点击"输入手机号",定位方法: id-->com.mmc.fengshui.pass:id/linghit_login_phone_number_et line31
[INFO]--2022-03-25 16:38:45,875-logger.py->__console->logger line:46: find__ 点击"输入验证码",定位方法: id-->com.mmc.fengshui.pass:id/linghit_login_virfy_number_et line31
[INFO]--2022-03-25 16:38:47,417-logger.py->__console->logger line:46: find__ 点击"输入新密码",定位方法: text-->新密码(6–18位字母或者数字) line31
[INFO]--2022-03-25 16:38:48,972-logger.py->__console->logger line:46: find__ 点击"再次输入密码",定位方法: text-->请再次输入新密码 line31
[INFO]--2022-03-25 16:38:49,568-logger.py->__console->logger line:46: find__ 点击"点击保存",定位方法: id-->com.mmc.fengshui.pass:id/linghit_login_confirm_btn line31
[INFO]--2022-03-25 16:38:54,163-logger.py->__console->logger line:46: find__ 点击"点击密码登录",定位方法: text-->账号密码登录 line31
[INFO]--2022-03-25 16:38:56,209-logger.py->__console->logger line:46: find__ 点击"点击登录",定位方法: text-->登录 line31
[INFO]--2022-03-25 16:39:00,801-logger.py->__console->logger line:46: find__ 点击"点击勾选用户协议",定位方法: id-->com.mmc.fengshui.pass:id/linghit_quick_checkbox line31
[INFO]--2022-03-25 16:39:02,938-logger.py->__console->logger line:46: find__ 点击"点击登录",定位方法: text-->登录 line31
[INFO]--2022-03-25 16:39:05,522-logger.py->__console->logger line:46: find__ 点击"点击勾选用户协议",定位方法: id-->com.mmc.fengshui.pass:id/linghit_quick_checkbox line31
[INFO]--2022-03-25 16:39:11,564-logger.py->__console->logger line:46: find__ 点击"点击勾选用户协议",定位方法: id-->com.mmc.fengshui.pass:id/linghit_quick_checkbox line31
[INFO]--2022-03-25 16:39:13,615-logger.py->__console->logger line:46: find__ 点击"账号输入",定位方法: id-->com.mmc.fengshui.pass:id/linghit_login_phone_number_et line31
[INFO]--2022-03-25 16:39:14,178-logger.py->__console->logger line:46: find__ 点击"点击登录",定位方法: text-->登录 line31
[INFO]--2022-03-25 16:39:15,237-logger.py->__console->logger line:46: find__ 点击"账号输入",定位方法: id-->com.mmc.fengshui.pass:id/linghit_login_phone_number_et line31
[INFO]--2022-03-25 16:39:17,689-logger.py->__console->logger line:46: find__ 点击"点击勾选用户协议",定位方法: id-->com.mmc.fengshui.pass:id/linghit_quick_checkbox line31
[INFO]--2022-03-25 16:39:23,740-logger.py->__console->logger line:46: find__ 点击"点击勾选用户协议",定位方法: id-->com.mmc.fengshui.pass:id/linghit_quick_checkbox line31
[INFO]--2022-03-25 16:39:25,809-logger.py->__console->logger line:46: find__ 点击"账号输入",定位方法: id-->com.mmc.fengshui.pass:id/linghit_login_phone_number_et line31
[INFO]--2022-03-25 16:39:26,386-logger.py->__console->logger line:46: find__ 点击"输入密码",定位方法: id-->com.mmc.fengshui.pass:id/linghit_login_password_et line31
[INFO]--2022-03-25 16:39:27,420-logger.py->__console->logger line:46: find__ 点击"点击登录",定位方法: text-->登录 line31
[INFO]--2022-03-25 16:39:29,069-logger.py->__console->logger line:46: find__ 点击"账号输入",定位方法: id-->com.mmc.fengshui.pass:id/linghit_login_phone_number_et line31
[INFO]--2022-03-25 16:39:29,520-logger.py->__console->logger line:46: find__ 点击"输入密码",定位方法: id-->com.mmc.fengshui.pass:id/linghit_login_password_et line31
[INFO]--2022-03-25 16:39:32,439-logger.py->__console->logger line:46: find__ 点击"点击勾选用户协议",定位方法: id-->com.mmc.fengshui.pass:id/linghit_quick_checkbox line31
[INFO]--2022-03-25 16:39:38,491-logger.py->__console->logger line:46: find__ 点击"点击勾选用户协议",定位方法: id-->com.mmc.fengshui.pass:id/linghit_quick_checkbox line31
[INFO]--2022-03-25 16:39:40,550-logger.py->__console->logger line:46: find__ 点击"账号输入",定位方法: id-->com.mmc.fengshui.pass:id/linghit_login_phone_number_et line31
[INFO]--2022-03-25 16:39:41,105-logger.py->__console->logger line:46: find__ 点击"输入密码",定位方法: id-->com.mmc.fengshui.pass:id/linghit_login_password_et line31
[INFO]--2022-03-25 16:39:42,139-logger.py->__console->logger line:46: find__ 点击"点击登录",定位方法: text-->登录 line31
[INFO]--2022-03-25 16:39:43,782-logger.py->__console->logger line:46: find__ 点击"账号输入",定位方法: id-->com.mmc.fengshui.pass:id/linghit_login_phone_number_et line31
[INFO]--2022-03-25 16:39:44,241-logger.py->__console->logger line:46: find__ 点击"输入密码",定位方法: id-->com.mmc.fengshui.pass:id/linghit_login_password_et line31
[INFO]--2022-03-25 16:39:47,244-logger.py->__console->logger line:46: find__ 点击"点击勾选用户协议",定位方法: id-->com.mmc.fengshui.pass:id/linghit_quick_checkbox line31
[INFO]--2022-03-25 16:39:51,324-logger.py->__console->logger line:46: find__ 点击"点击勾选用户协议",定位方法: id-->com.mmc.fengshui.pass:id/linghit_quick_checkbox line31
[INFO]--2022-03-25 16:39:55,374-logger.py->__console->logger line:46: find__ 点击"点击登录",定位方法: text-->登录 line31
[INFO]--2022-03-25 16:39:57,435-logger.py->__console->logger line:46: find__ 点击"账号输入",定位方法: id-->com.mmc.fengshui.pass:id/linghit_login_phone_number_et line31
[INFO]--2022-03-25 16:39:57,978-logger.py->__console->logger line:46: find__ 点击"输入密码",定位方法: id-->com.mmc.fengshui.pass:id/linghit_login_password_et line31
[INFO]--2022-03-25 16:40:01,021-logger.py->__console->logger line:46: find__ 点击"点击登录",定位方法: text-->登录 line31
[INFO]--2022-03-25 16:40:03,083-logger.py->__console->logger line:46: find__ 点击"查看我的优惠券",定位方法: text-->查看我的优惠券 line31
