[INFO]--2022-03-23 10:37:56,953-logger.py->__console->logger line:46: find__ 点击"关闭广告弹框",定位方法: id-->com.mmc.fengshui.pass:id/vDialogLeftClose line31
[INFO]--2022-03-23 10:37:57,446-logger.py->__console->logger line:46: find__ 点击"关闭抽签广告",定位方法: id-->com.mmc.fengshui.pass:id/vDialogRightClose line31
[INFO]--2022-03-23 10:37:58,557-logger.py->__console->logger line:46: find__ 点击"关闭家居风水广告",定位方法: id-->com.mmc.fengshui.pass:id/vDialogClose line31
[INFO]--2022-03-23 10:38:01,687-logger.py->__console->logger line:46: find__ 点击"点击课程tab",定位方法: id-->com.mmc.fengshui.pass:id/vBCNavigationTab5 line31
[INFO]--2022-03-23 10:38:04,769-logger.py->__console->logger line:46: find__ 点击"点击头像",定位方法: id-->com.mmc.fengshui.pass:id/ivUserAvatar line31
[INFO]--2022-03-23 10:38:08,011-logger.py->__console->logger line:46: find__ 点击"点击本机号码登录",定位方法: text-->本机号码一键登录 line31
[INFO]--2022-03-23 10:38:11,470-logger.py->__console->logger line:46: find__ 点击"点击服务协议",定位方法: text-->《服务协议》 line31
[INFO]--2022-03-23 10:38:18,368-logger.py->__console->logger line:46: find__ 点击"点击隐私政策",定位方法: text-->《隐私政策》 line31
[INFO]--2022-03-23 10:38:24,624-logger.py->__console->logger line:46: find__ 点击"点击其他方式登录",定位方法: text-->其他方式登录 line31
[INFO]--2022-03-23 10:38:26,678-logger.py->__console->logger line:46: find__ 点击"点击密码登录",定位方法: text-->账号密码登录 line31
[INFO]--2022-03-23 10:38:28,751-logger.py->__console->logger line:46: find__ 点击"点击登录",定位方法: text-->登录 line31
[INFO]--2022-03-23 10:38:33,320-logger.py->__console->logger line:46: find__ 点击"点击勾选用户协议",定位方法: id-->com.mmc.fengshui.pass:id/linghit_quick_checkbox line31
[INFO]--2022-03-23 10:38:35,360-logger.py->__console->logger line:46: find__ 点击"点击登录",定位方法: text-->登录 line31
[INFO]--2022-03-23 10:38:38,049-logger.py->__console->logger line:46: find__ 点击"点击勾选用户协议",定位方法: id-->com.mmc.fengshui.pass:id/linghit_quick_checkbox line31
[INFO]--2022-03-23 10:38:44,097-logger.py->__console->logger line:46: find__ 点击"点击勾选用户协议",定位方法: id-->com.mmc.fengshui.pass:id/linghit_quick_checkbox line31
[INFO]--2022-03-23 10:38:46,141-logger.py->__console->logger line:46: find__ 点击"账号输入",定位方法: id-->com.mmc.fengshui.pass:id/linghit_login_phone_number_et line31
[INFO]--2022-03-23 10:38:46,738-logger.py->__console->logger line:46: find__ 点击"点击登录",定位方法: text-->登录 line31
[INFO]--2022-03-23 10:38:47,810-logger.py->__console->logger line:46: find__ 点击"账号输入",定位方法: id-->com.mmc.fengshui.pass:id/linghit_login_phone_number_et line31
[INFO]--2022-03-23 10:38:50,343-logger.py->__console->logger line:46: find__ 点击"点击勾选用户协议",定位方法: id-->com.mmc.fengshui.pass:id/linghit_quick_checkbox line31
[INFO]--2022-03-23 10:38:56,393-logger.py->__console->logger line:46: find__ 点击"点击勾选用户协议",定位方法: id-->com.mmc.fengshui.pass:id/linghit_quick_checkbox line31
[INFO]--2022-03-23 10:38:58,446-logger.py->__console->logger line:46: find__ 点击"账号输入",定位方法: id-->com.mmc.fengshui.pass:id/linghit_login_phone_number_et line31
[INFO]--2022-03-23 10:38:59,027-logger.py->__console->logger line:46: find__ 点击"输入密码",定位方法: id-->com.mmc.fengshui.pass:id/linghit_login_password_et line31
[INFO]--2022-03-23 10:39:00,660-logger.py->__console->logger line:46: find__ 点击"点击登录",定位方法: text-->登录 line31
[INFO]--2022-03-23 10:39:02,258-logger.py->__console->logger line:46: find__ 点击"账号输入",定位方法: id-->com.mmc.fengshui.pass:id/linghit_login_phone_number_et line31
[INFO]--2022-03-23 10:39:02,692-logger.py->__console->logger line:46: find__ 点击"输入密码",定位方法: id-->com.mmc.fengshui.pass:id/linghit_login_password_et line31
[INFO]--2022-03-23 10:39:05,574-logger.py->__console->logger line:46: find__ 点击"点击勾选用户协议",定位方法: id-->com.mmc.fengshui.pass:id/linghit_quick_checkbox line31
[INFO]--2022-03-23 10:39:11,615-logger.py->__console->logger line:46: find__ 点击"点击勾选用户协议",定位方法: id-->com.mmc.fengshui.pass:id/linghit_quick_checkbox line31
[INFO]--2022-03-23 10:39:13,664-logger.py->__console->logger line:46: find__ 点击"账号输入",定位方法: id-->com.mmc.fengshui.pass:id/linghit_login_phone_number_et line31
[INFO]--2022-03-23 10:39:14,211-logger.py->__console->logger line:46: find__ 点击"输入密码",定位方法: id-->com.mmc.fengshui.pass:id/linghit_login_password_et line31
[INFO]--2022-03-23 10:39:15,276-logger.py->__console->logger line:46: find__ 点击"点击登录",定位方法: text-->登录 line31
[INFO]--2022-03-23 10:39:16,901-logger.py->__console->logger line:46: find__ 点击"账号输入",定位方法: id-->com.mmc.fengshui.pass:id/linghit_login_phone_number_et line31
[INFO]--2022-03-23 10:39:17,367-logger.py->__console->logger line:46: find__ 点击"输入密码",定位方法: id-->com.mmc.fengshui.pass:id/linghit_login_password_et line31
[INFO]--2022-03-23 10:39:20,315-logger.py->__console->logger line:46: find__ 点击"点击勾选用户协议",定位方法: id-->com.mmc.fengshui.pass:id/linghit_quick_checkbox line31
[INFO]--2022-03-23 10:39:24,371-logger.py->__console->logger line:46: find__ 点击"点击勾选用户协议",定位方法: id-->com.mmc.fengshui.pass:id/linghit_quick_checkbox line31
[INFO]--2022-03-23 10:39:28,434-logger.py->__console->logger line:46: find__ 点击"点击登录",定位方法: text-->登录 line31
[INFO]--2022-03-23 10:39:30,502-logger.py->__console->logger line:46: find__ 点击"账号输入",定位方法: id-->com.mmc.fengshui.pass:id/linghit_login_phone_number_et line31
[INFO]--2022-03-23 10:39:31,067-logger.py->__console->logger line:46: find__ 点击"输入密码",定位方法: id-->com.mmc.fengshui.pass:id/linghit_login_password_et line31
[INFO]--2022-03-23 10:39:34,141-logger.py->__console->logger line:46: find__ 点击"点击登录",定位方法: text-->登录 line31
[INFO]--2022-03-23 10:39:36,225-logger.py->__console->logger line:46: find__ 点击"查看我的优惠券",定位方法: text-->查看我的优惠券 line31
[INFO]--2022-03-23 10:40:02,009-logger.py->__console->logger line:46: find__ 点击"查看我的优惠券",定位方法: text-->查看我的优惠券 line31
[INFO]--2022-03-23 10:41:03,890-logger.py->__console->logger line:46: find__ 点击"关闭广告弹框",定位方法: id-->com.mmc.fengshui.pass:id/vDialogLeftClose line31
[INFO]--2022-03-23 10:41:05,144-logger.py->__console->logger line:46: find__ 点击"关闭抽签广告",定位方法: id-->com.mmc.fengshui.pass:id/vDialogRightClose line31
[INFO]--2022-03-23 10:41:08,379-logger.py->__console->logger line:46: find__ 点击"点击课程tab",定位方法: id-->com.mmc.fengshui.pass:id/vBCNavigationTab5 line31
[INFO]--2022-03-23 10:41:19,919-logger.py->__console->logger line:46: find__ 点击"点击优惠券",定位方法: text-->优惠券（0） line31
[ERROR]--2022-03-23 10:41:23,069-logger.py->__console->logger line:52: finds__ 正在点击"跳转优惠券",定位方法: text-->优惠券 line63
[INFO]--2022-03-23 10:41:31,353-logger.py->__console->logger line:46: find__ 点击"点击风水记录",定位方法: text-->风水记录 line31
[ERROR]--2022-03-23 10:41:35,448-logger.py->__console->logger line:52: finds__ 正在点击"点击风水记录",定位方法: text-->风水记录 line63
[INFO]--2022-03-23 10:41:43,539-logger.py->__console->logger line:46: find__ 点击"点击宅主分析",定位方法: text-->宅主分析 line31
[ERROR]--2022-03-23 10:41:47,641-logger.py->__console->logger line:52: finds__ 正在点击"点击宅主分析",定位方法: text-->宅主分析 line63
[INFO]--2022-03-23 10:41:53,824-logger.py->__console->logger line:46: find__ 点击"点击服务消息",定位方法: text-->服务消息 line31
[ERROR]--2022-03-23 10:41:57,917-logger.py->__console->logger line:52: finds__ 正在点击"跳转消息列表",定位方法: text-->消息列表 line63
[INFO]--2022-03-23 10:42:05,005-logger.py->__console->logger line:46: find__ 点击"点击祈福明灯",定位方法: text-->祈福明灯 line31
[ERROR]--2022-03-23 10:42:09,083-logger.py->__console->logger line:52: finds__ 正在点击"跳转消息列表",定位方法: text-->我的明灯 line63
[INFO]--2022-03-23 10:42:15,339-logger.py->__console->logger line:46: find__ 点击"点击藏宝阁",定位方法: text-->藏宝阁 line31
[ERROR]--2022-03-23 10:42:19,441-logger.py->__console->logger line:52: finds__ 正在点击"跳转消息列表",定位方法: text-->我的圣品 line63
[INFO]--2022-03-23 10:42:26,521-logger.py->__console->logger line:46: find__ 点击"点击设置",定位方法: text-->设置 line31
[ERROR]--2022-03-23 10:42:30,593-logger.py->__console->logger line:52: finds__ 正在点击"跳转消息列表",定位方法: text-->应用设置 line63
[INFO]--2022-03-23 10:43:14,719-logger.py->__console->logger line:46: find__ 点击"关闭广告弹框",定位方法: id-->com.mmc.fengshui.pass:id/vDialogLeftClose line31
[INFO]--2022-03-23 10:43:15,537-logger.py->__console->logger line:46: find__ 点击"关闭抽签广告",定位方法: id-->com.mmc.fengshui.pass:id/vDialogRightClose line31
[INFO]--2022-03-23 10:43:19,757-logger.py->__console->logger line:46: find__ 点击"点击课程tab",定位方法: id-->com.mmc.fengshui.pass:id/vBCNavigationTab5 line31
[INFO]--2022-03-23 10:43:30,370-logger.py->__console->logger line:46: find__ 点击"点击头像",定位方法: id-->com.mmc.fengshui.pass:id/ivUserAvatar line31
[ERROR]--2022-03-23 10:43:33,412-logger.py->__console->logger line:52: finds__ 正在点击" 我的资料",定位方法: text-->我的资料 line63
[INFO]--2022-03-23 10:43:35,504-logger.py->__console->logger line:46: find__ 点击"点击我的昵称",定位方法: text-->我的昵称 line31
[INFO]--2022-03-23 10:43:40,571-logger.py->__console->logger line:46: find__ 点击"点击修改昵称取消",定位方法: text-->取消 line31
[INFO]--2022-03-23 10:43:45,606-logger.py->__console->logger line:46: find__ 点击"点击我的生日",定位方法: text-->我的生日 line31
[INFO]--2022-03-23 10:43:48,651-logger.py->__console->logger line:46: find__ 点击" 点击出生日期弹框",定位方法: text-->确定 line31
[INFO]--2022-03-23 10:43:55,689-logger.py->__console->logger line:46: find__ 点击"点击我的需求",定位方法: text-->我的需求 line31
[INFO]--2022-03-23 10:43:57,755-logger.py->__console->logger line:46: find__ 点击" 点击关闭需求弹框",定位方法: text-->以后再选 line31
[INFO]--2022-03-23 10:44:05,800-logger.py->__console->logger line:46: find__ 点击"点击我的性别",定位方法: text-->我的性别 line31
[INFO]--2022-03-23 10:44:08,864-logger.py->__console->logger line:46: find__ 点击" 点击性别男",定位方法: text-->男 line31
[INFO]--2022-03-23 10:44:15,815-logger.py->__console->logger line:46: find__ 点击"点击工作状况",定位方法: text-->工作状况 line31
[INFO]--2022-03-23 10:44:18,878-logger.py->__console->logger line:46: find__ 点击" 点击工作状况",定位方法: text-->待业 line31
[INFO]--2022-03-23 10:44:24,926-logger.py->__console->logger line:46: find__ 点击"点击婚姻状况",定位方法: text-->婚姻状况 line31
[INFO]--2022-03-23 10:44:27,983-logger.py->__console->logger line:46: find__ 点击" 点击婚姻状况",定位方法: text-->单身 line31
[INFO]--2022-03-23 10:44:34,964-logger.py->__console->logger line:46: find__ 点击"点击手机号码",定位方法: text-->手机号码 line31
[ERROR]--2022-03-23 10:44:43,029-logger.py->__console->logger line:52: finds__ 正在点击" 点击手机号码跳转界面",定位方法: text-->风水罗盘 line63
[INFO]--2022-03-23 10:44:49,398-logger.py->__console->logger line:46: find__ 点击"点击修改密码",定位方法: text-->修改密码 line31
[INFO]--2022-03-23 10:44:59,505-logger.py->__console->logger line:46: find__ 点击" 点击退出登录",定位方法: text-->退出登录 line31
[INFO]--2022-03-23 17:49:46,740-logger.py->__console->logger line:46: find__ 点击"关闭广告弹框",定位方法: id-->com.mmc.fengshui.pass:id/vDialogLeftClose line31
[INFO]--2022-03-23 17:49:48,364-logger.py->__console->logger line:46: find__ 点击"关闭抽签广告",定位方法: id-->com.mmc.fengshui.pass:id/vDialogRightClose line31
[INFO]--2022-03-23 17:49:49,705-logger.py->__console->logger line:46: find__ 点击"关闭家居风水广告",定位方法: id-->com.mmc.fengshui.pass:id/vDialogClose line31
[INFO]--2022-03-23 17:50:14,998-logger.py->__console->logger line:46: find__ 点击"关闭广告弹框",定位方法: id-->com.mmc.fengshui.pass:id/vDialogLeftClose line31
[INFO]--2022-03-23 17:50:41,079-logger.py->__console->logger line:46: find__ 点击"点击注册",定位方法: text-->注册 line31
[INFO]--2022-03-23 17:51:07,408-logger.py->__console->logger line:46: find__ 点击"点击注册",定位方法: text-->注册 line31
[INFO]--2022-03-23 17:51:33,321-logger.py->__console->logger line:46: find__ 点击"点击密码登录",定位方法: text-->账号密码登录 line31
[INFO]--2022-03-23 17:51:59,015-logger.py->__console->logger line:46: find__ 点击"点击密码登录",定位方法: text-->账号密码登录 line31
[INFO]--2022-03-23 17:52:25,706-logger.py->__console->logger line:46: find__ 点击"签到",定位方法: text-->签到 line31
[INFO]--2022-03-23 17:52:52,507-logger.py->__console->logger line:46: find__ 点击"签到",定位方法: text-->签到 line31
[INFO]--2022-03-23 17:53:39,874-logger.py->__console->logger line:46: find__ 点击"关闭广告弹框",定位方法: id-->com.mmc.fengshui.pass:id/vDialogLeftClose line31
[INFO]--2022-03-23 17:53:40,540-logger.py->__console->logger line:46: find__ 点击"关闭抽签广告",定位方法: id-->com.mmc.fengshui.pass:id/vDialogRightClose line31
[INFO]--2022-03-23 17:53:41,694-logger.py->__console->logger line:46: find__ 点击"关闭家居风水广告",定位方法: id-->com.mmc.fengshui.pass:id/vDialogClose line31
[INFO]--2022-03-23 17:53:44,846-logger.py->__console->logger line:46: find__ 点击"点击课程tab",定位方法: id-->com.mmc.fengshui.pass:id/vBCNavigationTab5 line31
[INFO]--2022-03-23 17:53:47,967-logger.py->__console->logger line:46: find__ 点击"点击头像",定位方法: id-->com.mmc.fengshui.pass:id/ivUserAvatar line31
[INFO]--2022-03-23 17:53:51,063-logger.py->__console->logger line:46: find__ 点击"点击本机号码登录",定位方法: text-->本机号码一键登录 line31
[INFO]--2022-03-23 17:53:54,155-logger.py->__console->logger line:46: find__ 点击"点击服务协议",定位方法: text-->《服务协议》 line31
[INFO]--2022-03-23 17:54:01,551-logger.py->__console->logger line:46: find__ 点击"点击隐私政策",定位方法: text-->《隐私政策》 line31
[INFO]--2022-03-23 17:54:07,948-logger.py->__console->logger line:46: find__ 点击"点击其他方式登录",定位方法: text-->其他方式登录 line31
[INFO]--2022-03-23 17:54:09,989-logger.py->__console->logger line:46: find__ 点击"点击注册",定位方法: text-->注册 line31
[INFO]--2022-03-23 17:54:12,055-logger.py->__console->logger line:46: find__ 点击"点击地区",定位方法: id-->com.mmc.fengshui.pass:id/linghit_login_phone_number_area_btn line31
[INFO]--2022-03-23 17:54:14,138-logger.py->__console->logger line:46: find__ 点击"点击选择中国大陆",定位方法: text-->中国大陆 +86 line31
[INFO]--2022-03-23 17:54:17,862-logger.py->__console->logger line:46: find__ 点击"点击确认注册",定位方法: id-->com.mmc.fengshui.pass:id/linghit_login_confirm_btn line31
[INFO]--2022-03-23 17:54:20,936-logger.py->__console->logger line:46: find__ 点击"点击勾选用户协议",定位方法: id-->com.mmc.fengshui.pass:id/linghit_login_accept_ck line31
[INFO]--2022-03-23 17:54:21,977-logger.py->__console->logger line:46: find__ 点击"点击确认注册",定位方法: id-->com.mmc.fengshui.pass:id/linghit_login_confirm_btn line31
[INFO]--2022-03-23 17:54:25,061-logger.py->__console->logger line:46: find__ 点击"输入手机号",定位方法: id-->com.mmc.fengshui.pass:id/linghit_login_phone_number_et line31
[INFO]--2022-03-23 17:54:26,623-logger.py->__console->logger line:46: find__ 点击"点击确认注册",定位方法: id-->com.mmc.fengshui.pass:id/linghit_login_confirm_btn line31
[INFO]--2022-03-23 17:54:28,707-logger.py->__console->logger line:46: find__ 点击"输入手机号",定位方法: id-->com.mmc.fengshui.pass:id/linghit_login_phone_number_et line31
[INFO]--2022-03-23 17:54:32,409-logger.py->__console->logger line:46: find__ 点击"输入手机号",定位方法: id-->com.mmc.fengshui.pass:id/linghit_login_phone_number_et line31
[INFO]--2022-03-23 17:54:33,985-logger.py->__console->logger line:46: find__ 点击"点击确认注册",定位方法: id-->com.mmc.fengshui.pass:id/linghit_login_confirm_btn line31
[INFO]--2022-03-23 17:54:36,062-logger.py->__console->logger line:46: find__ 点击"输入手机号",定位方法: id-->com.mmc.fengshui.pass:id/linghit_login_phone_number_et line31
[INFO]--2022-03-23 17:54:38,545-logger.py->__console->logger line:46: find__ 点击"输入手机号",定位方法: id-->com.mmc.fengshui.pass:id/linghit_login_phone_number_et line31
[INFO]--2022-03-23 17:54:40,140-logger.py->__console->logger line:46: find__ 点击"输入验证码",定位方法: id-->com.mmc.fengshui.pass:id/linghit_login_virfy_number_et line31
[INFO]--2022-03-23 17:54:40,700-logger.py->__console->logger line:46: find__ 点击"点击确认注册",定位方法: id-->com.mmc.fengshui.pass:id/linghit_login_confirm_btn line31
[INFO]--2022-03-23 17:54:43,262-logger.py->__console->logger line:46: find__ 点击"输入手机号",定位方法: id-->com.mmc.fengshui.pass:id/linghit_login_phone_number_et line31
[INFO]--2022-03-23 17:54:43,810-logger.py->__console->logger line:46: find__ 点击"输入验证码",定位方法: id-->com.mmc.fengshui.pass:id/linghit_login_virfy_number_et line31
[INFO]--2022-03-23 17:54:46,641-logger.py->__console->logger line:46: find__ 点击"输入手机号",定位方法: id-->com.mmc.fengshui.pass:id/linghit_login_phone_number_et line31
[INFO]--2022-03-23 17:54:48,197-logger.py->__console->logger line:46: find__ 点击"输入验证码",定位方法: id-->com.mmc.fengshui.pass:id/linghit_login_virfy_number_et line31
[INFO]--2022-03-23 17:54:49,767-logger.py->__console->logger line:46: find__ 点击"输入密码",定位方法: id-->com.mmc.fengshui.pass:id/linghit_login_password_et line31
[INFO]--2022-03-23 17:54:51,328-logger.py->__console->logger line:46: find__ 点击"点击确认注册",定位方法: id-->com.mmc.fengshui.pass:id/linghit_login_confirm_btn line31
[INFO]--2022-03-23 17:55:33,951-logger.py->__console->logger line:46: find__ 点击"输入手机号",定位方法: id-->com.mmc.fengshui.pass:id/linghit_login_phone_number_et line31
[INFO]--2022-03-23 17:55:34,609-logger.py->__console->logger line:46: find__ 点击"输入验证码",定位方法: id-->com.mmc.fengshui.pass:id/linghit_login_virfy_number_et line31
[INFO]--2022-03-23 17:55:35,412-logger.py->__console->logger line:46: find__ 点击"输入密码",定位方法: id-->com.mmc.fengshui.pass:id/linghit_login_password_et line31
[INFO]--2022-03-23 17:55:38,408-logger.py->__console->logger line:46: find__ 点击"输入手机号",定位方法: id-->com.mmc.fengshui.pass:id/linghit_login_phone_number_et line31
[INFO]--2022-03-23 17:55:39,968-logger.py->__console->logger line:46: find__ 点击"输入验证码",定位方法: id-->com.mmc.fengshui.pass:id/linghit_login_virfy_number_et line31
[INFO]--2022-03-23 17:55:41,521-logger.py->__console->logger line:46: find__ 点击"输入密码",定位方法: id-->com.mmc.fengshui.pass:id/linghit_login_password_et line31
[INFO]--2022-03-23 17:55:43,085-logger.py->__console->logger line:46: find__ 点击"点击确认注册",定位方法: id-->com.mmc.fengshui.pass:id/linghit_login_confirm_btn line31
[INFO]--2022-03-23 17:56:25,368-logger.py->__console->logger line:46: find__ 点击"输入手机号",定位方法: id-->com.mmc.fengshui.pass:id/linghit_login_phone_number_et line31
[INFO]--2022-03-23 17:56:25,873-logger.py->__console->logger line:46: find__ 点击"输入验证码",定位方法: id-->com.mmc.fengshui.pass:id/linghit_login_virfy_number_et line31
[INFO]--2022-03-23 17:56:26,960-logger.py->__console->logger line:46: find__ 点击"输入密码",定位方法: id-->com.mmc.fengshui.pass:id/linghit_login_password_et line31
[INFO]--2022-03-23 17:56:30,473-logger.py->__console->logger line:46: find__ 点击"点击密码登录",定位方法: text-->账号密码登录 line31
[INFO]--2022-03-23 17:56:32,514-logger.py->__console->logger line:46: find__ 点击"点击登录",定位方法: text-->登录 line31
[INFO]--2022-03-23 17:56:37,112-logger.py->__console->logger line:46: find__ 点击"点击勾选用户协议",定位方法: id-->com.mmc.fengshui.pass:id/linghit_quick_checkbox line31
[INFO]--2022-03-23 17:56:39,153-logger.py->__console->logger line:46: find__ 点击"点击登录",定位方法: text-->登录 line31
[INFO]--2022-03-23 17:56:41,756-logger.py->__console->logger line:46: find__ 点击"点击勾选用户协议",定位方法: id-->com.mmc.fengshui.pass:id/linghit_quick_checkbox line31
[INFO]--2022-03-23 17:56:47,796-logger.py->__console->logger line:46: find__ 点击"点击勾选用户协议",定位方法: id-->com.mmc.fengshui.pass:id/linghit_quick_checkbox line31
[INFO]--2022-03-23 17:56:49,844-logger.py->__console->logger line:46: find__ 点击"账号输入",定位方法: id-->com.mmc.fengshui.pass:id/linghit_login_phone_number_et line31
[INFO]--2022-03-23 17:56:50,395-logger.py->__console->logger line:46: find__ 点击"点击登录",定位方法: text-->登录 line31
[INFO]--2022-03-23 17:56:51,452-logger.py->__console->logger line:46: find__ 点击"账号输入",定位方法: id-->com.mmc.fengshui.pass:id/linghit_login_phone_number_et line31
[INFO]--2022-03-23 17:56:54,078-logger.py->__console->logger line:46: find__ 点击"点击勾选用户协议",定位方法: id-->com.mmc.fengshui.pass:id/linghit_quick_checkbox line31
[INFO]--2022-03-23 17:57:00,122-logger.py->__console->logger line:46: find__ 点击"点击勾选用户协议",定位方法: id-->com.mmc.fengshui.pass:id/linghit_quick_checkbox line31
[INFO]--2022-03-23 17:57:02,654-logger.py->__console->logger line:46: find__ 点击"账号输入",定位方法: id-->com.mmc.fengshui.pass:id/linghit_login_phone_number_et line31
[INFO]--2022-03-23 17:57:03,212-logger.py->__console->logger line:46: find__ 点击"输入密码",定位方法: id-->com.mmc.fengshui.pass:id/linghit_login_password_et line31
[INFO]--2022-03-23 17:57:04,267-logger.py->__console->logger line:46: find__ 点击"点击登录",定位方法: text-->登录 line31
[INFO]--2022-03-23 17:57:05,747-logger.py->__console->logger line:46: find__ 点击"账号输入",定位方法: id-->com.mmc.fengshui.pass:id/linghit_login_phone_number_et line31
[INFO]--2022-03-23 17:57:06,202-logger.py->__console->logger line:46: find__ 点击"输入密码",定位方法: id-->com.mmc.fengshui.pass:id/linghit_login_password_et line31
[INFO]--2022-03-23 17:57:09,116-logger.py->__console->logger line:46: find__ 点击"点击勾选用户协议",定位方法: id-->com.mmc.fengshui.pass:id/linghit_quick_checkbox line31
[INFO]--2022-03-23 17:57:15,162-logger.py->__console->logger line:46: find__ 点击"点击勾选用户协议",定位方法: id-->com.mmc.fengshui.pass:id/linghit_quick_checkbox line31
[INFO]--2022-03-23 17:57:17,202-logger.py->__console->logger line:46: find__ 点击"账号输入",定位方法: id-->com.mmc.fengshui.pass:id/linghit_login_phone_number_et line31
[INFO]--2022-03-23 17:57:17,762-logger.py->__console->logger line:46: find__ 点击"输入密码",定位方法: id-->com.mmc.fengshui.pass:id/linghit_login_password_et line31
[INFO]--2022-03-23 17:57:18,844-logger.py->__console->logger line:46: find__ 点击"点击登录",定位方法: text-->登录 line31
[INFO]--2022-03-23 17:57:20,435-logger.py->__console->logger line:46: find__ 点击"账号输入",定位方法: id-->com.mmc.fengshui.pass:id/linghit_login_phone_number_et line31
[INFO]--2022-03-23 17:57:20,916-logger.py->__console->logger line:46: find__ 点击"输入密码",定位方法: id-->com.mmc.fengshui.pass:id/linghit_login_password_et line31
[INFO]--2022-03-23 17:57:23,844-logger.py->__console->logger line:46: find__ 点击"点击勾选用户协议",定位方法: id-->com.mmc.fengshui.pass:id/linghit_quick_checkbox line31
[INFO]--2022-03-23 17:57:27,896-logger.py->__console->logger line:46: find__ 点击"点击勾选用户协议",定位方法: id-->com.mmc.fengshui.pass:id/linghit_quick_checkbox line31
[INFO]--2022-03-23 17:57:32,010-logger.py->__console->logger line:46: find__ 点击"点击登录",定位方法: text-->登录 line31
[INFO]--2022-03-23 17:57:34,064-logger.py->__console->logger line:46: find__ 点击"账号输入",定位方法: id-->com.mmc.fengshui.pass:id/linghit_login_phone_number_et line31
[INFO]--2022-03-23 17:57:34,622-logger.py->__console->logger line:46: find__ 点击"输入密码",定位方法: id-->com.mmc.fengshui.pass:id/linghit_login_password_et line31
[INFO]--2022-03-23 17:57:37,665-logger.py->__console->logger line:46: find__ 点击"点击注册",定位方法: text-->注册 line31
[INFO]--2022-03-23 17:57:39,706-logger.py->__console->logger line:46: find__ 点击"签到",定位方法: text-->签到 line31
[INFO]--2022-03-23 17:58:04,758-logger.py->__console->logger line:46: find__ 点击"签到",定位方法: text-->签到 line31
[INFO]--2022-03-23 18:03:18,130-logger.py->__console->logger line:46: find__ 点击"关闭广告弹框",定位方法: id-->com.mmc.fengshui.pass:id/vDialogLeftClose line31
[INFO]--2022-03-23 18:03:18,717-logger.py->__console->logger line:46: find__ 点击"关闭抽签广告",定位方法: id-->com.mmc.fengshui.pass:id/vDialogRightClose line31
[INFO]--2022-03-23 18:03:19,827-logger.py->__console->logger line:46: find__ 点击"关闭家居风水广告",定位方法: id-->com.mmc.fengshui.pass:id/vDialogClose line31
[INFO]--2022-03-23 18:03:22,975-logger.py->__console->logger line:46: find__ 点击"点击课程tab",定位方法: id-->com.mmc.fengshui.pass:id/vBCNavigationTab5 line31
[INFO]--2022-03-23 18:03:26,102-logger.py->__console->logger line:46: find__ 点击"点击头像",定位方法: id-->com.mmc.fengshui.pass:id/ivUserAvatar line31
[INFO]--2022-03-23 18:03:29,238-logger.py->__console->logger line:46: find__ 点击"点击本机号码登录",定位方法: text-->本机号码一键登录 line31
[INFO]--2022-03-23 18:03:32,339-logger.py->__console->logger line:46: find__ 点击"点击服务协议",定位方法: text-->《服务协议》 line31
[INFO]--2022-03-23 18:03:38,614-logger.py->__console->logger line:46: find__ 点击"点击隐私政策",定位方法: text-->《隐私政策》 line31
[INFO]--2022-03-23 18:03:44,796-logger.py->__console->logger line:46: find__ 点击"点击其他方式登录",定位方法: text-->其他方式登录 line31
[INFO]--2022-03-23 18:03:46,835-logger.py->__console->logger line:46: find__ 点击"点击注册",定位方法: text-->注册 line31
[INFO]--2022-03-23 18:03:48,887-logger.py->__console->logger line:46: find__ 点击"点击地区",定位方法: id-->com.mmc.fengshui.pass:id/linghit_login_phone_number_area_btn line31
[INFO]--2022-03-23 18:03:50,916-logger.py->__console->logger line:46: find__ 点击"点击选择中国大陆",定位方法: text-->中国大陆 +86 line31
[INFO]--2022-03-23 18:03:54,543-logger.py->__console->logger line:46: find__ 点击"点击确认注册",定位方法: id-->com.mmc.fengshui.pass:id/linghit_login_confirm_btn line31
[INFO]--2022-03-23 18:03:57,610-logger.py->__console->logger line:46: find__ 点击"点击勾选用户协议",定位方法: id-->com.mmc.fengshui.pass:id/linghit_login_accept_ck line31
[INFO]--2022-03-23 18:03:58,637-logger.py->__console->logger line:46: find__ 点击"点击确认注册",定位方法: id-->com.mmc.fengshui.pass:id/linghit_login_confirm_btn line31
[INFO]--2022-03-23 18:04:01,698-logger.py->__console->logger line:46: find__ 点击"输入手机号",定位方法: id-->com.mmc.fengshui.pass:id/linghit_login_phone_number_et line31
[INFO]--2022-03-23 18:04:03,293-logger.py->__console->logger line:46: find__ 点击"点击确认注册",定位方法: id-->com.mmc.fengshui.pass:id/linghit_login_confirm_btn line31
[INFO]--2022-03-23 18:04:05,350-logger.py->__console->logger line:46: find__ 点击"输入手机号",定位方法: id-->com.mmc.fengshui.pass:id/linghit_login_phone_number_et line31
[INFO]--2022-03-23 18:04:08,472-logger.py->__console->logger line:46: find__ 点击"输入手机号",定位方法: id-->com.mmc.fengshui.pass:id/linghit_login_phone_number_et line31
[INFO]--2022-03-23 18:04:10,048-logger.py->__console->logger line:46: find__ 点击"点击确认注册",定位方法: id-->com.mmc.fengshui.pass:id/linghit_login_confirm_btn line31
[INFO]--2022-03-23 18:04:12,114-logger.py->__console->logger line:46: find__ 点击"输入手机号",定位方法: id-->com.mmc.fengshui.pass:id/linghit_login_phone_number_et line31
[INFO]--2022-03-23 18:04:14,619-logger.py->__console->logger line:46: find__ 点击"输入手机号",定位方法: id-->com.mmc.fengshui.pass:id/linghit_login_phone_number_et line31
[INFO]--2022-03-23 18:04:16,210-logger.py->__console->logger line:46: find__ 点击"输入验证码",定位方法: id-->com.mmc.fengshui.pass:id/linghit_login_virfy_number_et line31
[INFO]--2022-03-23 18:04:16,758-logger.py->__console->logger line:46: find__ 点击"点击确认注册",定位方法: id-->com.mmc.fengshui.pass:id/linghit_login_confirm_btn line31
[INFO]--2022-03-23 18:04:19,320-logger.py->__console->logger line:46: find__ 点击"输入手机号",定位方法: id-->com.mmc.fengshui.pass:id/linghit_login_phone_number_et line31
[INFO]--2022-03-23 18:04:19,949-logger.py->__console->logger line:46: find__ 点击"输入验证码",定位方法: id-->com.mmc.fengshui.pass:id/linghit_login_virfy_number_et line31
[INFO]--2022-03-23 18:04:22,684-logger.py->__console->logger line:46: find__ 点击"输入手机号",定位方法: id-->com.mmc.fengshui.pass:id/linghit_login_phone_number_et line31
[INFO]--2022-03-23 18:04:24,234-logger.py->__console->logger line:46: find__ 点击"输入验证码",定位方法: id-->com.mmc.fengshui.pass:id/linghit_login_virfy_number_et line31
[INFO]--2022-03-23 18:04:25,823-logger.py->__console->logger line:46: find__ 点击"输入密码",定位方法: id-->com.mmc.fengshui.pass:id/linghit_login_password_et line31
[INFO]--2022-03-23 18:04:27,383-logger.py->__console->logger line:46: find__ 点击"点击确认注册",定位方法: id-->com.mmc.fengshui.pass:id/linghit_login_confirm_btn line31
[INFO]--2022-03-23 18:05:38,671-logger.py->__console->logger line:46: find__ 点击"关闭广告弹框",定位方法: id-->com.mmc.fengshui.pass:id/vDialogLeftClose line31
[INFO]--2022-03-23 18:05:39,353-logger.py->__console->logger line:46: find__ 点击"关闭抽签广告",定位方法: id-->com.mmc.fengshui.pass:id/vDialogRightClose line31
[INFO]--2022-03-23 18:05:40,479-logger.py->__console->logger line:46: find__ 点击"关闭家居风水广告",定位方法: id-->com.mmc.fengshui.pass:id/vDialogClose line31
[INFO]--2022-03-23 18:05:43,602-logger.py->__console->logger line:46: find__ 点击"点击课程tab",定位方法: id-->com.mmc.fengshui.pass:id/vBCNavigationTab5 line31
[INFO]--2022-03-23 18:05:46,702-logger.py->__console->logger line:46: find__ 点击"点击头像",定位方法: id-->com.mmc.fengshui.pass:id/ivUserAvatar line31
[INFO]--2022-03-23 18:05:49,812-logger.py->__console->logger line:46: find__ 点击"点击本机号码登录",定位方法: text-->本机号码一键登录 line31
[INFO]--2022-03-23 18:05:52,913-logger.py->__console->logger line:46: find__ 点击"点击服务协议",定位方法: text-->《服务协议》 line31
[INFO]--2022-03-23 18:05:59,365-logger.py->__console->logger line:46: find__ 点击"点击隐私政策",定位方法: text-->《隐私政策》 line31
[INFO]--2022-03-23 18:06:05,609-logger.py->__console->logger line:46: find__ 点击"点击其他方式登录",定位方法: text-->其他方式登录 line31
[INFO]--2022-03-23 18:06:07,651-logger.py->__console->logger line:46: find__ 点击"点击注册",定位方法: text-->注册 line31
[INFO]--2022-03-23 18:06:09,713-logger.py->__console->logger line:46: find__ 点击"点击地区",定位方法: id-->com.mmc.fengshui.pass:id/linghit_login_phone_number_area_btn line31
[INFO]--2022-03-23 18:06:11,760-logger.py->__console->logger line:46: find__ 点击"点击选择中国大陆",定位方法: text-->中国大陆 +86 line31
[INFO]--2022-03-23 18:06:15,473-logger.py->__console->logger line:46: find__ 点击"点击确认注册",定位方法: id-->com.mmc.fengshui.pass:id/linghit_login_confirm_btn line31
[INFO]--2022-03-23 18:06:18,566-logger.py->__console->logger line:46: find__ 点击"点击勾选用户协议",定位方法: id-->com.mmc.fengshui.pass:id/linghit_login_accept_ck line31
[INFO]--2022-03-23 18:06:19,612-logger.py->__console->logger line:46: find__ 点击"点击确认注册",定位方法: id-->com.mmc.fengshui.pass:id/linghit_login_confirm_btn line31
[INFO]--2022-03-23 18:06:22,709-logger.py->__console->logger line:46: find__ 点击"输入手机号",定位方法: id-->com.mmc.fengshui.pass:id/linghit_login_phone_number_et line31
[INFO]--2022-03-23 18:06:24,267-logger.py->__console->logger line:46: find__ 点击"点击确认注册",定位方法: id-->com.mmc.fengshui.pass:id/linghit_login_confirm_btn line31
[INFO]--2022-03-23 18:06:26,333-logger.py->__console->logger line:46: find__ 点击"输入手机号",定位方法: id-->com.mmc.fengshui.pass:id/linghit_login_phone_number_et line31
[INFO]--2022-03-23 18:06:29,034-logger.py->__console->logger line:46: find__ 点击"输入手机号",定位方法: id-->com.mmc.fengshui.pass:id/linghit_login_phone_number_et line31
[INFO]--2022-03-23 18:06:30,592-logger.py->__console->logger line:46: find__ 点击"点击确认注册",定位方法: id-->com.mmc.fengshui.pass:id/linghit_login_confirm_btn line31
[INFO]--2022-03-23 18:06:32,672-logger.py->__console->logger line:46: find__ 点击"输入手机号",定位方法: id-->com.mmc.fengshui.pass:id/linghit_login_phone_number_et line31
[INFO]--2022-03-23 18:06:35,295-logger.py->__console->logger line:46: find__ 点击"输入手机号",定位方法: id-->com.mmc.fengshui.pass:id/linghit_login_phone_number_et line31
[INFO]--2022-03-23 18:06:36,860-logger.py->__console->logger line:46: find__ 点击"输入验证码",定位方法: id-->com.mmc.fengshui.pass:id/linghit_login_virfy_number_et line31
[INFO]--2022-03-23 18:06:37,423-logger.py->__console->logger line:46: find__ 点击"点击确认注册",定位方法: id-->com.mmc.fengshui.pass:id/linghit_login_confirm_btn line31
[INFO]--2022-03-23 18:06:39,967-logger.py->__console->logger line:46: find__ 点击"输入手机号",定位方法: id-->com.mmc.fengshui.pass:id/linghit_login_phone_number_et line31
[INFO]--2022-03-23 18:06:40,498-logger.py->__console->logger line:46: find__ 点击"输入验证码",定位方法: id-->com.mmc.fengshui.pass:id/linghit_login_virfy_number_et line31
[INFO]--2022-03-23 18:06:43,368-logger.py->__console->logger line:46: find__ 点击"输入手机号",定位方法: id-->com.mmc.fengshui.pass:id/linghit_login_phone_number_et line31
[INFO]--2022-03-23 18:06:44,932-logger.py->__console->logger line:46: find__ 点击"输入验证码",定位方法: id-->com.mmc.fengshui.pass:id/linghit_login_virfy_number_et line31
[INFO]--2022-03-23 18:06:46,501-logger.py->__console->logger line:46: find__ 点击"输入密码",定位方法: id-->com.mmc.fengshui.pass:id/linghit_login_password_et line31
[INFO]--2022-03-23 18:06:48,056-logger.py->__console->logger line:46: find__ 点击"点击确认注册",定位方法: id-->com.mmc.fengshui.pass:id/linghit_login_confirm_btn line31
[INFO]--2022-03-23 18:07:30,262-logger.py->__console->logger line:46: find__ 点击"输入手机号",定位方法: id-->com.mmc.fengshui.pass:id/linghit_login_phone_number_et line31
[INFO]--2022-03-23 18:07:31,095-logger.py->__console->logger line:46: find__ 点击"输入验证码",定位方法: id-->com.mmc.fengshui.pass:id/linghit_login_virfy_number_et line31
[INFO]--2022-03-23 18:07:32,089-logger.py->__console->logger line:46: find__ 点击"输入密码",定位方法: id-->com.mmc.fengshui.pass:id/linghit_login_password_et line31
[INFO]--2022-03-23 18:07:35,204-logger.py->__console->logger line:46: find__ 点击"输入手机号",定位方法: id-->com.mmc.fengshui.pass:id/linghit_login_phone_number_et line31
[INFO]--2022-03-23 18:07:36,752-logger.py->__console->logger line:46: find__ 点击"输入验证码",定位方法: id-->com.mmc.fengshui.pass:id/linghit_login_virfy_number_et line31
[INFO]--2022-03-23 18:07:38,315-logger.py->__console->logger line:46: find__ 点击"输入密码",定位方法: id-->com.mmc.fengshui.pass:id/linghit_login_password_et line31
[INFO]--2022-03-23 18:07:39,894-logger.py->__console->logger line:46: find__ 点击"点击确认注册",定位方法: id-->com.mmc.fengshui.pass:id/linghit_login_confirm_btn line31
[INFO]--2022-03-23 18:08:22,702-logger.py->__console->logger line:46: find__ 点击"输入手机号",定位方法: id-->com.mmc.fengshui.pass:id/linghit_login_phone_number_et line31
[INFO]--2022-03-23 18:08:23,224-logger.py->__console->logger line:46: find__ 点击"输入验证码",定位方法: id-->com.mmc.fengshui.pass:id/linghit_login_virfy_number_et line31
[INFO]--2022-03-23 18:08:24,112-logger.py->__console->logger line:46: find__ 点击"输入密码",定位方法: id-->com.mmc.fengshui.pass:id/linghit_login_password_et line31
[INFO]--2022-03-23 18:08:28,624-logger.py->__console->logger line:46: find__ 点击"点击密码登录",定位方法: text-->账号密码登录 line31
[INFO]--2022-03-23 18:08:30,679-logger.py->__console->logger line:46: find__ 点击"点击登录",定位方法: text-->登录 line31
[INFO]--2022-03-23 18:08:35,280-logger.py->__console->logger line:46: find__ 点击"点击勾选用户协议",定位方法: id-->com.mmc.fengshui.pass:id/linghit_quick_checkbox line31
[INFO]--2022-03-23 18:08:37,340-logger.py->__console->logger line:46: find__ 点击"点击登录",定位方法: text-->登录 line31
[INFO]--2022-03-23 18:08:39,939-logger.py->__console->logger line:46: find__ 点击"点击勾选用户协议",定位方法: id-->com.mmc.fengshui.pass:id/linghit_quick_checkbox line31
[INFO]--2022-03-23 18:08:45,978-logger.py->__console->logger line:46: find__ 点击"点击勾选用户协议",定位方法: id-->com.mmc.fengshui.pass:id/linghit_quick_checkbox line31
[INFO]--2022-03-23 18:08:48,010-logger.py->__console->logger line:46: find__ 点击"账号输入",定位方法: id-->com.mmc.fengshui.pass:id/linghit_login_phone_number_et line31
[INFO]--2022-03-23 18:08:48,555-logger.py->__console->logger line:46: find__ 点击"点击登录",定位方法: text-->登录 line31
[INFO]--2022-03-23 18:08:49,621-logger.py->__console->logger line:46: find__ 点击"账号输入",定位方法: id-->com.mmc.fengshui.pass:id/linghit_login_phone_number_et line31
[INFO]--2022-03-23 18:08:52,167-logger.py->__console->logger line:46: find__ 点击"点击勾选用户协议",定位方法: id-->com.mmc.fengshui.pass:id/linghit_quick_checkbox line31
[INFO]--2022-03-23 18:08:58,218-logger.py->__console->logger line:46: find__ 点击"点击勾选用户协议",定位方法: id-->com.mmc.fengshui.pass:id/linghit_quick_checkbox line31
[INFO]--2022-03-23 18:09:00,258-logger.py->__console->logger line:46: find__ 点击"账号输入",定位方法: id-->com.mmc.fengshui.pass:id/linghit_login_phone_number_et line31
[INFO]--2022-03-23 18:09:01,156-logger.py->__console->logger line:46: find__ 点击"输入密码",定位方法: id-->com.mmc.fengshui.pass:id/linghit_login_password_et line31
[INFO]--2022-03-23 18:09:02,188-logger.py->__console->logger line:46: find__ 点击"点击登录",定位方法: text-->登录 line31
[INFO]--2022-03-23 18:09:04,001-logger.py->__console->logger line:46: find__ 点击"账号输入",定位方法: id-->com.mmc.fengshui.pass:id/linghit_login_phone_number_et line31
[INFO]--2022-03-23 18:09:04,447-logger.py->__console->logger line:46: find__ 点击"输入密码",定位方法: id-->com.mmc.fengshui.pass:id/linghit_login_password_et line31
[INFO]--2022-03-23 18:09:07,447-logger.py->__console->logger line:46: find__ 点击"点击勾选用户协议",定位方法: id-->com.mmc.fengshui.pass:id/linghit_quick_checkbox line31
[INFO]--2022-03-23 18:09:13,498-logger.py->__console->logger line:46: find__ 点击"点击勾选用户协议",定位方法: id-->com.mmc.fengshui.pass:id/linghit_quick_checkbox line31
[INFO]--2022-03-23 18:09:15,546-logger.py->__console->logger line:46: find__ 点击"账号输入",定位方法: id-->com.mmc.fengshui.pass:id/linghit_login_phone_number_et line31
[INFO]--2022-03-23 18:09:16,084-logger.py->__console->logger line:46: find__ 点击"输入密码",定位方法: id-->com.mmc.fengshui.pass:id/linghit_login_password_et line31
[INFO]--2022-03-23 18:09:17,136-logger.py->__console->logger line:46: find__ 点击"点击登录",定位方法: text-->登录 line31
[INFO]--2022-03-23 18:09:18,726-logger.py->__console->logger line:46: find__ 点击"账号输入",定位方法: id-->com.mmc.fengshui.pass:id/linghit_login_phone_number_et line31
[INFO]--2022-03-23 18:09:19,241-logger.py->__console->logger line:46: find__ 点击"输入密码",定位方法: id-->com.mmc.fengshui.pass:id/linghit_login_password_et line31
[INFO]--2022-03-23 18:09:22,336-logger.py->__console->logger line:46: find__ 点击"点击勾选用户协议",定位方法: id-->com.mmc.fengshui.pass:id/linghit_quick_checkbox line31
[INFO]--2022-03-23 18:09:26,376-logger.py->__console->logger line:46: find__ 点击"点击勾选用户协议",定位方法: id-->com.mmc.fengshui.pass:id/linghit_quick_checkbox line31
[INFO]--2022-03-23 18:09:30,434-logger.py->__console->logger line:46: find__ 点击"点击登录",定位方法: text-->登录 line31
[INFO]--2022-03-23 18:09:32,497-logger.py->__console->logger line:46: find__ 点击"账号输入",定位方法: id-->com.mmc.fengshui.pass:id/linghit_login_phone_number_et line31
[INFO]--2022-03-23 18:09:33,050-logger.py->__console->logger line:46: find__ 点击"输入密码",定位方法: id-->com.mmc.fengshui.pass:id/linghit_login_password_et line31
[INFO]--2022-03-23 18:09:36,099-logger.py->__console->logger line:46: find__ 点击"点击注册",定位方法: text-->注册 line31
[INFO]--2022-03-23 18:09:38,141-logger.py->__console->logger line:46: find__ 点击"签到",定位方法: text-->签到 line31
[INFO]--2022-03-23 18:10:02,774-logger.py->__console->logger line:46: find__ 点击"签到",定位方法: text-->签到 line31
[INFO]--2022-03-23 18:12:11,845-logger.py->__console->logger line:46: find__ 点击"关闭广告弹框",定位方法: id-->com.mmc.fengshui.pass:id/vDialogLeftClose line31
[INFO]--2022-03-23 18:12:12,466-logger.py->__console->logger line:46: find__ 点击"关闭抽签广告",定位方法: id-->com.mmc.fengshui.pass:id/vDialogRightClose line31
[INFO]--2022-03-23 18:12:13,572-logger.py->__console->logger line:46: find__ 点击"关闭家居风水广告",定位方法: id-->com.mmc.fengshui.pass:id/vDialogClose line31
[INFO]--2022-03-23 18:12:16,733-logger.py->__console->logger line:46: find__ 点击"点击课程tab",定位方法: id-->com.mmc.fengshui.pass:id/vBCNavigationTab5 line31
[INFO]--2022-03-23 18:12:19,843-logger.py->__console->logger line:46: find__ 点击"点击头像",定位方法: id-->com.mmc.fengshui.pass:id/ivUserAvatar line31
[INFO]--2022-03-23 18:12:22,970-logger.py->__console->logger line:46: find__ 点击"点击本机号码登录",定位方法: text-->本机号码一键登录 line31
[INFO]--2022-03-23 18:12:26,067-logger.py->__console->logger line:46: find__ 点击"点击服务协议",定位方法: text-->《服务协议》 line31
[INFO]--2022-03-23 18:12:32,479-logger.py->__console->logger line:46: find__ 点击"点击隐私政策",定位方法: text-->《隐私政策》 line31
[INFO]--2022-03-23 18:12:38,899-logger.py->__console->logger line:46: find__ 点击"点击其他方式登录",定位方法: text-->其他方式登录 line31
[INFO]--2022-03-23 18:12:40,958-logger.py->__console->logger line:46: find__ 点击"点击注册",定位方法: text-->注册 line31
[INFO]--2022-03-23 18:12:43,010-logger.py->__console->logger line:46: find__ 点击"点击地区",定位方法: id-->com.mmc.fengshui.pass:id/linghit_login_phone_number_area_btn line31
[INFO]--2022-03-23 18:12:44,046-logger.py->__console->logger line:46: find__ 点击"点击选择中国大陆",定位方法: text-->中国大陆 +86 line31
[INFO]--2022-03-23 18:12:47,688-logger.py->__console->logger line:46: find__ 点击"点击确认注册",定位方法: id-->com.mmc.fengshui.pass:id/linghit_login_confirm_btn line31
[INFO]--2022-03-23 18:12:50,778-logger.py->__console->logger line:46: find__ 点击"点击勾选用户协议",定位方法: id-->com.mmc.fengshui.pass:id/linghit_login_accept_ck line31
[INFO]--2022-03-23 18:12:51,822-logger.py->__console->logger line:46: find__ 点击"点击确认注册",定位方法: id-->com.mmc.fengshui.pass:id/linghit_login_confirm_btn line31
[INFO]--2022-03-23 18:12:54,903-logger.py->__console->logger line:46: find__ 点击"输入手机号",定位方法: id-->com.mmc.fengshui.pass:id/linghit_login_phone_number_et line31
[INFO]--2022-03-23 18:12:56,616-logger.py->__console->logger line:46: find__ 点击"点击确认注册",定位方法: id-->com.mmc.fengshui.pass:id/linghit_login_confirm_btn line31
[INFO]--2022-03-23 18:12:58,688-logger.py->__console->logger line:46: find__ 点击"输入手机号",定位方法: id-->com.mmc.fengshui.pass:id/linghit_login_phone_number_et line31
[INFO]--2022-03-23 18:13:01,525-logger.py->__console->logger line:46: find__ 点击"输入手机号",定位方法: id-->com.mmc.fengshui.pass:id/linghit_login_phone_number_et line31
[INFO]--2022-03-23 18:13:03,105-logger.py->__console->logger line:46: find__ 点击"点击确认注册",定位方法: id-->com.mmc.fengshui.pass:id/linghit_login_confirm_btn line31
[INFO]--2022-03-23 18:13:05,193-logger.py->__console->logger line:46: find__ 点击"输入手机号",定位方法: id-->com.mmc.fengshui.pass:id/linghit_login_phone_number_et line31
[INFO]--2022-03-23 18:13:07,698-logger.py->__console->logger line:46: find__ 点击"输入手机号",定位方法: id-->com.mmc.fengshui.pass:id/linghit_login_phone_number_et line31
[INFO]--2022-03-23 18:13:09,266-logger.py->__console->logger line:46: find__ 点击"输入验证码",定位方法: id-->com.mmc.fengshui.pass:id/linghit_login_virfy_number_et line31
[INFO]--2022-03-23 18:13:09,829-logger.py->__console->logger line:46: find__ 点击"点击确认注册",定位方法: id-->com.mmc.fengshui.pass:id/linghit_login_confirm_btn line31
[INFO]--2022-03-23 18:13:12,390-logger.py->__console->logger line:46: find__ 点击"输入手机号",定位方法: id-->com.mmc.fengshui.pass:id/linghit_login_phone_number_et line31
[INFO]--2022-03-23 18:13:12,917-logger.py->__console->logger line:46: find__ 点击"输入验证码",定位方法: id-->com.mmc.fengshui.pass:id/linghit_login_virfy_number_et line31
[INFO]--2022-03-23 18:13:15,775-logger.py->__console->logger line:46: find__ 点击"输入手机号",定位方法: id-->com.mmc.fengshui.pass:id/linghit_login_phone_number_et line31
[INFO]--2022-03-23 18:13:17,334-logger.py->__console->logger line:46: find__ 点击"输入验证码",定位方法: id-->com.mmc.fengshui.pass:id/linghit_login_virfy_number_et line31
[INFO]--2022-03-23 18:13:18,933-logger.py->__console->logger line:46: find__ 点击"输入密码",定位方法: id-->com.mmc.fengshui.pass:id/linghit_login_password_et line31
[INFO]--2022-03-23 18:13:20,530-logger.py->__console->logger line:46: find__ 点击"点击确认注册",定位方法: id-->com.mmc.fengshui.pass:id/linghit_login_confirm_btn line31
[INFO]--2022-03-23 18:14:03,230-logger.py->__console->logger line:46: find__ 点击"输入手机号",定位方法: id-->com.mmc.fengshui.pass:id/linghit_login_phone_number_et line31
[INFO]--2022-03-23 18:14:03,733-logger.py->__console->logger line:46: find__ 点击"输入验证码",定位方法: id-->com.mmc.fengshui.pass:id/linghit_login_virfy_number_et line31
[INFO]--2022-03-23 18:14:04,645-logger.py->__console->logger line:46: find__ 点击"输入密码",定位方法: id-->com.mmc.fengshui.pass:id/linghit_login_password_et line31
[INFO]--2022-03-23 18:14:07,622-logger.py->__console->logger line:46: find__ 点击"输入手机号",定位方法: id-->com.mmc.fengshui.pass:id/linghit_login_phone_number_et line31
[INFO]--2022-03-23 18:14:09,170-logger.py->__console->logger line:46: find__ 点击"输入验证码",定位方法: id-->com.mmc.fengshui.pass:id/linghit_login_virfy_number_et line31
[INFO]--2022-03-23 18:14:10,731-logger.py->__console->logger line:46: find__ 点击"输入密码",定位方法: id-->com.mmc.fengshui.pass:id/linghit_login_password_et line31
[INFO]--2022-03-23 18:14:12,302-logger.py->__console->logger line:46: find__ 点击"点击确认注册",定位方法: id-->com.mmc.fengshui.pass:id/linghit_login_confirm_btn line31
[INFO]--2022-03-23 18:14:54,896-logger.py->__console->logger line:46: find__ 点击"输入手机号",定位方法: id-->com.mmc.fengshui.pass:id/linghit_login_phone_number_et line31
[INFO]--2022-03-23 18:14:55,620-logger.py->__console->logger line:46: find__ 点击"输入验证码",定位方法: id-->com.mmc.fengshui.pass:id/linghit_login_virfy_number_et line31
[INFO]--2022-03-23 18:14:56,574-logger.py->__console->logger line:46: find__ 点击"输入密码",定位方法: id-->com.mmc.fengshui.pass:id/linghit_login_password_et line31
[INFO]--2022-03-23 18:15:01,075-logger.py->__console->logger line:46: find__ 点击"点击密码登录",定位方法: text-->账号密码登录 line31
[INFO]--2022-03-23 18:15:03,122-logger.py->__console->logger line:46: find__ 点击"点击登录",定位方法: text-->登录 line31
[INFO]--2022-03-23 18:15:07,720-logger.py->__console->logger line:46: find__ 点击"点击勾选用户协议",定位方法: id-->com.mmc.fengshui.pass:id/linghit_quick_checkbox line31
[INFO]--2022-03-23 18:15:09,767-logger.py->__console->logger line:46: find__ 点击"点击登录",定位方法: text-->登录 line31
[INFO]--2022-03-23 18:15:12,359-logger.py->__console->logger line:46: find__ 点击"点击勾选用户协议",定位方法: id-->com.mmc.fengshui.pass:id/linghit_quick_checkbox line31
[INFO]--2022-03-23 18:15:18,414-logger.py->__console->logger line:46: find__ 点击"点击勾选用户协议",定位方法: id-->com.mmc.fengshui.pass:id/linghit_quick_checkbox line31
[INFO]--2022-03-23 18:15:20,468-logger.py->__console->logger line:46: find__ 点击"账号输入",定位方法: id-->com.mmc.fengshui.pass:id/linghit_login_phone_number_et line31
[INFO]--2022-03-23 18:15:21,030-logger.py->__console->logger line:46: find__ 点击"点击登录",定位方法: text-->登录 line31
[INFO]--2022-03-23 18:15:22,096-logger.py->__console->logger line:46: find__ 点击"账号输入",定位方法: id-->com.mmc.fengshui.pass:id/linghit_login_phone_number_et line31
[INFO]--2022-03-23 18:15:24,589-logger.py->__console->logger line:46: find__ 点击"点击勾选用户协议",定位方法: id-->com.mmc.fengshui.pass:id/linghit_quick_checkbox line31
[INFO]--2022-03-23 18:15:30,631-logger.py->__console->logger line:46: find__ 点击"点击勾选用户协议",定位方法: id-->com.mmc.fengshui.pass:id/linghit_quick_checkbox line31
[INFO]--2022-03-23 18:15:32,677-logger.py->__console->logger line:46: find__ 点击"账号输入",定位方法: id-->com.mmc.fengshui.pass:id/linghit_login_phone_number_et line31
[INFO]--2022-03-23 18:15:33,239-logger.py->__console->logger line:46: find__ 点击"输入密码",定位方法: id-->com.mmc.fengshui.pass:id/linghit_login_password_et line31
[INFO]--2022-03-23 18:15:34,300-logger.py->__console->logger line:46: find__ 点击"点击登录",定位方法: text-->登录 line31
[INFO]--2022-03-23 18:15:35,767-logger.py->__console->logger line:46: find__ 点击"账号输入",定位方法: id-->com.mmc.fengshui.pass:id/linghit_login_phone_number_et line31
[INFO]--2022-03-23 18:15:36,229-logger.py->__console->logger line:46: find__ 点击"输入密码",定位方法: id-->com.mmc.fengshui.pass:id/linghit_login_password_et line31
[INFO]--2022-03-23 18:15:39,307-logger.py->__console->logger line:46: find__ 点击"点击勾选用户协议",定位方法: id-->com.mmc.fengshui.pass:id/linghit_quick_checkbox line31
[INFO]--2022-03-23 18:15:45,349-logger.py->__console->logger line:46: find__ 点击"点击勾选用户协议",定位方法: id-->com.mmc.fengshui.pass:id/linghit_quick_checkbox line31
[INFO]--2022-03-23 18:15:47,392-logger.py->__console->logger line:46: find__ 点击"账号输入",定位方法: id-->com.mmc.fengshui.pass:id/linghit_login_phone_number_et line31
[INFO]--2022-03-23 18:15:47,936-logger.py->__console->logger line:46: find__ 点击"输入密码",定位方法: id-->com.mmc.fengshui.pass:id/linghit_login_password_et line31
[INFO]--2022-03-23 18:15:48,974-logger.py->__console->logger line:46: find__ 点击"点击登录",定位方法: text-->登录 line31
[INFO]--2022-03-23 18:15:50,639-logger.py->__console->logger line:46: find__ 点击"账号输入",定位方法: id-->com.mmc.fengshui.pass:id/linghit_login_phone_number_et line31
[INFO]--2022-03-23 18:15:51,163-logger.py->__console->logger line:46: find__ 点击"输入密码",定位方法: id-->com.mmc.fengshui.pass:id/linghit_login_password_et line31
[INFO]--2022-03-23 18:15:54,111-logger.py->__console->logger line:46: find__ 点击"点击勾选用户协议",定位方法: id-->com.mmc.fengshui.pass:id/linghit_quick_checkbox line31
[INFO]--2022-03-23 18:15:58,152-logger.py->__console->logger line:46: find__ 点击"点击勾选用户协议",定位方法: id-->com.mmc.fengshui.pass:id/linghit_quick_checkbox line31
[INFO]--2022-03-23 18:16:02,198-logger.py->__console->logger line:46: find__ 点击"点击登录",定位方法: text-->登录 line31
[INFO]--2022-03-23 18:16:04,244-logger.py->__console->logger line:46: find__ 点击"账号输入",定位方法: id-->com.mmc.fengshui.pass:id/linghit_login_phone_number_et line31
[INFO]--2022-03-23 18:16:04,793-logger.py->__console->logger line:46: find__ 点击"输入密码",定位方法: id-->com.mmc.fengshui.pass:id/linghit_login_password_et line31
[INFO]--2022-03-23 18:16:07,867-logger.py->__console->logger line:46: find__ 点击"点击注册",定位方法: text-->注册 line31
[INFO]--2022-03-23 18:16:09,935-logger.py->__console->logger line:46: find__ 点击"签到",定位方法: text-->签到 line31
[INFO]--2022-03-23 18:18:19,326-logger.py->__console->logger line:46: find__ 点击"关闭广告弹框",定位方法: id-->com.mmc.fengshui.pass:id/vDialogLeftClose line31
[INFO]--2022-03-23 18:18:20,025-logger.py->__console->logger line:46: find__ 点击"关闭抽签广告",定位方法: id-->com.mmc.fengshui.pass:id/vDialogRightClose line31
[INFO]--2022-03-23 18:18:21,172-logger.py->__console->logger line:46: find__ 点击"关闭家居风水广告",定位方法: id-->com.mmc.fengshui.pass:id/vDialogClose line31
[INFO]--2022-03-23 18:18:24,332-logger.py->__console->logger line:46: find__ 点击"点击课程tab",定位方法: id-->com.mmc.fengshui.pass:id/vBCNavigationTab5 line31
[INFO]--2022-03-23 18:18:27,472-logger.py->__console->logger line:46: find__ 点击"点击头像",定位方法: id-->com.mmc.fengshui.pass:id/ivUserAvatar line31
[INFO]--2022-03-23 18:18:30,625-logger.py->__console->logger line:46: find__ 点击"点击本机号码登录",定位方法: text-->本机号码一键登录 line31
[INFO]--2022-03-23 18:18:33,738-logger.py->__console->logger line:46: find__ 点击"点击服务协议",定位方法: text-->《服务协议》 line31
[INFO]--2022-03-23 18:18:40,012-logger.py->__console->logger line:46: find__ 点击"点击隐私政策",定位方法: text-->《隐私政策》 line31
[INFO]--2022-03-23 18:18:46,352-logger.py->__console->logger line:46: find__ 点击"点击其他方式登录",定位方法: text-->其他方式登录 line31
[INFO]--2022-03-23 18:18:48,429-logger.py->__console->logger line:46: find__ 点击"点击注册",定位方法: text-->注册 line31
[INFO]--2022-03-23 18:18:50,508-logger.py->__console->logger line:46: find__ 点击"点击地区",定位方法: id-->com.mmc.fengshui.pass:id/linghit_login_phone_number_area_btn line31
[INFO]--2022-03-23 18:18:51,571-logger.py->__console->logger line:46: find__ 点击"点击选择中国大陆",定位方法: text-->中国大陆 +86 line31
[INFO]--2022-03-23 18:18:55,218-logger.py->__console->logger line:46: find__ 点击"点击确认注册",定位方法: id-->com.mmc.fengshui.pass:id/linghit_login_confirm_btn line31
[INFO]--2022-03-23 18:18:58,331-logger.py->__console->logger line:46: find__ 点击"点击勾选用户协议",定位方法: id-->com.mmc.fengshui.pass:id/linghit_login_accept_ck line31
[INFO]--2022-03-23 18:18:59,390-logger.py->__console->logger line:46: find__ 点击"点击确认注册",定位方法: id-->com.mmc.fengshui.pass:id/linghit_login_confirm_btn line31
[INFO]--2022-03-23 18:19:02,656-logger.py->__console->logger line:46: find__ 点击"输入手机号",定位方法: id-->com.mmc.fengshui.pass:id/linghit_login_phone_number_et line31
[INFO]--2022-03-23 18:19:04,276-logger.py->__console->logger line:46: find__ 点击"点击确认注册",定位方法: id-->com.mmc.fengshui.pass:id/linghit_login_confirm_btn line31
[INFO]--2022-03-23 18:19:06,376-logger.py->__console->logger line:46: find__ 点击"输入手机号",定位方法: id-->com.mmc.fengshui.pass:id/linghit_login_phone_number_et line31
[INFO]--2022-03-23 18:19:09,142-logger.py->__console->logger line:46: find__ 点击"输入手机号",定位方法: id-->com.mmc.fengshui.pass:id/linghit_login_phone_number_et line31
[INFO]--2022-03-23 18:19:10,716-logger.py->__console->logger line:46: find__ 点击"点击确认注册",定位方法: id-->com.mmc.fengshui.pass:id/linghit_login_confirm_btn line31
[INFO]--2022-03-23 18:19:12,821-logger.py->__console->logger line:46: find__ 点击"输入手机号",定位方法: id-->com.mmc.fengshui.pass:id/linghit_login_phone_number_et line31
[INFO]--2022-03-23 18:19:15,443-logger.py->__console->logger line:46: find__ 点击"输入手机号",定位方法: id-->com.mmc.fengshui.pass:id/linghit_login_phone_number_et line31
[INFO]--2022-03-23 18:19:17,017-logger.py->__console->logger line:46: find__ 点击"输入验证码",定位方法: id-->com.mmc.fengshui.pass:id/linghit_login_virfy_number_et line31
[INFO]--2022-03-23 18:19:17,578-logger.py->__console->logger line:46: find__ 点击"点击确认注册",定位方法: id-->com.mmc.fengshui.pass:id/linghit_login_confirm_btn line31
[INFO]--2022-03-23 18:19:20,122-logger.py->__console->logger line:46: find__ 点击"输入手机号",定位方法: id-->com.mmc.fengshui.pass:id/linghit_login_phone_number_et line31
[INFO]--2022-03-23 18:19:20,596-logger.py->__console->logger line:46: find__ 点击"输入验证码",定位方法: id-->com.mmc.fengshui.pass:id/linghit_login_virfy_number_et line31
[INFO]--2022-03-23 18:19:23,467-logger.py->__console->logger line:46: find__ 点击"输入手机号",定位方法: id-->com.mmc.fengshui.pass:id/linghit_login_phone_number_et line31
[INFO]--2022-03-23 18:19:25,020-logger.py->__console->logger line:46: find__ 点击"输入验证码",定位方法: id-->com.mmc.fengshui.pass:id/linghit_login_virfy_number_et line31
[INFO]--2022-03-23 18:19:26,572-logger.py->__console->logger line:46: find__ 点击"输入密码",定位方法: id-->com.mmc.fengshui.pass:id/linghit_login_password_et line31
[INFO]--2022-03-23 18:19:28,120-logger.py->__console->logger line:46: find__ 点击"点击确认注册",定位方法: id-->com.mmc.fengshui.pass:id/linghit_login_confirm_btn line31
[INFO]--2022-03-23 18:20:10,573-logger.py->__console->logger line:46: find__ 点击"输入手机号",定位方法: id-->com.mmc.fengshui.pass:id/linghit_login_phone_number_et line31
[INFO]--2022-03-23 18:20:11,210-logger.py->__console->logger line:46: find__ 点击"输入验证码",定位方法: id-->com.mmc.fengshui.pass:id/linghit_login_virfy_number_et line31
[INFO]--2022-03-23 18:20:11,975-logger.py->__console->logger line:46: find__ 点击"输入密码",定位方法: id-->com.mmc.fengshui.pass:id/linghit_login_password_et line31
[INFO]--2022-03-23 18:20:15,009-logger.py->__console->logger line:46: find__ 点击"输入手机号",定位方法: id-->com.mmc.fengshui.pass:id/linghit_login_phone_number_et line31
[INFO]--2022-03-23 18:20:16,564-logger.py->__console->logger line:46: find__ 点击"输入验证码",定位方法: id-->com.mmc.fengshui.pass:id/linghit_login_virfy_number_et line31
[INFO]--2022-03-23 18:20:18,109-logger.py->__console->logger line:46: find__ 点击"输入密码",定位方法: id-->com.mmc.fengshui.pass:id/linghit_login_password_et line31
[INFO]--2022-03-23 18:20:19,658-logger.py->__console->logger line:46: find__ 点击"点击确认注册",定位方法: id-->com.mmc.fengshui.pass:id/linghit_login_confirm_btn line31
[INFO]--2022-03-23 18:21:02,697-logger.py->__console->logger line:46: find__ 点击"输入手机号",定位方法: id-->com.mmc.fengshui.pass:id/linghit_login_phone_number_et line31
[INFO]--2022-03-23 18:21:03,357-logger.py->__console->logger line:46: find__ 点击"输入验证码",定位方法: id-->com.mmc.fengshui.pass:id/linghit_login_virfy_number_et line31
[INFO]--2022-03-23 18:21:04,171-logger.py->__console->logger line:46: find__ 点击"输入密码",定位方法: id-->com.mmc.fengshui.pass:id/linghit_login_password_et line31
[INFO]--2022-03-23 18:21:07,888-logger.py->__console->logger line:46: find__ 点击"点击密码登录",定位方法: text-->账号密码登录 line31
[INFO]--2022-03-23 18:21:09,940-logger.py->__console->logger line:46: find__ 点击"点击登录",定位方法: text-->登录 line31
[INFO]--2022-03-23 18:21:14,548-logger.py->__console->logger line:46: find__ 点击"点击勾选用户协议",定位方法: id-->com.mmc.fengshui.pass:id/linghit_quick_checkbox line31
[INFO]--2022-03-23 18:21:16,586-logger.py->__console->logger line:46: find__ 点击"点击登录",定位方法: text-->登录 line31
[INFO]--2022-03-23 18:21:19,167-logger.py->__console->logger line:46: find__ 点击"点击勾选用户协议",定位方法: id-->com.mmc.fengshui.pass:id/linghit_quick_checkbox line31
[INFO]--2022-03-23 18:21:25,211-logger.py->__console->logger line:46: find__ 点击"点击勾选用户协议",定位方法: id-->com.mmc.fengshui.pass:id/linghit_quick_checkbox line31
[INFO]--2022-03-23 18:21:27,262-logger.py->__console->logger line:46: find__ 点击"账号输入",定位方法: id-->com.mmc.fengshui.pass:id/linghit_login_phone_number_et line31
[INFO]--2022-03-23 18:21:27,816-logger.py->__console->logger line:46: find__ 点击"点击登录",定位方法: text-->登录 line31
[INFO]--2022-03-23 18:21:28,879-logger.py->__console->logger line:46: find__ 点击"账号输入",定位方法: id-->com.mmc.fengshui.pass:id/linghit_login_phone_number_et line31
[INFO]--2022-03-23 18:21:31,510-logger.py->__console->logger line:46: find__ 点击"点击勾选用户协议",定位方法: id-->com.mmc.fengshui.pass:id/linghit_quick_checkbox line31
[INFO]--2022-03-23 18:21:37,568-logger.py->__console->logger line:46: find__ 点击"点击勾选用户协议",定位方法: id-->com.mmc.fengshui.pass:id/linghit_quick_checkbox line31
[INFO]--2022-03-23 18:21:39,613-logger.py->__console->logger line:46: find__ 点击"账号输入",定位方法: id-->com.mmc.fengshui.pass:id/linghit_login_phone_number_et line31
[INFO]--2022-03-23 18:21:40,179-logger.py->__console->logger line:46: find__ 点击"输入密码",定位方法: id-->com.mmc.fengshui.pass:id/linghit_login_password_et line31
[INFO]--2022-03-23 18:21:41,215-logger.py->__console->logger line:46: find__ 点击"点击登录",定位方法: text-->登录 line31
[INFO]--2022-03-23 18:21:42,896-logger.py->__console->logger line:46: find__ 点击"账号输入",定位方法: id-->com.mmc.fengshui.pass:id/linghit_login_phone_number_et line31
[INFO]--2022-03-23 18:21:43,379-logger.py->__console->logger line:46: find__ 点击"输入密码",定位方法: id-->com.mmc.fengshui.pass:id/linghit_login_password_et line31
[INFO]--2022-03-23 18:21:46,407-logger.py->__console->logger line:46: find__ 点击"点击勾选用户协议",定位方法: id-->com.mmc.fengshui.pass:id/linghit_quick_checkbox line31
[INFO]--2022-03-23 18:21:52,449-logger.py->__console->logger line:46: find__ 点击"点击勾选用户协议",定位方法: id-->com.mmc.fengshui.pass:id/linghit_quick_checkbox line31
[INFO]--2022-03-23 18:21:54,498-logger.py->__console->logger line:46: find__ 点击"账号输入",定位方法: id-->com.mmc.fengshui.pass:id/linghit_login_phone_number_et line31
[INFO]--2022-03-23 18:21:55,101-logger.py->__console->logger line:46: find__ 点击"输入密码",定位方法: id-->com.mmc.fengshui.pass:id/linghit_login_password_et line31
[INFO]--2022-03-23 18:21:56,109-logger.py->__console->logger line:46: find__ 点击"点击登录",定位方法: text-->登录 line31
[INFO]--2022-03-23 18:21:57,694-logger.py->__console->logger line:46: find__ 点击"账号输入",定位方法: id-->com.mmc.fengshui.pass:id/linghit_login_phone_number_et line31
[INFO]--2022-03-23 18:21:58,333-logger.py->__console->logger line:46: find__ 点击"输入密码",定位方法: id-->com.mmc.fengshui.pass:id/linghit_login_password_et line31
[INFO]--2022-03-23 18:22:01,149-logger.py->__console->logger line:46: find__ 点击"点击勾选用户协议",定位方法: id-->com.mmc.fengshui.pass:id/linghit_quick_checkbox line31
[INFO]--2022-03-23 18:22:05,195-logger.py->__console->logger line:46: find__ 点击"点击勾选用户协议",定位方法: id-->com.mmc.fengshui.pass:id/linghit_quick_checkbox line31
[INFO]--2022-03-23 18:22:09,251-logger.py->__console->logger line:46: find__ 点击"点击登录",定位方法: text-->登录 line31
[INFO]--2022-03-23 18:22:11,320-logger.py->__console->logger line:46: find__ 点击"账号输入",定位方法: id-->com.mmc.fengshui.pass:id/linghit_login_phone_number_et line31
[INFO]--2022-03-23 18:22:11,870-logger.py->__console->logger line:46: find__ 点击"输入密码",定位方法: id-->com.mmc.fengshui.pass:id/linghit_login_password_et line31
[INFO]--2022-03-23 18:22:14,961-logger.py->__console->logger line:46: find__ 点击"点击登录",定位方法: text-->登录 line31
[INFO]--2022-03-23 18:22:17,015-logger.py->__console->logger line:46: find__ 点击"签到",定位方法: text-->签到 line31
[INFO]--2022-03-23 18:22:21,582-logger.py->__console->logger line:46: find__ 点击"查看我的优惠券",定位方法: text-->查看我的优惠券 line31
[INFO]--2022-03-23 18:51:37,843-logger.py->__console->logger line:46: find__ 点击"关闭广告弹框",定位方法: id-->com.mmc.fengshui.pass:id/vDialogLeftClose line31
[INFO]--2022-03-23 18:51:38,493-logger.py->__console->logger line:46: find__ 点击"关闭抽签广告",定位方法: id-->com.mmc.fengshui.pass:id/vDialogRightClose line31
[INFO]--2022-03-23 18:51:39,596-logger.py->__console->logger line:46: find__ 点击"关闭家居风水广告",定位方法: id-->com.mmc.fengshui.pass:id/vDialogClose line31
[INFO]--2022-03-23 18:51:42,750-logger.py->__console->logger line:46: find__ 点击"点击课程tab",定位方法: id-->com.mmc.fengshui.pass:id/vBCNavigationTab5 line31
[INFO]--2022-03-23 18:51:45,846-logger.py->__console->logger line:46: find__ 点击"点击头像",定位方法: id-->com.mmc.fengshui.pass:id/ivUserAvatar line31
[INFO]--2022-03-23 18:51:48,968-logger.py->__console->logger line:46: find__ 点击"点击本机号码登录",定位方法: text-->本机号码一键登录 line31
[INFO]--2022-03-23 18:51:52,078-logger.py->__console->logger line:46: find__ 点击"点击服务协议",定位方法: text-->《服务协议》 line31
[INFO]--2022-03-23 18:51:58,561-logger.py->__console->logger line:46: find__ 点击"点击隐私政策",定位方法: text-->《隐私政策》 line31
[INFO]--2022-03-23 18:52:04,908-logger.py->__console->logger line:46: find__ 点击"点击其他方式登录",定位方法: text-->其他方式登录 line31
[INFO]--2022-03-23 18:52:06,996-logger.py->__console->logger line:46: find__ 点击"点击注册",定位方法: text-->注册 line31
[INFO]--2022-03-23 18:52:09,056-logger.py->__console->logger line:46: find__ 点击"点击地区",定位方法: id-->com.mmc.fengshui.pass:id/linghit_login_phone_number_area_btn line31
[INFO]--2022-03-23 18:52:10,134-logger.py->__console->logger line:46: find__ 点击"点击选择中国大陆",定位方法: text-->中国大陆 +86 line31
[INFO]--2022-03-23 18:52:13,815-logger.py->__console->logger line:46: find__ 点击"点击确认注册",定位方法: id-->com.mmc.fengshui.pass:id/linghit_login_confirm_btn line31
[INFO]--2022-03-23 18:52:16,911-logger.py->__console->logger line:46: find__ 点击"点击勾选用户协议",定位方法: id-->com.mmc.fengshui.pass:id/linghit_login_accept_ck line31
[INFO]--2022-03-23 18:52:17,967-logger.py->__console->logger line:46: find__ 点击"点击确认注册",定位方法: id-->com.mmc.fengshui.pass:id/linghit_login_confirm_btn line31
[INFO]--2022-03-23 18:52:21,070-logger.py->__console->logger line:46: find__ 点击"输入手机号",定位方法: id-->com.mmc.fengshui.pass:id/linghit_login_phone_number_et line31
[INFO]--2022-03-23 18:52:22,635-logger.py->__console->logger line:46: find__ 点击"点击确认注册",定位方法: id-->com.mmc.fengshui.pass:id/linghit_login_confirm_btn line31
[INFO]--2022-03-23 18:52:24,703-logger.py->__console->logger line:46: find__ 点击"输入手机号",定位方法: id-->com.mmc.fengshui.pass:id/linghit_login_phone_number_et line31
[INFO]--2022-03-23 18:52:27,407-logger.py->__console->logger line:46: find__ 点击"输入手机号",定位方法: id-->com.mmc.fengshui.pass:id/linghit_login_phone_number_et line31
[INFO]--2022-03-23 18:52:29,000-logger.py->__console->logger line:46: find__ 点击"点击确认注册",定位方法: id-->com.mmc.fengshui.pass:id/linghit_login_confirm_btn line31
[INFO]--2022-03-23 18:52:31,135-logger.py->__console->logger line:46: find__ 点击"输入手机号",定位方法: id-->com.mmc.fengshui.pass:id/linghit_login_phone_number_et line31
[INFO]--2022-03-23 18:52:33,653-logger.py->__console->logger line:46: find__ 点击"输入手机号",定位方法: id-->com.mmc.fengshui.pass:id/linghit_login_phone_number_et line31
[INFO]--2022-03-23 18:52:35,248-logger.py->__console->logger line:46: find__ 点击"输入验证码",定位方法: id-->com.mmc.fengshui.pass:id/linghit_login_virfy_number_et line31
[INFO]--2022-03-23 18:52:35,812-logger.py->__console->logger line:46: find__ 点击"点击确认注册",定位方法: id-->com.mmc.fengshui.pass:id/linghit_login_confirm_btn line31
[INFO]--2022-03-23 18:52:38,398-logger.py->__console->logger line:46: find__ 点击"输入手机号",定位方法: id-->com.mmc.fengshui.pass:id/linghit_login_phone_number_et line31
[INFO]--2022-03-23 18:52:38,938-logger.py->__console->logger line:46: find__ 点击"输入验证码",定位方法: id-->com.mmc.fengshui.pass:id/linghit_login_virfy_number_et line31
[INFO]--2022-03-23 18:52:41,817-logger.py->__console->logger line:46: find__ 点击"输入手机号",定位方法: id-->com.mmc.fengshui.pass:id/linghit_login_phone_number_et line31
[INFO]--2022-03-23 18:52:43,363-logger.py->__console->logger line:46: find__ 点击"输入验证码",定位方法: id-->com.mmc.fengshui.pass:id/linghit_login_virfy_number_et line31
[INFO]--2022-03-23 18:52:44,955-logger.py->__console->logger line:46: find__ 点击"输入密码",定位方法: id-->com.mmc.fengshui.pass:id/linghit_login_password_et line31
[INFO]--2022-03-23 18:52:46,510-logger.py->__console->logger line:46: find__ 点击"点击确认注册",定位方法: id-->com.mmc.fengshui.pass:id/linghit_login_confirm_btn line31
[INFO]--2022-03-23 18:53:29,096-logger.py->__console->logger line:46: find__ 点击"输入手机号",定位方法: id-->com.mmc.fengshui.pass:id/linghit_login_phone_number_et line31
[INFO]--2022-03-23 18:53:29,558-logger.py->__console->logger line:46: find__ 点击"输入验证码",定位方法: id-->com.mmc.fengshui.pass:id/linghit_login_virfy_number_et line31
[INFO]--2022-03-23 18:53:30,484-logger.py->__console->logger line:46: find__ 点击"输入密码",定位方法: id-->com.mmc.fengshui.pass:id/linghit_login_password_et line31
[INFO]--2022-03-23 18:53:33,511-logger.py->__console->logger line:46: find__ 点击"输入手机号",定位方法: id-->com.mmc.fengshui.pass:id/linghit_login_phone_number_et line31
[INFO]--2022-03-23 18:53:35,074-logger.py->__console->logger line:46: find__ 点击"输入验证码",定位方法: id-->com.mmc.fengshui.pass:id/linghit_login_virfy_number_et line31
[INFO]--2022-03-23 18:53:36,630-logger.py->__console->logger line:46: find__ 点击"输入密码",定位方法: id-->com.mmc.fengshui.pass:id/linghit_login_password_et line31
[INFO]--2022-03-23 18:53:38,221-logger.py->__console->logger line:46: find__ 点击"点击确认注册",定位方法: id-->com.mmc.fengshui.pass:id/linghit_login_confirm_btn line31
[INFO]--2022-03-23 18:54:20,620-logger.py->__console->logger line:46: find__ 点击"输入手机号",定位方法: id-->com.mmc.fengshui.pass:id/linghit_login_phone_number_et line31
[INFO]--2022-03-23 18:54:21,100-logger.py->__console->logger line:46: find__ 点击"输入验证码",定位方法: id-->com.mmc.fengshui.pass:id/linghit_login_virfy_number_et line31
[INFO]--2022-03-23 18:54:22,006-logger.py->__console->logger line:46: find__ 点击"输入密码",定位方法: id-->com.mmc.fengshui.pass:id/linghit_login_password_et line31
[INFO]--2022-03-23 18:54:26,530-logger.py->__console->logger line:46: find__ 点击"点击忘记密码?",定位方法: text-->忘记密码? line31
[INFO]--2022-03-23 18:54:28,587-logger.py->__console->logger line:46: find__ 点击"点击手机号找回密码",定位方法: text-->手机号找回密码 line31
[INFO]--2022-03-23 18:54:31,666-logger.py->__console->logger line:46: find__ 点击"点击地区",定位方法: id-->com.mmc.fengshui.pass:id/linghit_login_phone_number_area_btn line31
[INFO]--2022-03-23 18:54:32,705-logger.py->__console->logger line:46: find__ 点击"点击选择中国大陆",定位方法: text-->中国大陆 +86 line31
[INFO]--2022-03-23 18:54:36,332-logger.py->__console->logger line:46: find__ 点击"点击保存",定位方法: id-->com.mmc.fengshui.pass:id/linghit_login_confirm_btn line31
[INFO]--2022-03-23 18:54:39,401-logger.py->__console->logger line:46: find__ 点击"输入手机号",定位方法: id-->com.mmc.fengshui.pass:id/linghit_login_phone_number_et line31
[INFO]--2022-03-23 18:54:40,948-logger.py->__console->logger line:46: find__ 点击"点击保存",定位方法: id-->com.mmc.fengshui.pass:id/linghit_login_confirm_btn line31
[INFO]--2022-03-23 18:54:43,048-logger.py->__console->logger line:46: find__ 点击"输入手机号",定位方法: id-->com.mmc.fengshui.pass:id/linghit_login_phone_number_et line31
[INFO]--2022-03-23 18:54:45,552-logger.py->__console->logger line:46: find__ 点击"输入手机号",定位方法: id-->com.mmc.fengshui.pass:id/linghit_login_phone_number_et line31
[INFO]--2022-03-23 18:54:47,129-logger.py->__console->logger line:46: find__ 点击"点击保存",定位方法: id-->com.mmc.fengshui.pass:id/linghit_login_confirm_btn line31
[INFO]--2022-03-23 18:54:49,198-logger.py->__console->logger line:46: find__ 点击"输入手机号",定位方法: id-->com.mmc.fengshui.pass:id/linghit_login_phone_number_et line31
[INFO]--2022-03-23 18:54:51,716-logger.py->__console->logger line:46: find__ 点击"输入手机号",定位方法: id-->com.mmc.fengshui.pass:id/linghit_login_phone_number_et line31
[INFO]--2022-03-23 18:54:53,276-logger.py->__console->logger line:46: find__ 点击"输入验证码",定位方法: id-->com.mmc.fengshui.pass:id/linghit_login_virfy_number_et line31
[INFO]--2022-03-23 18:54:53,832-logger.py->__console->logger line:46: find__ 点击"点击保存",定位方法: id-->com.mmc.fengshui.pass:id/linghit_login_confirm_btn line31
[INFO]--2022-03-23 18:54:56,390-logger.py->__console->logger line:46: find__ 点击"输入手机号",定位方法: id-->com.mmc.fengshui.pass:id/linghit_login_phone_number_et line31
[INFO]--2022-03-23 18:54:56,916-logger.py->__console->logger line:46: find__ 点击"输入验证码",定位方法: id-->com.mmc.fengshui.pass:id/linghit_login_virfy_number_et line31
[INFO]--2022-03-23 18:54:59,939-logger.py->__console->logger line:46: find__ 点击"输入手机号",定位方法: id-->com.mmc.fengshui.pass:id/linghit_login_phone_number_et line31
[INFO]--2022-03-23 18:55:01,639-logger.py->__console->logger line:46: find__ 点击"输入验证码",定位方法: id-->com.mmc.fengshui.pass:id/linghit_login_virfy_number_et line31
[INFO]--2022-03-23 18:55:03,213-logger.py->__console->logger line:46: find__ 点击"输入新密码",定位方法: text-->新密码(6–18位字母或者数字) line31
[INFO]--2022-03-23 18:55:04,786-logger.py->__console->logger line:46: find__ 点击"点击保存",定位方法: id-->com.mmc.fengshui.pass:id/linghit_login_confirm_btn line31
[INFO]--2022-03-23 18:55:47,178-logger.py->__console->logger line:46: find__ 点击"输入手机号",定位方法: id-->com.mmc.fengshui.pass:id/linghit_login_phone_number_et line31
[INFO]--2022-03-23 18:55:47,679-logger.py->__console->logger line:46: find__ 点击"输入验证码",定位方法: id-->com.mmc.fengshui.pass:id/linghit_login_virfy_number_et line31
[INFO]--2022-03-23 18:55:48,596-logger.py->__console->logger line:46: find__ 点击"清空输入密码",定位方法: id-->com.mmc.fengshui.pass:id/linghit_login_password_et line31
[INFO]--2022-03-23 18:55:51,582-logger.py->__console->logger line:46: find__ 点击"输入手机号",定位方法: id-->com.mmc.fengshui.pass:id/linghit_login_phone_number_et line31
[INFO]--2022-03-23 18:55:53,133-logger.py->__console->logger line:46: find__ 点击"输入验证码",定位方法: id-->com.mmc.fengshui.pass:id/linghit_login_virfy_number_et line31
[INFO]--2022-03-23 18:55:54,684-logger.py->__console->logger line:46: find__ 点击"输入新密码",定位方法: text-->新密码(6–18位字母或者数字) line31
[INFO]--2022-03-23 18:55:56,275-logger.py->__console->logger line:46: find__ 点击"点击保存",定位方法: id-->com.mmc.fengshui.pass:id/linghit_login_confirm_btn line31
[INFO]--2022-03-23 18:55:58,367-logger.py->__console->logger line:46: find__ 点击"输入手机号",定位方法: id-->com.mmc.fengshui.pass:id/linghit_login_phone_number_et line31
[INFO]--2022-03-23 18:55:58,898-logger.py->__console->logger line:46: find__ 点击"输入验证码",定位方法: id-->com.mmc.fengshui.pass:id/linghit_login_virfy_number_et line31
[INFO]--2022-03-23 18:55:59,750-logger.py->__console->logger line:46: find__ 点击"清空输入密码",定位方法: id-->com.mmc.fengshui.pass:id/linghit_login_password_et line31
[INFO]--2022-03-23 18:56:03,073-logger.py->__console->logger line:46: find__ 点击"输入手机号",定位方法: id-->com.mmc.fengshui.pass:id/linghit_login_phone_number_et line31
[INFO]--2022-03-23 18:56:04,653-logger.py->__console->logger line:46: find__ 点击"输入验证码",定位方法: id-->com.mmc.fengshui.pass:id/linghit_login_virfy_number_et line31
[INFO]--2022-03-23 18:56:06,219-logger.py->__console->logger line:46: find__ 点击"输入新密码",定位方法: text-->新密码(6–18位字母或者数字) line31
[INFO]--2022-03-23 18:56:07,810-logger.py->__console->logger line:46: find__ 点击"再次输入密码",定位方法: text-->请再次输入新密码 line31
[INFO]--2022-03-23 18:56:08,377-logger.py->__console->logger line:46: find__ 点击"点击保存",定位方法: id-->com.mmc.fengshui.pass:id/linghit_login_confirm_btn line31
[INFO]--2022-03-23 18:56:13,965-logger.py->__console->logger line:46: find__ 点击"点击忘记密码?",定位方法: text-->忘记密码? line31
[INFO]--2022-03-23 18:56:16,009-logger.py->__console->logger line:46: find__ 点击"点击手机号找回密码",定位方法: text-->手机号找回密码 line31
[INFO]--2022-03-23 18:56:19,109-logger.py->__console->logger line:46: find__ 点击"输入手机号",定位方法: id-->com.mmc.fengshui.pass:id/linghit_login_phone_number_et line31
[INFO]--2022-03-23 18:56:20,665-logger.py->__console->logger line:46: find__ 点击"输入验证码",定位方法: id-->com.mmc.fengshui.pass:id/linghit_login_virfy_number_et line31
[INFO]--2022-03-23 18:56:22,226-logger.py->__console->logger line:46: find__ 点击"输入新密码",定位方法: text-->新密码(6–18位字母或者数字) line31
[INFO]--2022-03-23 18:56:23,794-logger.py->__console->logger line:46: find__ 点击"再次输入密码",定位方法: text-->请再次输入新密码 line31
[INFO]--2022-03-23 18:56:24,361-logger.py->__console->logger line:46: find__ 点击"点击保存",定位方法: id-->com.mmc.fengshui.pass:id/linghit_login_confirm_btn line31
[INFO]--2022-03-23 18:57:07,457-logger.py->__console->logger line:46: find__ 点击"输入手机号",定位方法: id-->com.mmc.fengshui.pass:id/linghit_login_phone_number_et line31
[INFO]--2022-03-23 18:57:07,924-logger.py->__console->logger line:46: find__ 点击"输入验证码",定位方法: id-->com.mmc.fengshui.pass:id/linghit_login_virfy_number_et line31
[INFO]--2022-03-23 18:57:08,726-logger.py->__console->logger line:46: find__ 点击"清空输入密码",定位方法: id-->com.mmc.fengshui.pass:id/linghit_login_password_et line31
[INFO]--2022-03-23 18:57:31,367-logger.py->__console->logger line:46: find__ 点击"点击密码登录",定位方法: text-->账号密码登录 line31
[INFO]--2022-03-23 18:57:33,433-logger.py->__console->logger line:46: find__ 点击"点击登录",定位方法: text-->登录 line31
[INFO]--2022-03-23 18:57:38,128-logger.py->__console->logger line:46: find__ 点击"点击勾选用户协议",定位方法: id-->com.mmc.fengshui.pass:id/linghit_quick_checkbox line31
[INFO]--2022-03-23 18:57:40,171-logger.py->__console->logger line:46: find__ 点击"点击登录",定位方法: text-->登录 line31
[INFO]--2022-03-23 18:57:42,761-logger.py->__console->logger line:46: find__ 点击"点击勾选用户协议",定位方法: id-->com.mmc.fengshui.pass:id/linghit_quick_checkbox line31
[INFO]--2022-03-23 18:57:48,826-logger.py->__console->logger line:46: find__ 点击"点击勾选用户协议",定位方法: id-->com.mmc.fengshui.pass:id/linghit_quick_checkbox line31
[INFO]--2022-03-23 18:57:50,877-logger.py->__console->logger line:46: find__ 点击"账号输入",定位方法: id-->com.mmc.fengshui.pass:id/linghit_login_phone_number_et line31
[INFO]--2022-03-23 18:57:51,444-logger.py->__console->logger line:46: find__ 点击"点击登录",定位方法: text-->登录 line31
[INFO]--2022-03-23 18:57:52,517-logger.py->__console->logger line:46: find__ 点击"账号输入",定位方法: id-->com.mmc.fengshui.pass:id/linghit_login_phone_number_et line31
[INFO]--2022-03-23 18:57:55,035-logger.py->__console->logger line:46: find__ 点击"点击勾选用户协议",定位方法: id-->com.mmc.fengshui.pass:id/linghit_quick_checkbox line31
[INFO]--2022-03-23 18:58:01,148-logger.py->__console->logger line:46: find__ 点击"点击勾选用户协议",定位方法: id-->com.mmc.fengshui.pass:id/linghit_quick_checkbox line31
[INFO]--2022-03-23 18:58:03,201-logger.py->__console->logger line:46: find__ 点击"账号输入",定位方法: id-->com.mmc.fengshui.pass:id/linghit_login_phone_number_et line31
[INFO]--2022-03-23 18:58:03,771-logger.py->__console->logger line:46: find__ 点击"输入密码",定位方法: id-->com.mmc.fengshui.pass:id/linghit_login_password_et line31
[INFO]--2022-03-23 18:58:04,797-logger.py->__console->logger line:46: find__ 点击"点击登录",定位方法: text-->登录 line31
[INFO]--2022-03-23 18:58:06,273-logger.py->__console->logger line:46: find__ 点击"账号输入",定位方法: id-->com.mmc.fengshui.pass:id/linghit_login_phone_number_et line31
[INFO]--2022-03-23 18:58:06,746-logger.py->__console->logger line:46: find__ 点击"输入密码",定位方法: id-->com.mmc.fengshui.pass:id/linghit_login_password_et line31
[INFO]--2022-03-23 18:58:09,657-logger.py->__console->logger line:46: find__ 点击"点击勾选用户协议",定位方法: id-->com.mmc.fengshui.pass:id/linghit_quick_checkbox line31
[INFO]--2022-03-23 18:58:15,700-logger.py->__console->logger line:46: find__ 点击"点击勾选用户协议",定位方法: id-->com.mmc.fengshui.pass:id/linghit_quick_checkbox line31
[INFO]--2022-03-23 18:58:17,752-logger.py->__console->logger line:46: find__ 点击"账号输入",定位方法: id-->com.mmc.fengshui.pass:id/linghit_login_phone_number_et line31
[INFO]--2022-03-23 18:58:18,295-logger.py->__console->logger line:46: find__ 点击"输入密码",定位方法: id-->com.mmc.fengshui.pass:id/linghit_login_password_et line31
[INFO]--2022-03-23 18:58:19,340-logger.py->__console->logger line:46: find__ 点击"点击登录",定位方法: text-->登录 line31
[INFO]--2022-03-23 18:58:20,938-logger.py->__console->logger line:46: find__ 点击"账号输入",定位方法: id-->com.mmc.fengshui.pass:id/linghit_login_phone_number_et line31
[INFO]--2022-03-23 18:58:21,579-logger.py->__console->logger line:46: find__ 点击"输入密码",定位方法: id-->com.mmc.fengshui.pass:id/linghit_login_password_et line31
[INFO]--2022-03-23 18:58:24,375-logger.py->__console->logger line:46: find__ 点击"点击勾选用户协议",定位方法: id-->com.mmc.fengshui.pass:id/linghit_quick_checkbox line31
[INFO]--2022-03-23 18:58:28,423-logger.py->__console->logger line:46: find__ 点击"点击勾选用户协议",定位方法: id-->com.mmc.fengshui.pass:id/linghit_quick_checkbox line31
[INFO]--2022-03-23 18:58:32,482-logger.py->__console->logger line:46: find__ 点击"点击登录",定位方法: text-->登录 line31
[INFO]--2022-03-23 18:58:34,551-logger.py->__console->logger line:46: find__ 点击"账号输入",定位方法: id-->com.mmc.fengshui.pass:id/linghit_login_phone_number_et line31
[INFO]--2022-03-23 18:58:35,105-logger.py->__console->logger line:46: find__ 点击"输入密码",定位方法: id-->com.mmc.fengshui.pass:id/linghit_login_password_et line31
[INFO]--2022-03-23 18:58:38,143-logger.py->__console->logger line:46: find__ 点击"点击登录",定位方法: text-->登录 line31
[INFO]--2022-03-23 18:58:40,199-logger.py->__console->logger line:46: find__ 点击"查看我的优惠券",定位方法: text-->查看我的优惠券 line31
[INFO]--2022-03-23 19:01:22,078-logger.py->__console->logger line:46: find__ 点击"关闭广告弹框",定位方法: id-->com.mmc.fengshui.pass:id/vDialogLeftClose line31
[INFO]--2022-03-23 19:01:22,775-logger.py->__console->logger line:46: find__ 点击"关闭抽签广告",定位方法: id-->com.mmc.fengshui.pass:id/vDialogRightClose line31
[INFO]--2022-03-23 19:01:23,907-logger.py->__console->logger line:46: find__ 点击"关闭家居风水广告",定位方法: id-->com.mmc.fengshui.pass:id/vDialogClose line31
[INFO]--2022-03-23 19:01:27,033-logger.py->__console->logger line:46: find__ 点击"点击课程tab",定位方法: id-->com.mmc.fengshui.pass:id/vBCNavigationTab5 line31
[INFO]--2022-03-23 19:01:30,119-logger.py->__console->logger line:46: find__ 点击"点击头像",定位方法: id-->com.mmc.fengshui.pass:id/ivUserAvatar line31
[INFO]--2022-03-23 19:01:33,250-logger.py->__console->logger line:46: find__ 点击"点击本机号码登录",定位方法: text-->本机号码一键登录 line31
[INFO]--2022-03-23 19:01:36,346-logger.py->__console->logger line:46: find__ 点击"点击服务协议",定位方法: text-->《服务协议》 line31
[INFO]--2022-03-23 19:01:42,697-logger.py->__console->logger line:46: find__ 点击"点击隐私政策",定位方法: text-->《隐私政策》 line31
[INFO]--2022-03-23 19:01:48,931-logger.py->__console->logger line:46: find__ 点击"点击其他方式登录",定位方法: text-->其他方式登录 line31
[INFO]--2022-03-23 19:01:50,991-logger.py->__console->logger line:46: find__ 点击"点击注册",定位方法: text-->注册 line31
[INFO]--2022-03-23 19:01:53,042-logger.py->__console->logger line:46: find__ 点击"点击地区",定位方法: id-->com.mmc.fengshui.pass:id/linghit_login_phone_number_area_btn line31
[INFO]--2022-03-23 19:01:54,085-logger.py->__console->logger line:46: find__ 点击"点击选择中国大陆",定位方法: text-->中国大陆 +86 line31
[INFO]--2022-03-23 19:01:57,736-logger.py->__console->logger line:46: find__ 点击"点击确认注册",定位方法: id-->com.mmc.fengshui.pass:id/linghit_login_confirm_btn line31
[INFO]--2022-03-23 19:02:41,388-logger.py->__console->logger line:46: find__ 点击"点击勾选用户协议",定位方法: id-->com.mmc.fengshui.pass:id/linghit_login_accept_ck line31
[INFO]--2022-03-23 19:02:42,447-logger.py->__console->logger line:46: find__ 点击"点击确认注册",定位方法: id-->com.mmc.fengshui.pass:id/linghit_login_confirm_btn line31
[INFO]--2022-03-23 19:02:45,526-logger.py->__console->logger line:46: find__ 点击"输入手机号",定位方法: id-->com.mmc.fengshui.pass:id/linghit_login_phone_number_et line31
[INFO]--2022-03-23 19:02:47,081-logger.py->__console->logger line:46: find__ 点击"点击确认注册",定位方法: id-->com.mmc.fengshui.pass:id/linghit_login_confirm_btn line31
[INFO]--2022-03-23 19:02:49,158-logger.py->__console->logger line:46: find__ 点击"输入手机号",定位方法: id-->com.mmc.fengshui.pass:id/linghit_login_phone_number_et line31
[INFO]--2022-03-23 19:02:51,769-logger.py->__console->logger line:46: find__ 点击"输入手机号",定位方法: id-->com.mmc.fengshui.pass:id/linghit_login_phone_number_et line31
[INFO]--2022-03-23 19:02:53,337-logger.py->__console->logger line:46: find__ 点击"点击确认注册",定位方法: id-->com.mmc.fengshui.pass:id/linghit_login_confirm_btn line31
[INFO]--2022-03-23 19:02:55,409-logger.py->__console->logger line:46: find__ 点击"输入手机号",定位方法: id-->com.mmc.fengshui.pass:id/linghit_login_phone_number_et line31
[INFO]--2022-03-23 19:02:57,964-logger.py->__console->logger line:46: find__ 点击"输入手机号",定位方法: id-->com.mmc.fengshui.pass:id/linghit_login_phone_number_et line31
[INFO]--2022-03-23 19:02:59,547-logger.py->__console->logger line:46: find__ 点击"输入验证码",定位方法: id-->com.mmc.fengshui.pass:id/linghit_login_virfy_number_et line31
[INFO]--2022-03-23 19:03:00,638-logger.py->__console->logger line:46: find__ 点击"点击确认注册",定位方法: id-->com.mmc.fengshui.pass:id/linghit_login_confirm_btn line31
[INFO]--2022-03-23 19:03:03,209-logger.py->__console->logger line:46: find__ 点击"输入手机号",定位方法: id-->com.mmc.fengshui.pass:id/linghit_login_phone_number_et line31
[INFO]--2022-03-23 19:03:03,753-logger.py->__console->logger line:46: find__ 点击"输入验证码",定位方法: id-->com.mmc.fengshui.pass:id/linghit_login_virfy_number_et line31
[INFO]--2022-03-23 19:03:06,627-logger.py->__console->logger line:46: find__ 点击"输入手机号",定位方法: id-->com.mmc.fengshui.pass:id/linghit_login_phone_number_et line31
[INFO]--2022-03-23 19:03:08,167-logger.py->__console->logger line:46: find__ 点击"输入验证码",定位方法: id-->com.mmc.fengshui.pass:id/linghit_login_virfy_number_et line31
[INFO]--2022-03-23 19:03:09,742-logger.py->__console->logger line:46: find__ 点击"输入密码",定位方法: id-->com.mmc.fengshui.pass:id/linghit_login_password_et line31
[INFO]--2022-03-23 19:03:11,310-logger.py->__console->logger line:46: find__ 点击"点击确认注册",定位方法: id-->com.mmc.fengshui.pass:id/linghit_login_confirm_btn line31
[INFO]--2022-03-23 19:03:53,624-logger.py->__console->logger line:46: find__ 点击"输入手机号",定位方法: id-->com.mmc.fengshui.pass:id/linghit_login_phone_number_et line31
[INFO]--2022-03-23 19:03:54,122-logger.py->__console->logger line:46: find__ 点击"输入验证码",定位方法: id-->com.mmc.fengshui.pass:id/linghit_login_virfy_number_et line31
[INFO]--2022-03-23 19:03:55,150-logger.py->__console->logger line:46: find__ 点击"输入密码",定位方法: id-->com.mmc.fengshui.pass:id/linghit_login_password_et line31
[INFO]--2022-03-23 19:03:57,997-logger.py->__console->logger line:46: find__ 点击"输入手机号",定位方法: id-->com.mmc.fengshui.pass:id/linghit_login_phone_number_et line31
[INFO]--2022-03-23 19:03:59,574-logger.py->__console->logger line:46: find__ 点击"输入验证码",定位方法: id-->com.mmc.fengshui.pass:id/linghit_login_virfy_number_et line31
[INFO]--2022-03-23 19:04:01,629-logger.py->__console->logger line:46: find__ 点击"输入密码",定位方法: id-->com.mmc.fengshui.pass:id/linghit_login_password_et line31
[INFO]--2022-03-23 19:04:03,206-logger.py->__console->logger line:46: find__ 点击"点击确认注册",定位方法: id-->com.mmc.fengshui.pass:id/linghit_login_confirm_btn line31
[INFO]--2022-03-23 19:04:45,468-logger.py->__console->logger line:46: find__ 点击"输入手机号",定位方法: id-->com.mmc.fengshui.pass:id/linghit_login_phone_number_et line31
[INFO]--2022-03-23 19:04:46,132-logger.py->__console->logger line:46: find__ 点击"输入验证码",定位方法: id-->com.mmc.fengshui.pass:id/linghit_login_virfy_number_et line31
[INFO]--2022-03-23 19:04:46,869-logger.py->__console->logger line:46: find__ 点击"输入密码",定位方法: id-->com.mmc.fengshui.pass:id/linghit_login_password_et line31
[INFO]--2022-03-23 19:04:50,602-logger.py->__console->logger line:46: find__ 点击"点击忘记密码?",定位方法: text-->忘记密码? line31
[INFO]--2022-03-23 19:04:52,647-logger.py->__console->logger line:46: find__ 点击"点击手机号找回密码",定位方法: text-->手机号找回密码 line31
[INFO]--2022-03-23 19:04:55,764-logger.py->__console->logger line:46: find__ 点击"点击地区",定位方法: id-->com.mmc.fengshui.pass:id/linghit_login_phone_number_area_btn line31
[INFO]--2022-03-23 19:04:56,843-logger.py->__console->logger line:46: find__ 点击"点击选择中国大陆",定位方法: text-->中国大陆 +86 line31
[INFO]--2022-03-23 19:04:59,915-logger.py->__console->logger line:46: find__ 点击"点击保存",定位方法: id-->com.mmc.fengshui.pass:id/linghit_login_confirm_btn line31
[INFO]--2022-03-23 19:05:03,015-logger.py->__console->logger line:46: find__ 点击"输入手机号",定位方法: id-->com.mmc.fengshui.pass:id/linghit_login_phone_number_et line31
[INFO]--2022-03-23 19:05:04,570-logger.py->__console->logger line:46: find__ 点击"点击保存",定位方法: id-->com.mmc.fengshui.pass:id/linghit_login_confirm_btn line31
[INFO]--2022-03-23 19:05:06,632-logger.py->__console->logger line:46: find__ 点击"输入手机号",定位方法: id-->com.mmc.fengshui.pass:id/linghit_login_phone_number_et line31
[INFO]--2022-03-23 19:05:09,096-logger.py->__console->logger line:46: find__ 点击"输入手机号",定位方法: id-->com.mmc.fengshui.pass:id/linghit_login_phone_number_et line31
[INFO]--2022-03-23 19:05:10,672-logger.py->__console->logger line:46: find__ 点击"点击保存",定位方法: id-->com.mmc.fengshui.pass:id/linghit_login_confirm_btn line31
[INFO]--2022-03-23 19:05:12,748-logger.py->__console->logger line:46: find__ 点击"输入手机号",定位方法: id-->com.mmc.fengshui.pass:id/linghit_login_phone_number_et line31
[INFO]--2022-03-23 19:05:15,248-logger.py->__console->logger line:46: find__ 点击"输入手机号",定位方法: id-->com.mmc.fengshui.pass:id/linghit_login_phone_number_et line31
[INFO]--2022-03-23 19:05:16,825-logger.py->__console->logger line:46: find__ 点击"输入验证码",定位方法: id-->com.mmc.fengshui.pass:id/linghit_login_virfy_number_et line31
[INFO]--2022-03-23 19:05:17,369-logger.py->__console->logger line:46: find__ 点击"点击保存",定位方法: id-->com.mmc.fengshui.pass:id/linghit_login_confirm_btn line31
[INFO]--2022-03-23 19:05:19,944-logger.py->__console->logger line:46: find__ 点击"输入手机号",定位方法: id-->com.mmc.fengshui.pass:id/linghit_login_phone_number_et line31
[INFO]--2022-03-23 19:05:20,460-logger.py->__console->logger line:46: find__ 点击"输入验证码",定位方法: id-->com.mmc.fengshui.pass:id/linghit_login_virfy_number_et line31
[INFO]--2022-03-23 19:05:23,478-logger.py->__console->logger line:46: find__ 点击"输入手机号",定位方法: id-->com.mmc.fengshui.pass:id/linghit_login_phone_number_et line31
[INFO]--2022-03-23 19:05:25,018-logger.py->__console->logger line:46: find__ 点击"输入验证码",定位方法: id-->com.mmc.fengshui.pass:id/linghit_login_virfy_number_et line31
[INFO]--2022-03-23 19:05:26,591-logger.py->__console->logger line:46: find__ 点击"输入新密码",定位方法: text-->新密码(6–18位字母或者数字) line31
[INFO]--2022-03-23 19:05:28,153-logger.py->__console->logger line:46: find__ 点击"点击保存",定位方法: id-->com.mmc.fengshui.pass:id/linghit_login_confirm_btn line31
[INFO]--2022-03-23 19:06:10,771-logger.py->__console->logger line:46: find__ 点击"输入手机号",定位方法: id-->com.mmc.fengshui.pass:id/linghit_login_phone_number_et line31
[INFO]--2022-03-23 19:06:11,302-logger.py->__console->logger line:46: find__ 点击"输入验证码",定位方法: id-->com.mmc.fengshui.pass:id/linghit_login_virfy_number_et line31
[INFO]--2022-03-23 19:06:12,209-logger.py->__console->logger line:46: find__ 点击"清空输入密码",定位方法: id-->com.mmc.fengshui.pass:id/linghit_login_password_et line31
[INFO]--2022-03-23 19:06:15,194-logger.py->__console->logger line:46: find__ 点击"输入手机号",定位方法: id-->com.mmc.fengshui.pass:id/linghit_login_phone_number_et line31
[INFO]--2022-03-23 19:06:16,770-logger.py->__console->logger line:46: find__ 点击"输入验证码",定位方法: id-->com.mmc.fengshui.pass:id/linghit_login_virfy_number_et line31
[INFO]--2022-03-23 19:06:18,325-logger.py->__console->logger line:46: find__ 点击"输入新密码",定位方法: text-->新密码(6–18位字母或者数字) line31
[INFO]--2022-03-23 19:06:19,957-logger.py->__console->logger line:46: find__ 点击"点击保存",定位方法: id-->com.mmc.fengshui.pass:id/linghit_login_confirm_btn line31
[INFO]--2022-03-23 19:06:22,047-logger.py->__console->logger line:46: find__ 点击"输入手机号",定位方法: id-->com.mmc.fengshui.pass:id/linghit_login_phone_number_et line31
[INFO]--2022-03-23 19:06:22,545-logger.py->__console->logger line:46: find__ 点击"输入验证码",定位方法: id-->com.mmc.fengshui.pass:id/linghit_login_virfy_number_et line31
[INFO]--2022-03-23 19:06:23,456-logger.py->__console->logger line:46: find__ 点击"清空输入密码",定位方法: id-->com.mmc.fengshui.pass:id/linghit_login_password_et line31
[INFO]--2022-03-23 19:06:26,466-logger.py->__console->logger line:46: find__ 点击"输入手机号",定位方法: id-->com.mmc.fengshui.pass:id/linghit_login_phone_number_et line31
[INFO]--2022-03-23 19:06:28,038-logger.py->__console->logger line:46: find__ 点击"输入验证码",定位方法: id-->com.mmc.fengshui.pass:id/linghit_login_virfy_number_et line31
[INFO]--2022-03-23 19:06:29,596-logger.py->__console->logger line:46: find__ 点击"输入新密码",定位方法: text-->新密码(6–18位字母或者数字) line31
[INFO]--2022-03-23 19:06:31,182-logger.py->__console->logger line:46: find__ 点击"再次输入密码",定位方法: text-->请再次输入新密码 line31
[INFO]--2022-03-23 19:06:31,743-logger.py->__console->logger line:46: find__ 点击"点击保存",定位方法: id-->com.mmc.fengshui.pass:id/linghit_login_confirm_btn line31
[INFO]--2022-03-23 19:06:37,315-logger.py->__console->logger line:46: find__ 点击"点击忘记密码?",定位方法: text-->忘记密码? line31
[INFO]--2022-03-23 19:06:39,355-logger.py->__console->logger line:46: find__ 点击"点击手机号找回密码",定位方法: text-->手机号找回密码 line31
[INFO]--2022-03-23 19:06:42,445-logger.py->__console->logger line:46: find__ 点击"输入手机号",定位方法: id-->com.mmc.fengshui.pass:id/linghit_login_phone_number_et line31
[INFO]--2022-03-23 19:06:43,999-logger.py->__console->logger line:46: find__ 点击"输入验证码",定位方法: id-->com.mmc.fengshui.pass:id/linghit_login_virfy_number_et line31
[INFO]--2022-03-23 19:06:45,545-logger.py->__console->logger line:46: find__ 点击"输入新密码",定位方法: text-->新密码(6–18位字母或者数字) line31
[INFO]--2022-03-23 19:06:47,095-logger.py->__console->logger line:46: find__ 点击"再次输入密码",定位方法: text-->请再次输入新密码 line31
[INFO]--2022-03-23 19:06:47,646-logger.py->__console->logger line:46: find__ 点击"点击保存",定位方法: id-->com.mmc.fengshui.pass:id/linghit_login_confirm_btn line31
[INFO]--2022-03-23 19:06:53,285-logger.py->__console->logger line:46: find__ 点击"点击忘记密码?",定位方法: text-->忘记密码? line31
[INFO]--2022-03-23 19:06:55,347-logger.py->__console->logger line:46: find__ 点击"点击手机号找回密码",定位方法: text-->手机号找回密码 line31
[INFO]--2022-03-23 19:06:58,400-logger.py->__console->logger line:46: find__ 点击"输入手机号",定位方法: id-->com.mmc.fengshui.pass:id/linghit_login_phone_number_et line31
[INFO]--2022-03-23 19:06:59,967-logger.py->__console->logger line:46: find__ 点击"输入验证码",定位方法: id-->com.mmc.fengshui.pass:id/linghit_login_virfy_number_et line31
[INFO]--2022-03-23 19:07:01,629-logger.py->__console->logger line:46: find__ 点击"输入新密码",定位方法: text-->新密码(6–18位字母或者数字) line31
[INFO]--2022-03-23 19:07:03,209-logger.py->__console->logger line:46: find__ 点击"再次输入密码",定位方法: text-->请再次输入新密码 line31
[INFO]--2022-03-23 19:07:03,778-logger.py->__console->logger line:46: find__ 点击"点击保存",定位方法: id-->com.mmc.fengshui.pass:id/linghit_login_confirm_btn line31
[INFO]--2022-03-23 19:07:07,128-logger.py->__console->logger line:46: find__ 点击"输入手机号",定位方法: id-->com.mmc.fengshui.pass:id/linghit_login_phone_number_et line31
[INFO]--2022-03-23 19:07:07,801-logger.py->__console->logger line:46: find__ 点击"输入验证码",定位方法: id-->com.mmc.fengshui.pass:id/linghit_login_virfy_number_et line31
[INFO]--2022-03-23 19:07:08,255-logger.py->__console->logger line:46: find__ 点击"清空输入密码",定位方法: id-->com.mmc.fengshui.pass:id/linghit_login_password_et line31
[INFO]--2022-03-23 19:07:30,976-logger.py->__console->logger line:46: find__ 点击"点击密码登录",定位方法: text-->账号密码登录 line31
[INFO]--2022-03-23 19:07:33,031-logger.py->__console->logger line:46: find__ 点击"点击登录",定位方法: text-->登录 line31
[INFO]--2022-03-23 19:07:37,723-logger.py->__console->logger line:46: find__ 点击"点击勾选用户协议",定位方法: id-->com.mmc.fengshui.pass:id/linghit_quick_checkbox line31
[INFO]--2022-03-23 19:07:39,772-logger.py->__console->logger line:46: find__ 点击"点击登录",定位方法: text-->登录 line31
[INFO]--2022-03-23 19:07:42,364-logger.py->__console->logger line:46: find__ 点击"点击勾选用户协议",定位方法: id-->com.mmc.fengshui.pass:id/linghit_quick_checkbox line31
[INFO]--2022-03-23 19:07:48,409-logger.py->__console->logger line:46: find__ 点击"点击勾选用户协议",定位方法: id-->com.mmc.fengshui.pass:id/linghit_quick_checkbox line31
[INFO]--2022-03-23 19:07:50,447-logger.py->__console->logger line:46: find__ 点击"账号输入",定位方法: id-->com.mmc.fengshui.pass:id/linghit_login_phone_number_et line31
[INFO]--2022-03-23 19:07:50,985-logger.py->__console->logger line:46: find__ 点击"点击登录",定位方法: text-->登录 line31
[INFO]--2022-03-23 19:07:52,083-logger.py->__console->logger line:46: find__ 点击"账号输入",定位方法: id-->com.mmc.fengshui.pass:id/linghit_login_phone_number_et line31
[INFO]--2022-03-23 19:07:54,573-logger.py->__console->logger line:46: find__ 点击"点击勾选用户协议",定位方法: id-->com.mmc.fengshui.pass:id/linghit_quick_checkbox line31
[INFO]--2022-03-23 19:08:00,616-logger.py->__console->logger line:46: find__ 点击"点击勾选用户协议",定位方法: id-->com.mmc.fengshui.pass:id/linghit_quick_checkbox line31
[INFO]--2022-03-23 19:08:02,676-logger.py->__console->logger line:46: find__ 点击"账号输入",定位方法: id-->com.mmc.fengshui.pass:id/linghit_login_phone_number_et line31
[INFO]--2022-03-23 19:08:03,259-logger.py->__console->logger line:46: find__ 点击"输入密码",定位方法: id-->com.mmc.fengshui.pass:id/linghit_login_password_et line31
[INFO]--2022-03-23 19:08:04,310-logger.py->__console->logger line:46: find__ 点击"点击登录",定位方法: text-->登录 line31
[INFO]--2022-03-23 19:08:06,028-logger.py->__console->logger line:46: find__ 点击"账号输入",定位方法: id-->com.mmc.fengshui.pass:id/linghit_login_phone_number_et line31
[INFO]--2022-03-23 19:08:06,497-logger.py->__console->logger line:46: find__ 点击"输入密码",定位方法: id-->com.mmc.fengshui.pass:id/linghit_login_password_et line31
[INFO]--2022-03-23 19:08:09,447-logger.py->__console->logger line:46: find__ 点击"点击勾选用户协议",定位方法: id-->com.mmc.fengshui.pass:id/linghit_quick_checkbox line31
[INFO]--2022-03-23 19:08:15,511-logger.py->__console->logger line:46: find__ 点击"点击勾选用户协议",定位方法: id-->com.mmc.fengshui.pass:id/linghit_quick_checkbox line31
[INFO]--2022-03-23 19:08:17,553-logger.py->__console->logger line:46: find__ 点击"账号输入",定位方法: id-->com.mmc.fengshui.pass:id/linghit_login_phone_number_et line31
[INFO]--2022-03-23 19:08:18,115-logger.py->__console->logger line:46: find__ 点击"输入密码",定位方法: id-->com.mmc.fengshui.pass:id/linghit_login_password_et line31
[INFO]--2022-03-23 19:08:19,172-logger.py->__console->logger line:46: find__ 点击"点击登录",定位方法: text-->登录 line31
[INFO]--2022-03-23 19:08:20,803-logger.py->__console->logger line:46: find__ 点击"账号输入",定位方法: id-->com.mmc.fengshui.pass:id/linghit_login_phone_number_et line31
[INFO]--2022-03-23 19:08:21,331-logger.py->__console->logger line:46: find__ 点击"输入密码",定位方法: id-->com.mmc.fengshui.pass:id/linghit_login_password_et line31
[INFO]--2022-03-23 19:08:24,368-logger.py->__console->logger line:46: find__ 点击"点击勾选用户协议",定位方法: id-->com.mmc.fengshui.pass:id/linghit_quick_checkbox line31
[INFO]--2022-03-23 19:08:28,421-logger.py->__console->logger line:46: find__ 点击"点击勾选用户协议",定位方法: id-->com.mmc.fengshui.pass:id/linghit_quick_checkbox line31
[INFO]--2022-03-23 19:08:32,481-logger.py->__console->logger line:46: find__ 点击"点击登录",定位方法: text-->登录 line31
[INFO]--2022-03-23 19:08:34,540-logger.py->__console->logger line:46: find__ 点击"账号输入",定位方法: id-->com.mmc.fengshui.pass:id/linghit_login_phone_number_et line31
[INFO]--2022-03-23 19:08:35,083-logger.py->__console->logger line:46: find__ 点击"输入密码",定位方法: id-->com.mmc.fengshui.pass:id/linghit_login_password_et line31
[INFO]--2022-03-23 19:08:38,146-logger.py->__console->logger line:46: find__ 点击"点击登录",定位方法: text-->登录 line31
[INFO]--2022-03-23 19:08:40,245-logger.py->__console->logger line:46: find__ 点击"查看我的优惠券",定位方法: text-->查看我的优惠券 line31
